[0.942s] Invoking command in '/home/jay/Documents/AutoDriving-Planning-Control-Algorithm-Simulation-Carla/src/ros-bridge/carla_common': PYTHONPATH=/home/jay/Documents/AutoDriving-Planning-Control-Algorithm-Simulation-Carla/build/carla_common/prefix_override:/home/jay/Documents/AutoDriving-Planning-Control-Algorithm-Simulation-Carla/install/carla_common/lib/python3.8/site-packages:${PYTHONPATH} /usr/bin/python3 setup.py egg_info --egg-base ../../../build/carla_common build --build-base /home/jay/Documents/AutoDriving-Planning-Control-Algorithm-Simulation-Carla/build/carla_common/build install --record /home/jay/Documents/AutoDriving-Planning-Control-Algorithm-Simulation-Carla/build/carla_common/install.log --single-version-externally-managed
[1.084s] running egg_info
[1.084s] creating ../../../build/carla_common/carla_common.egg-info
[1.085s] writing ../../../build/carla_common/carla_common.egg-info/PKG-INFO
[1.085s] writing dependency_links to ../../../build/carla_common/carla_common.egg-info/dependency_links.txt
[1.085s] writing requirements to ../../../build/carla_common/carla_common.egg-info/requires.txt
[1.085s] writing top-level names to ../../../build/carla_common/carla_common.egg-info/top_level.txt
[1.085s] writing manifest file '../../../build/carla_common/carla_common.egg-info/SOURCES.txt'
[1.106s] reading manifest file '../../../build/carla_common/carla_common.egg-info/SOURCES.txt'
[1.107s] writing manifest file '../../../build/carla_common/carla_common.egg-info/SOURCES.txt'
[1.107s] running build
[1.107s] running build_py
[1.107s] creating /home/jay/Documents/AutoDriving-Planning-Control-Algorithm-Simulation-Carla/build/carla_common/build
[1.107s] creating /home/jay/Documents/AutoDriving-Planning-Control-Algorithm-Simulation-Carla/build/carla_common/build/lib
[1.107s] creating /home/jay/Documents/AutoDriving-Planning-Control-Algorithm-Simulation-Carla/build/carla_common/build/lib/carla_common
[1.107s] copying src/carla_common/transforms.py -> /home/jay/Documents/AutoDriving-Planning-Control-Algorithm-Simulation-Carla/build/carla_common/build/lib/carla_common
[1.107s] copying src/carla_common/__init__.py -> /home/jay/Documents/AutoDriving-Planning-Control-Algorithm-Simulation-Carla/build/carla_common/build/lib/carla_common
[1.107s] running install
[1.108s] running install_lib
[1.108s] creating /home/jay/Documents/AutoDriving-Planning-Control-Algorithm-Simulation-Carla/install/carla_common/lib/python3.8/site-packages/carla_common
[1.108s] copying /home/jay/Documents/AutoDriving-Planning-Control-Algorithm-Simulation-Carla/build/carla_common/build/lib/carla_common/transforms.py -> /home/jay/Documents/AutoDriving-Planning-Control-Algorithm-Simulation-Carla/install/carla_common/lib/python3.8/site-packages/carla_common
[1.108s] copying /home/jay/Documents/AutoDriving-Planning-Control-Algorithm-Simulation-Carla/build/carla_common/build/lib/carla_common/__init__.py -> /home/jay/Documents/AutoDriving-Planning-Control-Algorithm-Simulation-Carla/install/carla_common/lib/python3.8/site-packages/carla_common
[1.109s] byte-compiling /home/jay/Documents/AutoDriving-Planning-Control-Algorithm-Simulation-Carla/install/carla_common/lib/python3.8/site-packages/carla_common/transforms.py to transforms.cpython-38.pyc
[1.110s] byte-compiling /home/jay/Documents/AutoDriving-Planning-Control-Algorithm-Simulation-Carla/install/carla_common/lib/python3.8/site-packages/carla_common/__init__.py to __init__.cpython-38.pyc
[1.110s] running install_data
[1.111s] creating /home/jay/Documents/AutoDriving-Planning-Control-Algorithm-Simulation-Carla/install/carla_common/share/ament_index
[1.111s] creating /home/jay/Documents/AutoDriving-Planning-Control-Algorithm-Simulation-Carla/install/carla_common/share/ament_index/resource_index
[1.111s] creating /home/jay/Documents/AutoDriving-Planning-Control-Algorithm-Simulation-Carla/install/carla_common/share/ament_index/resource_index/packages
[1.111s] copying resource/carla_common -> /home/jay/Documents/AutoDriving-Planning-Control-Algorithm-Simulation-Carla/install/carla_common/share/ament_index/resource_index/packages
[1.111s] copying package.xml -> /home/jay/Documents/AutoDriving-Planning-Control-Algorithm-Simulation-Carla/install/carla_common/share/carla_common
[1.111s] running install_egg_info
[1.112s] Copying ../../../build/carla_common/carla_common.egg-info to /home/jay/Documents/AutoDriving-Planning-Control-Algorithm-Simulation-Carla/install/carla_common/lib/python3.8/site-packages/carla_common-0.0.0-py3.8.egg-info
[1.113s] running install_scripts
[1.124s] writing list of installed files to '/home/jay/Documents/AutoDriving-Planning-Control-Algorithm-Simulation-Carla/build/carla_common/install.log'
[1.142s] Invoked command in '/home/jay/Documents/AutoDriving-Planning-Control-Algorithm-Simulation-Carla/src/ros-bridge/carla_common' returned '0': PYTHONPATH=/home/jay/Documents/AutoDriving-Planning-Control-Algorithm-Simulation-Carla/build/carla_common/prefix_override:/home/jay/Documents/AutoDriving-Planning-Control-Algorithm-Simulation-Carla/install/carla_common/lib/python3.8/site-packages:${PYTHONPATH} /usr/bin/python3 setup.py egg_info --egg-base ../../../build/carla_common build --build-base /home/jay/Documents/AutoDriving-Planning-Control-Algorithm-Simulation-Carla/build/carla_common/build install --record /home/jay/Documents/AutoDriving-Planning-Control-Algorithm-Simulation-Carla/build/carla_common/install.log --single-version-externally-managed
