running egg_info
writing ../../../build/carla_l5player_bridge_ego_vis/carla_l5player_bridge_ego_vis.egg-info/PKG-INFO
writing dependency_links to ../../../build/carla_l5player_bridge_ego_vis/carla_l5player_bridge_ego_vis.egg-info/dependency_links.txt
writing entry points to ../../../build/carla_l5player_bridge_ego_vis/carla_l5player_bridge_ego_vis.egg-info/entry_points.txt
writing requirements to ../../../build/carla_l5player_bridge_ego_vis/carla_l5player_bridge_ego_vis.egg-info/requires.txt
writing top-level names to ../../../build/carla_l5player_bridge_ego_vis/carla_l5player_bridge_ego_vis.egg-info/top_level.txt
reading manifest file '../../../build/carla_l5player_bridge_ego_vis/carla_l5player_bridge_ego_vis.egg-info/SOURCES.txt'
writing manifest file '../../../build/carla_l5player_bridge_ego_vis/carla_l5player_bridge_ego_vis.egg-info/SOURCES.txt'
running build
running build_py
copying carla_l5player_bridge_ego_vis/hybridastar_initial_wolrd_node.py -> /home/jay/Documents/AutoDriving-Planning-Control-Algorithm-Simulation-Carla/build/carla_l5player_bridge_ego_vis/build/lib/carla_l5player_bridge_ego_vis
running install
running install_lib
copying /home/jay/Documents/AutoDriving-Planning-Control-Algorithm-Simulation-Carla/build/carla_l5player_bridge_ego_vis/build/lib/carla_l5player_bridge_ego_vis/hybridastar_initial_wolrd_node.py -> /home/jay/Documents/AutoDriving-Planning-Control-Algorithm-Simulation-Carla/install/carla_l5player_bridge_ego_vis/lib/python3.8/site-packages/carla_l5player_bridge_ego_vis
byte-compiling /home/jay/Documents/AutoDriving-Planning-Control-Algorithm-Simulation-Carla/install/carla_l5player_bridge_ego_vis/lib/python3.8/site-packages/carla_l5player_bridge_ego_vis/hybridastar_initial_wolrd_node.py to hybridastar_initial_wolrd_node.cpython-38.pyc
running install_data
running install_egg_info
removing '/home/jay/Documents/AutoDriving-Planning-Control-Algorithm-Simulation-Carla/install/carla_l5player_bridge_ego_vis/lib/python3.8/site-packages/carla_l5player_bridge_ego_vis-0.0.0-py3.8.egg-info' (and everything under it)
Copying ../../../build/carla_l5player_bridge_ego_vis/carla_l5player_bridge_ego_vis.egg-info to /home/jay/Documents/AutoDriving-Planning-Control-Algorithm-Simulation-Carla/install/carla_l5player_bridge_ego_vis/lib/python3.8/site-packages/carla_l5player_bridge_ego_vis-0.0.0-py3.8.egg-info
running install_scripts
Installing carla_l5player_vis_ego_vehicle script to /home/jay/Documents/AutoDriving-Planning-Control-Algorithm-Simulation-Carla/install/carla_l5player_bridge_ego_vis/lib/carla_l5player_bridge_ego_vis
Installing hybridastar_initial_wolrd_node script to /home/jay/Documents/AutoDriving-Planning-Control-Algorithm-Simulation-Carla/install/carla_l5player_bridge_ego_vis/lib/carla_l5player_bridge_ego_vis
Installing longitudinal_control_pid script to /home/jay/Documents/AutoDriving-Planning-Control-Algorithm-Simulation-Carla/install/carla_l5player_bridge_ego_vis/lib/carla_l5player_bridge_ego_vis
Installing reference_line_recorder script to /home/jay/Documents/AutoDriving-Planning-Control-Algorithm-Simulation-Carla/install/carla_l5player_bridge_ego_vis/lib/carla_l5player_bridge_ego_vis
writing list of installed files to '/home/jay/Documents/AutoDriving-Planning-Control-Algorithm-Simulation-Carla/build/carla_l5player_bridge_ego_vis/install.log'
