[0.410s] Invoking command in '/home/jay/Documents/AutoDriving-Planning-Control-Algorithm-Simulation-Carla/build/carla_ackermann_msgs': CMAKE_PREFIX_PATH=/home/jay/Documents/AutoDriving-Planning-Control-Algorithm-Simulation-Carla/install/carla_msgs:/home/jay/Documents/AutoDriving-Planning-Control-Algorithm-Simulation-Carla/install/carla_l5player_hybridastar_planner:/home/jay/Documents/AutoDriving-Planning-Control-Algorithm-Simulation-Carla/install/carla_ad_demo:/home/jay/Documents/AutoDriving-Planning-Control-Algorithm-Simulation-Carla/install/rviz_carla_plugin:/home/jay/Documents/AutoDriving-Planning-Control-Algorithm-Simulation-Carla/install/pcl_recorder:/home/jay/Documents/AutoDriving-Planning-Control-Algorithm-Simulation-Carla/install/carla_waypoint_types:/home/jay/Documents/AutoDriving-Planning-Control-Algorithm-Simulation-Carla/install/carla_ros_scenario_runner_types:/home/jay/Documents/AutoDriving-Planning-Control-Algorithm-Simulation-Carla/install/carla_l5player_stanley_pid_controller:/home/jay/Documents/AutoDriving-Planning-Control-Algorithm-Simulation-Carla/install/carla_l5player_pid_new_controller:/home/jay/Documents/AutoDriving-Planning-Control-Algorithm-Simulation-Carla/install/carla_l5player_pid_controller:/home/jay/Documents/AutoDriving-Planning-Control-Algorithm-Simulation-Carla/install/carla_l5player_mpc_controller:/home/jay/Documents/AutoDriving-Planning-Control-Algorithm-Simulation-Carla/install/carla_l5player_lqr_pid_controller:/home/jay/Documents/AutoDriving-Planning-Control-Algorithm-Simulation-Carla/install/carla_ackermann_msgs:/home/jay/Documents/AutoDriving-Planning-Control-Algorithm-Simulation-Carla/install/rqt_carla_control:/home/jay/Documents/AutoDriving-Planning-Control-Algorithm-Simulation-Carla/install/carla_waypoint_publisher:/home/jay/Documents/AutoDriving-Planning-Control-Algorithm-Simulation-Carla/install/carla_ackermann_control:/home/jay/Documents/AutoDriving-Planning-Control-Algorithm-Simulation-Carla/install/carla_ros_bridge:/home/jay/Documents/AutoDriving-Planning-Control-Algorithm-Simulation-Carla/install/carla_spawn_objects:/home/jay/Documents/AutoDriving-Planning-Control-Algorithm-Simulation-Carla/install/carla_manual_control:/home/jay/Documents/AutoDriving-Planning-Control-Algorithm-Simulation-Carla/install/carla_l5player_bridge_ego_vis:/home/jay/Documents/AutoDriving-Planning-Control-Algorithm-Simulation-Carla/install/carla_ad_agent:/home/jay/Documents/AutoDriving-Planning-Control-Algorithm-Simulation-Carla/install/ros_compatibility:/home/jay/Documents/AutoDriving-Planning-Control-Algorithm-Simulation-Carla/install/carla_walker_agent:/home/jay/Documents/AutoDriving-Planning-Control-Algorithm-Simulation-Carla/install/carla_twist_to_control:/home/jay/Documents/AutoDriving-Planning-Control-Algorithm-Simulation-Carla/install/carla_ros_scenario_runner:/home/jay/Documents/AutoDriving-Planning-Control-Algorithm-Simulation-Carla/install/carla_common:/opt/ros/foxy LD_LIBRARY_PATH=/home/jay/Documents/AutoDriving-Planning-Control-Algorithm-Simulation-Carla/install/carla_msgs/lib:/home/jay/Documents/AutoDriving-Planning-Control-Algorithm-Simulation-Carla/install/rviz_carla_plugin/lib:/home/jay/Documents/AutoDriving-Planning-Control-Algorithm-Simulation-Carla/install/carla_waypoint_types/lib:/home/jay/Documents/AutoDriving-Planning-Control-Algorithm-Simulation-Carla/install/carla_ros_scenario_runner_types/lib:/home/jay/Documents/AutoDriving-Planning-Control-Algorithm-Simulation-Carla/install/carla_ackermann_msgs/lib:/home/jay/.mujoco/mujoco200/bin:/usr/local/cuda-11.6/lib64:/opt/ros/foxy/opt/yaml_cpp_vendor/lib:/opt/ros/foxy/opt/rviz_ogre_vendor/lib:/opt/ros/foxy/lib/x86_64-linux-gnu:/opt/ros/foxy/lib:/home/jay/.mujoco/mujoco200/bin:/usr/local/cuda-11.6/lib64:/home/jay/Software/TensorRT-8.4.2.4/lib:/home/jay/Software/TensorRT-8.4.2.4/lib PYTHONPATH=/home/jay/Documents/AutoDriving-Planning-Control-Algorithm-Simulation-Carla/install/carla_msgs/lib/python3.8/site-packages:/home/jay/Documents/AutoDriving-Planning-Control-Algorithm-Simulation-Carla/install/rqt_carla_control/lib/python3.8/site-packages:/home/jay/Documents/AutoDriving-Planning-Control-Algorithm-Simulation-Carla/install/carla_waypoint_publisher/lib/python3.8/site-packages:/home/jay/Documents/AutoDriving-Planning-Control-Algorithm-Simulation-Carla/install/carla_ackermann_control/lib/python3.8/site-packages:/home/jay/Documents/AutoDriving-Planning-Control-Algorithm-Simulation-Carla/install/carla_ros_bridge/lib/python3.8/site-packages:/home/jay/Documents/AutoDriving-Planning-Control-Algorithm-Simulation-Carla/install/carla_spawn_objects/lib/python3.8/site-packages:/home/jay/Documents/AutoDriving-Planning-Control-Algorithm-Simulation-Carla/install/carla_manual_control/lib/python3.8/site-packages:/home/jay/Documents/AutoDriving-Planning-Control-Algorithm-Simulation-Carla/install/carla_l5player_bridge_ego_vis/lib/python3.8/site-packages:/home/jay/Documents/AutoDriving-Planning-Control-Algorithm-Simulation-Carla/install/carla_ad_agent/lib/python3.8/site-packages:/home/jay/Documents/AutoDriving-Planning-Control-Algorithm-Simulation-Carla/install/ros_compatibility/lib/python3.8/site-packages:/home/jay/Documents/AutoDriving-Planning-Control-Algorithm-Simulation-Carla/install/carla_waypoint_types/lib/python3.8/site-packages:/home/jay/Documents/AutoDriving-Planning-Control-Algorithm-Simulation-Carla/install/carla_walker_agent/lib/python3.8/site-packages:/home/jay/Documents/AutoDriving-Planning-Control-Algorithm-Simulation-Carla/install/carla_twist_to_control/lib/python3.8/site-packages:/home/jay/Documents/AutoDriving-Planning-Control-Algorithm-Simulation-Carla/install/carla_ros_scenario_runner/lib/python3.8/site-packages:/home/jay/Documents/AutoDriving-Planning-Control-Algorithm-Simulation-Carla/install/carla_ros_scenario_runner_types/lib/python3.8/site-packages:/home/jay/Documents/AutoDriving-Planning-Control-Algorithm-Simulation-Carla/install/carla_ackermann_msgs/lib/python3.8/site-packages:/home/jay/Documents/AutoDriving-Planning-Control-Algorithm-Simulation-Carla/install/carla_common/lib/python3.8/site-packages:/opt/ros/foxy/lib/python3.8/site-packages:/home/jay/Software/carla_0.9.13/PythonAPI/carla/dist/carla-0.9.13-py3.7-linux-x86_64.egg:/home/jay/Software/carla_0.9.13/PythonAPI/carla:/home/jay/Software/commonroad/commonroad_search/:/home/jay/Software/carla_0.9.13/PythonAPI/carla/dist/carla-0.9.13-py3.7-linux-x86_64.egg:/home/jay/Software/carla_0.9.13/PythonAPI/carla:/home/jay/Software/commonroad/commonroad_search/ /usr/bin/cmake /home/jay/Documents/AutoDriving-Planning-Control-Algorithm-Simulation-Carla/src/ros-bridge/carla_ackermann_msgs -DCMAKE_INSTALL_PREFIX=/home/jay/Documents/AutoDriving-Planning-Control-Algorithm-Simulation-Carla/install/carla_ackermann_msgs
[0.898s] -- The C compiler identification is GNU 9.4.0
[0.899s] -- The CXX compiler identification is GNU 9.4.0
[0.899s] -- Check for working C compiler: /usr/bin/cc
[0.899s] -- Check for working C compiler: /usr/bin/cc -- works
[0.899s] -- Detecting C compiler ABI info
[0.899s] -- Detecting C compiler ABI info - done
[0.899s] -- Detecting C compile features
[0.899s] -- Detecting C compile features - done
[0.899s] -- Check for working CXX compiler: /usr/bin/c++
[0.899s] -- Check for working CXX compiler: /usr/bin/c++ -- works
[0.900s] -- Detecting CXX compiler ABI info
[0.900s] -- Detecting CXX compiler ABI info - done
[0.900s] -- Detecting CXX compile features
[0.900s] -- Detecting CXX compile features - done
[0.900s] -- Found ros_environment: 2.5.1 (/opt/ros/foxy/share/ros_environment/cmake)
[0.900s] -- Found ament_cmake: 0.9.11 (/opt/ros/foxy/share/ament_cmake/cmake)
[0.900s] -- Found PythonInterp: /usr/bin/python3 (found suitable version "3.8.10", minimum required is "3") 
[0.900s] -- Using PYTHON_EXECUTABLE: /usr/bin/python3
[0.985s] -- Found builtin_interfaces: 1.0.0 (/opt/ros/foxy/share/builtin_interfaces/cmake)
[1.006s] -- Using all available rosidl_typesupport_c: rosidl_typesupport_fastrtps_c;rosidl_typesupport_introspection_c
[1.011s] -- Found rosidl_adapter: 1.3.0 (/opt/ros/foxy/share/rosidl_adapter/cmake)
[1.091s] -- Found OpenSSL: /usr/lib/x86_64-linux-gnu/libcrypto.so (found version "1.1.1f")  
[1.122s] -- Found FastRTPS: /opt/ros/foxy/include  
[1.184s] -- Using all available rosidl_typesupport_cpp: rosidl_typesupport_fastrtps_cpp;rosidl_typesupport_introspection_cpp
[1.203s] -- Found std_msgs: 2.0.5 (/opt/ros/foxy/share/std_msgs/cmake)
[1.214s] -- Found carla_msgs: 1.3.0 (/home/jay/Documents/AutoDriving-Planning-Control-Algorithm-Simulation-Carla/install/carla_msgs/share/carla_msgs/cmake)
[1.351s] -- Found rosidl_default_generators: 1.0.1 (/opt/ros/foxy/share/rosidl_default_generators/cmake)
[1.379s] -- Found PythonInterp: /usr/bin/python3 (found version "3.8.10") 
[1.570s] -- Found ament_cmake_cppcheck: 0.9.7 (/opt/ros/foxy/share/ament_cmake_cppcheck/cmake)
[1.572s] -- Found ament_cmake_cpplint: 0.9.7 (/opt/ros/foxy/share/ament_cmake_cpplint/cmake)
[1.574s] -- Found ament_cmake_uncrustify: 0.9.7 (/opt/ros/foxy/share/ament_cmake_uncrustify/cmake)
[1.578s] -- Found ament_cmake_ros: 0.9.2 (/opt/ros/foxy/share/ament_cmake_ros/cmake)
[1.837s] -- Using all available rosidl_typesupport_c: rosidl_typesupport_fastrtps_c;rosidl_typesupport_introspection_c
[1.953s] -- Using all available rosidl_typesupport_cpp: rosidl_typesupport_fastrtps_cpp;rosidl_typesupport_introspection_cpp
[1.979s] -- Found PythonInterp: /usr/bin/python3 (found suitable version "3.8.10", minimum required is "3.5") 
[1.980s] -- Found python_cmake_module: 0.8.1 (/opt/ros/foxy/share/python_cmake_module/cmake)
[2.006s] -- Found PythonLibs: /usr/lib/x86_64-linux-gnu/libpython3.8.so (found suitable version "3.8.10", minimum required is "3.5") 
[2.006s] -- Using PYTHON_EXECUTABLE: /usr/bin/python3
[2.006s] -- Using PYTHON_INCLUDE_DIRS: /usr/include/python3.8
[2.006s] -- Using PYTHON_LIBRARIES: /usr/lib/x86_64-linux-gnu/libpython3.8.so
[2.024s] -- Found PythonExtra: .so  
[2.111s] -- Found ament_cmake_flake8: 0.9.7 (/opt/ros/foxy/share/ament_cmake_flake8/cmake)
[2.112s] -- Found ament_cmake_pep257: 0.9.7 (/opt/ros/foxy/share/ament_cmake_pep257/cmake)
[2.115s] -- Found ament_lint_auto: 0.9.7 (/opt/ros/foxy/share/ament_lint_auto/cmake)
[2.125s] -- Added test 'copyright' to check source files copyright and LICENSE
[2.125s] -- Added test 'lint_cmake' to check CMake code style
[2.126s] -- Added test 'xmllint' to check XML markup files
[2.129s] -- Configuring done
[2.197s] -- Generating done
[2.199s] -- Build files have been written to: /home/jay/Documents/AutoDriving-Planning-Control-Algorithm-Simulation-Carla/build/carla_ackermann_msgs
[2.205s] Invoked command in '/home/jay/Documents/AutoDriving-Planning-Control-Algorithm-Simulation-Carla/build/carla_ackermann_msgs' returned '0': CMAKE_PREFIX_PATH=/home/jay/Documents/AutoDriving-Planning-Control-Algorithm-Simulation-Carla/install/carla_msgs:/home/jay/Documents/AutoDriving-Planning-Control-Algorithm-Simulation-Carla/install/carla_l5player_hybridastar_planner:/home/jay/Documents/AutoDriving-Planning-Control-Algorithm-Simulation-Carla/install/carla_ad_demo:/home/jay/Documents/AutoDriving-Planning-Control-Algorithm-Simulation-Carla/install/rviz_carla_plugin:/home/jay/Documents/AutoDriving-Planning-Control-Algorithm-Simulation-Carla/install/pcl_recorder:/home/jay/Documents/AutoDriving-Planning-Control-Algorithm-Simulation-Carla/install/carla_waypoint_types:/home/jay/Documents/AutoDriving-Planning-Control-Algorithm-Simulation-Carla/install/carla_ros_scenario_runner_types:/home/jay/Documents/AutoDriving-Planning-Control-Algorithm-Simulation-Carla/install/carla_l5player_stanley_pid_controller:/home/jay/Documents/AutoDriving-Planning-Control-Algorithm-Simulation-Carla/install/carla_l5player_pid_new_controller:/home/jay/Documents/AutoDriving-Planning-Control-Algorithm-Simulation-Carla/install/carla_l5player_pid_controller:/home/jay/Documents/AutoDriving-Planning-Control-Algorithm-Simulation-Carla/install/carla_l5player_mpc_controller:/home/jay/Documents/AutoDriving-Planning-Control-Algorithm-Simulation-Carla/install/carla_l5player_lqr_pid_controller:/home/jay/Documents/AutoDriving-Planning-Control-Algorithm-Simulation-Carla/install/carla_ackermann_msgs:/home/jay/Documents/AutoDriving-Planning-Control-Algorithm-Simulation-Carla/install/rqt_carla_control:/home/jay/Documents/AutoDriving-Planning-Control-Algorithm-Simulation-Carla/install/carla_waypoint_publisher:/home/jay/Documents/AutoDriving-Planning-Control-Algorithm-Simulation-Carla/install/carla_ackermann_control:/home/jay/Documents/AutoDriving-Planning-Control-Algorithm-Simulation-Carla/install/carla_ros_bridge:/home/jay/Documents/AutoDriving-Planning-Control-Algorithm-Simulation-Carla/install/carla_spawn_objects:/home/jay/Documents/AutoDriving-Planning-Control-Algorithm-Simulation-Carla/install/carla_manual_control:/home/jay/Documents/AutoDriving-Planning-Control-Algorithm-Simulation-Carla/install/carla_l5player_bridge_ego_vis:/home/jay/Documents/AutoDriving-Planning-Control-Algorithm-Simulation-Carla/install/carla_ad_agent:/home/jay/Documents/AutoDriving-Planning-Control-Algorithm-Simulation-Carla/install/ros_compatibility:/home/jay/Documents/AutoDriving-Planning-Control-Algorithm-Simulation-Carla/install/carla_walker_agent:/home/jay/Documents/AutoDriving-Planning-Control-Algorithm-Simulation-Carla/install/carla_twist_to_control:/home/jay/Documents/AutoDriving-Planning-Control-Algorithm-Simulation-Carla/install/carla_ros_scenario_runner:/home/jay/Documents/AutoDriving-Planning-Control-Algorithm-Simulation-Carla/install/carla_common:/opt/ros/foxy LD_LIBRARY_PATH=/home/jay/Documents/AutoDriving-Planning-Control-Algorithm-Simulation-Carla/install/carla_msgs/lib:/home/jay/Documents/AutoDriving-Planning-Control-Algorithm-Simulation-Carla/install/rviz_carla_plugin/lib:/home/jay/Documents/AutoDriving-Planning-Control-Algorithm-Simulation-Carla/install/carla_waypoint_types/lib:/home/jay/Documents/AutoDriving-Planning-Control-Algorithm-Simulation-Carla/install/carla_ros_scenario_runner_types/lib:/home/jay/Documents/AutoDriving-Planning-Control-Algorithm-Simulation-Carla/install/carla_ackermann_msgs/lib:/home/jay/.mujoco/mujoco200/bin:/usr/local/cuda-11.6/lib64:/opt/ros/foxy/opt/yaml_cpp_vendor/lib:/opt/ros/foxy/opt/rviz_ogre_vendor/lib:/opt/ros/foxy/lib/x86_64-linux-gnu:/opt/ros/foxy/lib:/home/jay/.mujoco/mujoco200/bin:/usr/local/cuda-11.6/lib64:/home/jay/Software/TensorRT-8.4.2.4/lib:/home/jay/Software/TensorRT-8.4.2.4/lib PYTHONPATH=/home/jay/Documents/AutoDriving-Planning-Control-Algorithm-Simulation-Carla/install/carla_msgs/lib/python3.8/site-packages:/home/jay/Documents/AutoDriving-Planning-Control-Algorithm-Simulation-Carla/install/rqt_carla_control/lib/python3.8/site-packages:/home/jay/Documents/AutoDriving-Planning-Control-Algorithm-Simulation-Carla/install/carla_waypoint_publisher/lib/python3.8/site-packages:/home/jay/Documents/AutoDriving-Planning-Control-Algorithm-Simulation-Carla/install/carla_ackermann_control/lib/python3.8/site-packages:/home/jay/Documents/AutoDriving-Planning-Control-Algorithm-Simulation-Carla/install/carla_ros_bridge/lib/python3.8/site-packages:/home/jay/Documents/AutoDriving-Planning-Control-Algorithm-Simulation-Carla/install/carla_spawn_objects/lib/python3.8/site-packages:/home/jay/Documents/AutoDriving-Planning-Control-Algorithm-Simulation-Carla/install/carla_manual_control/lib/python3.8/site-packages:/home/jay/Documents/AutoDriving-Planning-Control-Algorithm-Simulation-Carla/install/carla_l5player_bridge_ego_vis/lib/python3.8/site-packages:/home/jay/Documents/AutoDriving-Planning-Control-Algorithm-Simulation-Carla/install/carla_ad_agent/lib/python3.8/site-packages:/home/jay/Documents/AutoDriving-Planning-Control-Algorithm-Simulation-Carla/install/ros_compatibility/lib/python3.8/site-packages:/home/jay/Documents/AutoDriving-Planning-Control-Algorithm-Simulation-Carla/install/carla_waypoint_types/lib/python3.8/site-packages:/home/jay/Documents/AutoDriving-Planning-Control-Algorithm-Simulation-Carla/install/carla_walker_agent/lib/python3.8/site-packages:/home/jay/Documents/AutoDriving-Planning-Control-Algorithm-Simulation-Carla/install/carla_twist_to_control/lib/python3.8/site-packages:/home/jay/Documents/AutoDriving-Planning-Control-Algorithm-Simulation-Carla/install/carla_ros_scenario_runner/lib/python3.8/site-packages:/home/jay/Documents/AutoDriving-Planning-Control-Algorithm-Simulation-Carla/install/carla_ros_scenario_runner_types/lib/python3.8/site-packages:/home/jay/Documents/AutoDriving-Planning-Control-Algorithm-Simulation-Carla/install/carla_ackermann_msgs/lib/python3.8/site-packages:/home/jay/Documents/AutoDriving-Planning-Control-Algorithm-Simulation-Carla/install/carla_common/lib/python3.8/site-packages:/opt/ros/foxy/lib/python3.8/site-packages:/home/jay/Software/carla_0.9.13/PythonAPI/carla/dist/carla-0.9.13-py3.7-linux-x86_64.egg:/home/jay/Software/carla_0.9.13/PythonAPI/carla:/home/jay/Software/commonroad/commonroad_search/:/home/jay/Software/carla_0.9.13/PythonAPI/carla/dist/carla-0.9.13-py3.7-linux-x86_64.egg:/home/jay/Software/carla_0.9.13/PythonAPI/carla:/home/jay/Software/commonroad/commonroad_search/ /usr/bin/cmake /home/jay/Documents/AutoDriving-Planning-Control-Algorithm-Simulation-Carla/src/ros-bridge/carla_ackermann_msgs -DCMAKE_INSTALL_PREFIX=/home/jay/Documents/AutoDriving-Planning-Control-Algorithm-Simulation-Carla/install/carla_ackermann_msgs
[2.208s] Invoking command in '/home/jay/Documents/AutoDriving-Planning-Control-Algorithm-Simulation-Carla/build/carla_ackermann_msgs': CMAKE_PREFIX_PATH=/home/jay/Documents/AutoDriving-Planning-Control-Algorithm-Simulation-Carla/install/carla_msgs:/home/jay/Documents/AutoDriving-Planning-Control-Algorithm-Simulation-Carla/install/carla_l5player_hybridastar_planner:/home/jay/Documents/AutoDriving-Planning-Control-Algorithm-Simulation-Carla/install/carla_ad_demo:/home/jay/Documents/AutoDriving-Planning-Control-Algorithm-Simulation-Carla/install/rviz_carla_plugin:/home/jay/Documents/AutoDriving-Planning-Control-Algorithm-Simulation-Carla/install/pcl_recorder:/home/jay/Documents/AutoDriving-Planning-Control-Algorithm-Simulation-Carla/install/carla_waypoint_types:/home/jay/Documents/AutoDriving-Planning-Control-Algorithm-Simulation-Carla/install/carla_ros_scenario_runner_types:/home/jay/Documents/AutoDriving-Planning-Control-Algorithm-Simulation-Carla/install/carla_l5player_stanley_pid_controller:/home/jay/Documents/AutoDriving-Planning-Control-Algorithm-Simulation-Carla/install/carla_l5player_pid_new_controller:/home/jay/Documents/AutoDriving-Planning-Control-Algorithm-Simulation-Carla/install/carla_l5player_pid_controller:/home/jay/Documents/AutoDriving-Planning-Control-Algorithm-Simulation-Carla/install/carla_l5player_mpc_controller:/home/jay/Documents/AutoDriving-Planning-Control-Algorithm-Simulation-Carla/install/carla_l5player_lqr_pid_controller:/home/jay/Documents/AutoDriving-Planning-Control-Algorithm-Simulation-Carla/install/carla_ackermann_msgs:/home/jay/Documents/AutoDriving-Planning-Control-Algorithm-Simulation-Carla/install/rqt_carla_control:/home/jay/Documents/AutoDriving-Planning-Control-Algorithm-Simulation-Carla/install/carla_waypoint_publisher:/home/jay/Documents/AutoDriving-Planning-Control-Algorithm-Simulation-Carla/install/carla_ackermann_control:/home/jay/Documents/AutoDriving-Planning-Control-Algorithm-Simulation-Carla/install/carla_ros_bridge:/home/jay/Documents/AutoDriving-Planning-Control-Algorithm-Simulation-Carla/install/carla_spawn_objects:/home/jay/Documents/AutoDriving-Planning-Control-Algorithm-Simulation-Carla/install/carla_manual_control:/home/jay/Documents/AutoDriving-Planning-Control-Algorithm-Simulation-Carla/install/carla_l5player_bridge_ego_vis:/home/jay/Documents/AutoDriving-Planning-Control-Algorithm-Simulation-Carla/install/carla_ad_agent:/home/jay/Documents/AutoDriving-Planning-Control-Algorithm-Simulation-Carla/install/ros_compatibility:/home/jay/Documents/AutoDriving-Planning-Control-Algorithm-Simulation-Carla/install/carla_walker_agent:/home/jay/Documents/AutoDriving-Planning-Control-Algorithm-Simulation-Carla/install/carla_twist_to_control:/home/jay/Documents/AutoDriving-Planning-Control-Algorithm-Simulation-Carla/install/carla_ros_scenario_runner:/home/jay/Documents/AutoDriving-Planning-Control-Algorithm-Simulation-Carla/install/carla_common:/opt/ros/foxy LD_LIBRARY_PATH=/home/jay/Documents/AutoDriving-Planning-Control-Algorithm-Simulation-Carla/install/carla_msgs/lib:/home/jay/Documents/AutoDriving-Planning-Control-Algorithm-Simulation-Carla/install/rviz_carla_plugin/lib:/home/jay/Documents/AutoDriving-Planning-Control-Algorithm-Simulation-Carla/install/carla_waypoint_types/lib:/home/jay/Documents/AutoDriving-Planning-Control-Algorithm-Simulation-Carla/install/carla_ros_scenario_runner_types/lib:/home/jay/Documents/AutoDriving-Planning-Control-Algorithm-Simulation-Carla/install/carla_ackermann_msgs/lib:/home/jay/.mujoco/mujoco200/bin:/usr/local/cuda-11.6/lib64:/opt/ros/foxy/opt/yaml_cpp_vendor/lib:/opt/ros/foxy/opt/rviz_ogre_vendor/lib:/opt/ros/foxy/lib/x86_64-linux-gnu:/opt/ros/foxy/lib:/home/jay/.mujoco/mujoco200/bin:/usr/local/cuda-11.6/lib64:/home/jay/Software/TensorRT-8.4.2.4/lib:/home/jay/Software/TensorRT-8.4.2.4/lib PYTHONPATH=/home/jay/Documents/AutoDriving-Planning-Control-Algorithm-Simulation-Carla/install/carla_msgs/lib/python3.8/site-packages:/home/jay/Documents/AutoDriving-Planning-Control-Algorithm-Simulation-Carla/install/rqt_carla_control/lib/python3.8/site-packages:/home/jay/Documents/AutoDriving-Planning-Control-Algorithm-Simulation-Carla/install/carla_waypoint_publisher/lib/python3.8/site-packages:/home/jay/Documents/AutoDriving-Planning-Control-Algorithm-Simulation-Carla/install/carla_ackermann_control/lib/python3.8/site-packages:/home/jay/Documents/AutoDriving-Planning-Control-Algorithm-Simulation-Carla/install/carla_ros_bridge/lib/python3.8/site-packages:/home/jay/Documents/AutoDriving-Planning-Control-Algorithm-Simulation-Carla/install/carla_spawn_objects/lib/python3.8/site-packages:/home/jay/Documents/AutoDriving-Planning-Control-Algorithm-Simulation-Carla/install/carla_manual_control/lib/python3.8/site-packages:/home/jay/Documents/AutoDriving-Planning-Control-Algorithm-Simulation-Carla/install/carla_l5player_bridge_ego_vis/lib/python3.8/site-packages:/home/jay/Documents/AutoDriving-Planning-Control-Algorithm-Simulation-Carla/install/carla_ad_agent/lib/python3.8/site-packages:/home/jay/Documents/AutoDriving-Planning-Control-Algorithm-Simulation-Carla/install/ros_compatibility/lib/python3.8/site-packages:/home/jay/Documents/AutoDriving-Planning-Control-Algorithm-Simulation-Carla/install/carla_waypoint_types/lib/python3.8/site-packages:/home/jay/Documents/AutoDriving-Planning-Control-Algorithm-Simulation-Carla/install/carla_walker_agent/lib/python3.8/site-packages:/home/jay/Documents/AutoDriving-Planning-Control-Algorithm-Simulation-Carla/install/carla_twist_to_control/lib/python3.8/site-packages:/home/jay/Documents/AutoDriving-Planning-Control-Algorithm-Simulation-Carla/install/carla_ros_scenario_runner/lib/python3.8/site-packages:/home/jay/Documents/AutoDriving-Planning-Control-Algorithm-Simulation-Carla/install/carla_ros_scenario_runner_types/lib/python3.8/site-packages:/home/jay/Documents/AutoDriving-Planning-Control-Algorithm-Simulation-Carla/install/carla_ackermann_msgs/lib/python3.8/site-packages:/home/jay/Documents/AutoDriving-Planning-Control-Algorithm-Simulation-Carla/install/carla_common/lib/python3.8/site-packages:/opt/ros/foxy/lib/python3.8/site-packages:/home/jay/Software/carla_0.9.13/PythonAPI/carla/dist/carla-0.9.13-py3.7-linux-x86_64.egg:/home/jay/Software/carla_0.9.13/PythonAPI/carla:/home/jay/Software/commonroad/commonroad_search/:/home/jay/Software/carla_0.9.13/PythonAPI/carla/dist/carla-0.9.13-py3.7-linux-x86_64.egg:/home/jay/Software/carla_0.9.13/PythonAPI/carla:/home/jay/Software/commonroad/commonroad_search/ /usr/bin/cmake --build /home/jay/Documents/AutoDriving-Planning-Control-Algorithm-Simulation-Carla/build/carla_ackermann_msgs -- -j24 -l24
[2.240s] [35m[1mScanning dependencies of target carla_ackermann_msgs__cpp[0m
[2.242s] [  1%] [34m[1mGenerating C code for ROS interfaces[0m
[2.251s] [  3%] [34m[1mGenerating C++ code for ROS interfaces[0m
[2.616s] [  3%] Built target carla_ackermann_msgs__cpp
[2.628s] [  4%] [34m[1mGenerating C++ type support dispatch for ROS interfaces[0m
[2.628s] [  7%] [34m[1mGenerating C++ introspection for ROS interfaces[0m
[2.628s] [  7%] [34m[1mGenerating C++ type support for eProsima Fast-RTPS[0m
[2.650s] [35m[1mScanning dependencies of target carla_ackermann_msgs__rosidl_generator_c[0m
[2.665s] [ 12%] [32mBuilding C object CMakeFiles/carla_ackermann_msgs__rosidl_generator_c.dir/rosidl_generator_c/carla_ackermann_msgs/msg/detail/ego_vehicle_control_info__functions.c.o[0m
[2.665s] [ 12%] [32mBuilding C object CMakeFiles/carla_ackermann_msgs__rosidl_generator_c.dir/rosidl_generator_c/carla_ackermann_msgs/msg/detail/ego_vehicle_control_current__functions.c.o[0m
[2.665s] [ 12%] [32mBuilding C object CMakeFiles/carla_ackermann_msgs__rosidl_generator_c.dir/rosidl_generator_c/carla_ackermann_msgs/msg/detail/ego_vehicle_control_status__functions.c.o[0m
[2.665s] [ 14%] [32mBuilding C object CMakeFiles/carla_ackermann_msgs__rosidl_generator_c.dir/rosidl_generator_c/carla_ackermann_msgs/msg/detail/ego_vehicle_control_target__functions.c.o[0m
[2.667s] [ 15%] [32mBuilding C object CMakeFiles/carla_ackermann_msgs__rosidl_generator_c.dir/rosidl_generator_c/carla_ackermann_msgs/msg/detail/ego_vehicle_control_maxima__functions.c.o[0m
[2.716s] [ 17%] [32m[1mLinking C shared library libcarla_ackermann_msgs__rosidl_generator_c.so[0m
[2.748s] [ 17%] Built target carla_ackermann_msgs__rosidl_generator_c
[2.762s] [ 19%] [34m[1mGenerating C introspection for ROS interfaces[0m
[2.762s] [ 20%] [34m[1mGenerating C type support dispatch for ROS interfaces[0m
[3.045s] [35m[1mScanning dependencies of target carla_ackermann_msgs__rosidl_typesupport_cpp[0m
[3.063s] [ 22%] [32mBuilding CXX object CMakeFiles/carla_ackermann_msgs__rosidl_typesupport_cpp.dir/rosidl_typesupport_cpp/carla_ackermann_msgs/msg/ego_vehicle_control_info__type_support.cpp.o[0m
[3.068s] [ 23%] [32mBuilding CXX object CMakeFiles/carla_ackermann_msgs__rosidl_typesupport_cpp.dir/rosidl_typesupport_cpp/carla_ackermann_msgs/msg/ego_vehicle_control_maxima__type_support.cpp.o[0m
[3.069s] [ 25%] [32mBuilding CXX object CMakeFiles/carla_ackermann_msgs__rosidl_typesupport_cpp.dir/rosidl_typesupport_cpp/carla_ackermann_msgs/msg/ego_vehicle_control_status__type_support.cpp.o[0m
[3.071s] [ 26%] [32mBuilding CXX object CMakeFiles/carla_ackermann_msgs__rosidl_typesupport_cpp.dir/rosidl_typesupport_cpp/carla_ackermann_msgs/msg/ego_vehicle_control_target__type_support.cpp.o[0m
[3.080s] [ 28%] [32mBuilding CXX object CMakeFiles/carla_ackermann_msgs__rosidl_typesupport_cpp.dir/rosidl_typesupport_cpp/carla_ackermann_msgs/msg/ego_vehicle_control_current__type_support.cpp.o[0m
[3.085s] [35m[1mScanning dependencies of target carla_ackermann_msgs__rosidl_typesupport_fastrtps_cpp[0m
[3.115s] [ 30%] [32mBuilding CXX object CMakeFiles/carla_ackermann_msgs__rosidl_typesupport_fastrtps_cpp.dir/rosidl_typesupport_fastrtps_cpp/carla_ackermann_msgs/msg/detail/dds_fastrtps/ego_vehicle_control_info__type_support.cpp.o[0m
[3.121s] [ 31%] [32mBuilding CXX object CMakeFiles/carla_ackermann_msgs__rosidl_typesupport_fastrtps_cpp.dir/rosidl_typesupport_fastrtps_cpp/carla_ackermann_msgs/msg/detail/dds_fastrtps/ego_vehicle_control_current__type_support.cpp.o[0m
[3.158s] [ 33%] [32mBuilding CXX object CMakeFiles/carla_ackermann_msgs__rosidl_typesupport_fastrtps_cpp.dir/rosidl_typesupport_fastrtps_cpp/carla_ackermann_msgs/msg/detail/dds_fastrtps/ego_vehicle_control_status__type_support.cpp.o[0m
[3.160s] [ 34%] [32mBuilding CXX object CMakeFiles/carla_ackermann_msgs__rosidl_typesupport_fastrtps_cpp.dir/rosidl_typesupport_fastrtps_cpp/carla_ackermann_msgs/msg/detail/dds_fastrtps/ego_vehicle_control_maxima__type_support.cpp.o[0m
[3.177s] [ 36%] [32mBuilding CXX object CMakeFiles/carla_ackermann_msgs__rosidl_typesupport_fastrtps_cpp.dir/rosidl_typesupport_fastrtps_cpp/carla_ackermann_msgs/msg/detail/dds_fastrtps/ego_vehicle_control_target__type_support.cpp.o[0m
[3.194s] [35m[1mScanning dependencies of target carla_ackermann_msgs__rosidl_typesupport_introspection_cpp[0m
[3.265s] [ 38%] [32mBuilding CXX object CMakeFiles/carla_ackermann_msgs__rosidl_typesupport_introspection_cpp.dir/rosidl_typesupport_introspection_cpp/carla_ackermann_msgs/msg/detail/ego_vehicle_control_current__type_support.cpp.o[0m
[3.272s] [ 39%] [32mBuilding CXX object CMakeFiles/carla_ackermann_msgs__rosidl_typesupport_introspection_cpp.dir/rosidl_typesupport_introspection_cpp/carla_ackermann_msgs/msg/detail/ego_vehicle_control_info__type_support.cpp.o[0m
[3.275s] [35m[1mScanning dependencies of target carla_ackermann_msgs__rosidl_typesupport_c[0m
[3.290s] [ 41%] [32mBuilding CXX object CMakeFiles/carla_ackermann_msgs__rosidl_typesupport_introspection_cpp.dir/rosidl_typesupport_introspection_cpp/carla_ackermann_msgs/msg/detail/ego_vehicle_control_maxima__type_support.cpp.o[0m
[3.301s] [ 42%] [32mBuilding CXX object CMakeFiles/carla_ackermann_msgs__rosidl_typesupport_introspection_cpp.dir/rosidl_typesupport_introspection_cpp/carla_ackermann_msgs/msg/detail/ego_vehicle_control_status__type_support.cpp.o[0m
[3.332s] [ 44%] [32mBuilding CXX object CMakeFiles/carla_ackermann_msgs__rosidl_typesupport_introspection_cpp.dir/rosidl_typesupport_introspection_cpp/carla_ackermann_msgs/msg/detail/ego_vehicle_control_target__type_support.cpp.o[0m
[3.341s] [ 46%] [32mBuilding CXX object CMakeFiles/carla_ackermann_msgs__rosidl_typesupport_c.dir/rosidl_typesupport_c/carla_ackermann_msgs/msg/ego_vehicle_control_current__type_support.cpp.o[0m
[3.343s] [ 49%] [32mBuilding CXX object CMakeFiles/carla_ackermann_msgs__rosidl_typesupport_c.dir/rosidl_typesupport_c/carla_ackermann_msgs/msg/ego_vehicle_control_maxima__type_support.cpp.o[0m
[3.354s] [ 47%] [32mBuilding CXX object CMakeFiles/carla_ackermann_msgs__rosidl_typesupport_c.dir/rosidl_typesupport_c/carla_ackermann_msgs/msg/ego_vehicle_control_info__type_support.cpp.o[0m
[3.357s] [ 50%] [32mBuilding CXX object CMakeFiles/carla_ackermann_msgs__rosidl_typesupport_c.dir/rosidl_typesupport_c/carla_ackermann_msgs/msg/ego_vehicle_control_target__type_support.cpp.o[0m
[3.357s] [ 52%] [32mBuilding CXX object CMakeFiles/carla_ackermann_msgs__rosidl_typesupport_c.dir/rosidl_typesupport_c/carla_ackermann_msgs/msg/ego_vehicle_control_status__type_support.cpp.o[0m
[3.412s] [ 53%] [32m[1mLinking CXX shared library libcarla_ackermann_msgs__rosidl_typesupport_cpp.so[0m
[3.416s] [35m[1mScanning dependencies of target carla_ackermann_msgs__rosidl_typesupport_introspection_c[0m
[3.440s] [ 55%] [32mBuilding C object CMakeFiles/carla_ackermann_msgs__rosidl_typesupport_introspection_c.dir/rosidl_typesupport_introspection_c/carla_ackermann_msgs/msg/detail/ego_vehicle_control_current__type_support.c.o[0m
[3.445s] [ 57%] [32mBuilding C object CMakeFiles/carla_ackermann_msgs__rosidl_typesupport_introspection_c.dir/rosidl_typesupport_introspection_c/carla_ackermann_msgs/msg/detail/ego_vehicle_control_info__type_support.c.o[0m
[3.446s] [ 58%] [32mBuilding C object CMakeFiles/carla_ackermann_msgs__rosidl_typesupport_introspection_c.dir/rosidl_typesupport_introspection_c/carla_ackermann_msgs/msg/detail/ego_vehicle_control_maxima__type_support.c.o[0m
[3.455s] [ 60%] [32mBuilding C object CMakeFiles/carla_ackermann_msgs__rosidl_typesupport_introspection_c.dir/rosidl_typesupport_introspection_c/carla_ackermann_msgs/msg/detail/ego_vehicle_control_status__type_support.c.o[0m
[3.456s] [ 61%] [32m[1mLinking CXX shared library libcarla_ackermann_msgs__rosidl_typesupport_c.so[0m
[3.493s] [ 61%] Built target carla_ackermann_msgs__rosidl_typesupport_cpp
[3.504s] [ 63%] [32mBuilding C object CMakeFiles/carla_ackermann_msgs__rosidl_typesupport_introspection_c.dir/rosidl_typesupport_introspection_c/carla_ackermann_msgs/msg/detail/ego_vehicle_control_target__type_support.c.o[0m
[3.531s] [ 63%] Built target carla_ackermann_msgs__rosidl_typesupport_c
[3.539s] [ 65%] [32m[1mLinking C shared library libcarla_ackermann_msgs__rosidl_typesupport_introspection_c.so[0m
[3.571s] [ 65%] Built target carla_ackermann_msgs__rosidl_typesupport_introspection_c
[3.658s] [ 66%] [32m[1mLinking CXX shared library libcarla_ackermann_msgs__rosidl_typesupport_introspection_cpp.so[0m
[3.676s] [ 68%] [32m[1mLinking CXX shared library libcarla_ackermann_msgs__rosidl_typesupport_fastrtps_cpp.so[0m
[3.707s] [ 68%] Built target carla_ackermann_msgs__rosidl_typesupport_introspection_cpp
[3.737s] [ 68%] Built target carla_ackermann_msgs__rosidl_typesupport_fastrtps_cpp
[3.747s] [ 69%] [34m[1mGenerating C type support for eProsima Fast-RTPS[0m
[4.115s] [35m[1mScanning dependencies of target carla_ackermann_msgs__rosidl_typesupport_fastrtps_c[0m
[4.133s] [ 71%] [32mBuilding CXX object CMakeFiles/carla_ackermann_msgs__rosidl_typesupport_fastrtps_c.dir/rosidl_typesupport_fastrtps_c/carla_ackermann_msgs/msg/detail/ego_vehicle_control_target__type_support_c.cpp.o[0m
[4.133s] [ 73%] [32mBuilding CXX object CMakeFiles/carla_ackermann_msgs__rosidl_typesupport_fastrtps_c.dir/rosidl_typesupport_fastrtps_c/carla_ackermann_msgs/msg/detail/ego_vehicle_control_info__type_support_c.cpp.o[0m
[4.135s] [ 74%] [32mBuilding CXX object CMakeFiles/carla_ackermann_msgs__rosidl_typesupport_fastrtps_c.dir/rosidl_typesupport_fastrtps_c/carla_ackermann_msgs/msg/detail/ego_vehicle_control_maxima__type_support_c.cpp.o[0m
[4.135s] [ 76%] [32mBuilding CXX object CMakeFiles/carla_ackermann_msgs__rosidl_typesupport_fastrtps_c.dir/rosidl_typesupport_fastrtps_c/carla_ackermann_msgs/msg/detail/ego_vehicle_control_status__type_support_c.cpp.o[0m
[4.135s] [ 77%] [32mBuilding CXX object CMakeFiles/carla_ackermann_msgs__rosidl_typesupport_fastrtps_c.dir/rosidl_typesupport_fastrtps_c/carla_ackermann_msgs/msg/detail/ego_vehicle_control_current__type_support_c.cpp.o[0m
[4.497s] [ 79%] [32m[1mLinking CXX shared library libcarla_ackermann_msgs__rosidl_typesupport_fastrtps_c.so[0m
[4.556s] [ 79%] Built target carla_ackermann_msgs__rosidl_typesupport_fastrtps_c
[4.565s] [35m[1mScanning dependencies of target carla_ackermann_msgs[0m
[4.574s] [ 79%] Built target carla_ackermann_msgs
[4.582s] [35m[1mScanning dependencies of target carla_ackermann_msgs__py[0m
[4.593s] [ 80%] [34m[1mGenerating Python code for ROS interfaces[0m
[5.442s] [ 80%] Built target carla_ackermann_msgs__py
[5.452s] [35m[1mScanning dependencies of target carla_ackermann_msgs__python[0m
[5.480s] [ 82%] [32mBuilding C object CMakeFiles/carla_ackermann_msgs__python.dir/rosidl_generator_py/carla_ackermann_msgs/msg/_ego_vehicle_control_info_s.c.o[0m
[5.481s] [ 85%] [32mBuilding C object CMakeFiles/carla_ackermann_msgs__python.dir/rosidl_generator_py/carla_ackermann_msgs/msg/_ego_vehicle_control_maxima_s.c.o[0m
[5.481s] [ 85%] [32mBuilding C object CMakeFiles/carla_ackermann_msgs__python.dir/rosidl_generator_py/carla_ackermann_msgs/msg/_ego_vehicle_control_current_s.c.o[0m
[5.481s] [ 87%] [32mBuilding C object CMakeFiles/carla_ackermann_msgs__python.dir/rosidl_generator_py/carla_ackermann_msgs/msg/_ego_vehicle_control_target_s.c.o[0m
[5.482s] [ 88%] [32mBuilding C object CMakeFiles/carla_ackermann_msgs__python.dir/rosidl_generator_py/carla_ackermann_msgs/msg/_ego_vehicle_control_status_s.c.o[0m
[5.584s] [ 90%] [32m[1mLinking C shared library rosidl_generator_py/carla_ackermann_msgs/libcarla_ackermann_msgs__python.so[0m
[5.623s] [ 90%] Built target carla_ackermann_msgs__python
[5.633s] [35m[1mScanning dependencies of target carla_ackermann_msgs__rosidl_typesupport_introspection_c__pyext[0m
[5.634s] [35m[1mScanning dependencies of target carla_ackermann_msgs__rosidl_typesupport_c__pyext[0m
[5.639s] [35m[1mScanning dependencies of target carla_ackermann_msgs__rosidl_typesupport_fastrtps_c__pyext[0m
[5.650s] [ 92%] [32mBuilding C object CMakeFiles/carla_ackermann_msgs__rosidl_typesupport_c__pyext.dir/rosidl_generator_py/carla_ackermann_msgs/_carla_ackermann_msgs_s.ep.rosidl_typesupport_c.c.o[0m
[5.653s] [ 93%] [32mBuilding C object CMakeFiles/carla_ackermann_msgs__rosidl_typesupport_introspection_c__pyext.dir/rosidl_generator_py/carla_ackermann_msgs/_carla_ackermann_msgs_s.ep.rosidl_typesupport_introspection_c.c.o[0m
[5.665s] [ 95%] [32mBuilding C object CMakeFiles/carla_ackermann_msgs__rosidl_typesupport_fastrtps_c__pyext.dir/rosidl_generator_py/carla_ackermann_msgs/_carla_ackermann_msgs_s.ep.rosidl_typesupport_fastrtps_c.c.o[0m
[5.715s] [ 96%] [32m[1mLinking C shared library rosidl_generator_py/carla_ackermann_msgs/carla_ackermann_msgs_s__rosidl_typesupport_c.cpython-38-x86_64-linux-gnu.so[0m
[5.715s] [ 98%] [32m[1mLinking C shared library rosidl_generator_py/carla_ackermann_msgs/carla_ackermann_msgs_s__rosidl_typesupport_introspection_c.cpython-38-x86_64-linux-gnu.so[0m
[5.746s] [ 98%] Built target carla_ackermann_msgs__rosidl_typesupport_c__pyext
[5.746s] [ 98%] Built target carla_ackermann_msgs__rosidl_typesupport_introspection_c__pyext
[5.775s] [100%] [32m[1mLinking CXX shared library rosidl_generator_py/carla_ackermann_msgs/carla_ackermann_msgs_s__rosidl_typesupport_fastrtps_c.cpython-38-x86_64-linux-gnu.so[0m
[5.827s] [100%] Built target carla_ackermann_msgs__rosidl_typesupport_fastrtps_c__pyext
[5.837s] Invoked command in '/home/jay/Documents/AutoDriving-Planning-Control-Algorithm-Simulation-Carla/build/carla_ackermann_msgs' returned '0': CMAKE_PREFIX_PATH=/home/jay/Documents/AutoDriving-Planning-Control-Algorithm-Simulation-Carla/install/carla_msgs:/home/jay/Documents/AutoDriving-Planning-Control-Algorithm-Simulation-Carla/install/carla_l5player_hybridastar_planner:/home/jay/Documents/AutoDriving-Planning-Control-Algorithm-Simulation-Carla/install/carla_ad_demo:/home/jay/Documents/AutoDriving-Planning-Control-Algorithm-Simulation-Carla/install/rviz_carla_plugin:/home/jay/Documents/AutoDriving-Planning-Control-Algorithm-Simulation-Carla/install/pcl_recorder:/home/jay/Documents/AutoDriving-Planning-Control-Algorithm-Simulation-Carla/install/carla_waypoint_types:/home/jay/Documents/AutoDriving-Planning-Control-Algorithm-Simulation-Carla/install/carla_ros_scenario_runner_types:/home/jay/Documents/AutoDriving-Planning-Control-Algorithm-Simulation-Carla/install/carla_l5player_stanley_pid_controller:/home/jay/Documents/AutoDriving-Planning-Control-Algorithm-Simulation-Carla/install/carla_l5player_pid_new_controller:/home/jay/Documents/AutoDriving-Planning-Control-Algorithm-Simulation-Carla/install/carla_l5player_pid_controller:/home/jay/Documents/AutoDriving-Planning-Control-Algorithm-Simulation-Carla/install/carla_l5player_mpc_controller:/home/jay/Documents/AutoDriving-Planning-Control-Algorithm-Simulation-Carla/install/carla_l5player_lqr_pid_controller:/home/jay/Documents/AutoDriving-Planning-Control-Algorithm-Simulation-Carla/install/carla_ackermann_msgs:/home/jay/Documents/AutoDriving-Planning-Control-Algorithm-Simulation-Carla/install/rqt_carla_control:/home/jay/Documents/AutoDriving-Planning-Control-Algorithm-Simulation-Carla/install/carla_waypoint_publisher:/home/jay/Documents/AutoDriving-Planning-Control-Algorithm-Simulation-Carla/install/carla_ackermann_control:/home/jay/Documents/AutoDriving-Planning-Control-Algorithm-Simulation-Carla/install/carla_ros_bridge:/home/jay/Documents/AutoDriving-Planning-Control-Algorithm-Simulation-Carla/install/carla_spawn_objects:/home/jay/Documents/AutoDriving-Planning-Control-Algorithm-Simulation-Carla/install/carla_manual_control:/home/jay/Documents/AutoDriving-Planning-Control-Algorithm-Simulation-Carla/install/carla_l5player_bridge_ego_vis:/home/jay/Documents/AutoDriving-Planning-Control-Algorithm-Simulation-Carla/install/carla_ad_agent:/home/jay/Documents/AutoDriving-Planning-Control-Algorithm-Simulation-Carla/install/ros_compatibility:/home/jay/Documents/AutoDriving-Planning-Control-Algorithm-Simulation-Carla/install/carla_walker_agent:/home/jay/Documents/AutoDriving-Planning-Control-Algorithm-Simulation-Carla/install/carla_twist_to_control:/home/jay/Documents/AutoDriving-Planning-Control-Algorithm-Simulation-Carla/install/carla_ros_scenario_runner:/home/jay/Documents/AutoDriving-Planning-Control-Algorithm-Simulation-Carla/install/carla_common:/opt/ros/foxy LD_LIBRARY_PATH=/home/jay/Documents/AutoDriving-Planning-Control-Algorithm-Simulation-Carla/install/carla_msgs/lib:/home/jay/Documents/AutoDriving-Planning-Control-Algorithm-Simulation-Carla/install/rviz_carla_plugin/lib:/home/jay/Documents/AutoDriving-Planning-Control-Algorithm-Simulation-Carla/install/carla_waypoint_types/lib:/home/jay/Documents/AutoDriving-Planning-Control-Algorithm-Simulation-Carla/install/carla_ros_scenario_runner_types/lib:/home/jay/Documents/AutoDriving-Planning-Control-Algorithm-Simulation-Carla/install/carla_ackermann_msgs/lib:/home/jay/.mujoco/mujoco200/bin:/usr/local/cuda-11.6/lib64:/opt/ros/foxy/opt/yaml_cpp_vendor/lib:/opt/ros/foxy/opt/rviz_ogre_vendor/lib:/opt/ros/foxy/lib/x86_64-linux-gnu:/opt/ros/foxy/lib:/home/jay/.mujoco/mujoco200/bin:/usr/local/cuda-11.6/lib64:/home/jay/Software/TensorRT-8.4.2.4/lib:/home/jay/Software/TensorRT-8.4.2.4/lib PYTHONPATH=/home/jay/Documents/AutoDriving-Planning-Control-Algorithm-Simulation-Carla/install/carla_msgs/lib/python3.8/site-packages:/home/jay/Documents/AutoDriving-Planning-Control-Algorithm-Simulation-Carla/install/rqt_carla_control/lib/python3.8/site-packages:/home/jay/Documents/AutoDriving-Planning-Control-Algorithm-Simulation-Carla/install/carla_waypoint_publisher/lib/python3.8/site-packages:/home/jay/Documents/AutoDriving-Planning-Control-Algorithm-Simulation-Carla/install/carla_ackermann_control/lib/python3.8/site-packages:/home/jay/Documents/AutoDriving-Planning-Control-Algorithm-Simulation-Carla/install/carla_ros_bridge/lib/python3.8/site-packages:/home/jay/Documents/AutoDriving-Planning-Control-Algorithm-Simulation-Carla/install/carla_spawn_objects/lib/python3.8/site-packages:/home/jay/Documents/AutoDriving-Planning-Control-Algorithm-Simulation-Carla/install/carla_manual_control/lib/python3.8/site-packages:/home/jay/Documents/AutoDriving-Planning-Control-Algorithm-Simulation-Carla/install/carla_l5player_bridge_ego_vis/lib/python3.8/site-packages:/home/jay/Documents/AutoDriving-Planning-Control-Algorithm-Simulation-Carla/install/carla_ad_agent/lib/python3.8/site-packages:/home/jay/Documents/AutoDriving-Planning-Control-Algorithm-Simulation-Carla/install/ros_compatibility/lib/python3.8/site-packages:/home/jay/Documents/AutoDriving-Planning-Control-Algorithm-Simulation-Carla/install/carla_waypoint_types/lib/python3.8/site-packages:/home/jay/Documents/AutoDriving-Planning-Control-Algorithm-Simulation-Carla/install/carla_walker_agent/lib/python3.8/site-packages:/home/jay/Documents/AutoDriving-Planning-Control-Algorithm-Simulation-Carla/install/carla_twist_to_control/lib/python3.8/site-packages:/home/jay/Documents/AutoDriving-Planning-Control-Algorithm-Simulation-Carla/install/carla_ros_scenario_runner/lib/python3.8/site-packages:/home/jay/Documents/AutoDriving-Planning-Control-Algorithm-Simulation-Carla/install/carla_ros_scenario_runner_types/lib/python3.8/site-packages:/home/jay/Documents/AutoDriving-Planning-Control-Algorithm-Simulation-Carla/install/carla_ackermann_msgs/lib/python3.8/site-packages:/home/jay/Documents/AutoDriving-Planning-Control-Algorithm-Simulation-Carla/install/carla_common/lib/python3.8/site-packages:/opt/ros/foxy/lib/python3.8/site-packages:/home/jay/Software/carla_0.9.13/PythonAPI/carla/dist/carla-0.9.13-py3.7-linux-x86_64.egg:/home/jay/Software/carla_0.9.13/PythonAPI/carla:/home/jay/Software/commonroad/commonroad_search/:/home/jay/Software/carla_0.9.13/PythonAPI/carla/dist/carla-0.9.13-py3.7-linux-x86_64.egg:/home/jay/Software/carla_0.9.13/PythonAPI/carla:/home/jay/Software/commonroad/commonroad_search/ /usr/bin/cmake --build /home/jay/Documents/AutoDriving-Planning-Control-Algorithm-Simulation-Carla/build/carla_ackermann_msgs -- -j24 -l24
[6.032s] Invoking command in '/home/jay/Documents/AutoDriving-Planning-Control-Algorithm-Simulation-Carla/build/carla_ackermann_msgs': CMAKE_PREFIX_PATH=/home/jay/Documents/AutoDriving-Planning-Control-Algorithm-Simulation-Carla/install/carla_msgs:/home/jay/Documents/AutoDriving-Planning-Control-Algorithm-Simulation-Carla/install/carla_l5player_hybridastar_planner:/home/jay/Documents/AutoDriving-Planning-Control-Algorithm-Simulation-Carla/install/carla_ad_demo:/home/jay/Documents/AutoDriving-Planning-Control-Algorithm-Simulation-Carla/install/rviz_carla_plugin:/home/jay/Documents/AutoDriving-Planning-Control-Algorithm-Simulation-Carla/install/pcl_recorder:/home/jay/Documents/AutoDriving-Planning-Control-Algorithm-Simulation-Carla/install/carla_waypoint_types:/home/jay/Documents/AutoDriving-Planning-Control-Algorithm-Simulation-Carla/install/carla_ros_scenario_runner_types:/home/jay/Documents/AutoDriving-Planning-Control-Algorithm-Simulation-Carla/install/carla_l5player_stanley_pid_controller:/home/jay/Documents/AutoDriving-Planning-Control-Algorithm-Simulation-Carla/install/carla_l5player_pid_new_controller:/home/jay/Documents/AutoDriving-Planning-Control-Algorithm-Simulation-Carla/install/carla_l5player_pid_controller:/home/jay/Documents/AutoDriving-Planning-Control-Algorithm-Simulation-Carla/install/carla_l5player_mpc_controller:/home/jay/Documents/AutoDriving-Planning-Control-Algorithm-Simulation-Carla/install/carla_l5player_lqr_pid_controller:/home/jay/Documents/AutoDriving-Planning-Control-Algorithm-Simulation-Carla/install/carla_ackermann_msgs:/home/jay/Documents/AutoDriving-Planning-Control-Algorithm-Simulation-Carla/install/rqt_carla_control:/home/jay/Documents/AutoDriving-Planning-Control-Algorithm-Simulation-Carla/install/carla_waypoint_publisher:/home/jay/Documents/AutoDriving-Planning-Control-Algorithm-Simulation-Carla/install/carla_ackermann_control:/home/jay/Documents/AutoDriving-Planning-Control-Algorithm-Simulation-Carla/install/carla_ros_bridge:/home/jay/Documents/AutoDriving-Planning-Control-Algorithm-Simulation-Carla/install/carla_spawn_objects:/home/jay/Documents/AutoDriving-Planning-Control-Algorithm-Simulation-Carla/install/carla_manual_control:/home/jay/Documents/AutoDriving-Planning-Control-Algorithm-Simulation-Carla/install/carla_l5player_bridge_ego_vis:/home/jay/Documents/AutoDriving-Planning-Control-Algorithm-Simulation-Carla/install/carla_ad_agent:/home/jay/Documents/AutoDriving-Planning-Control-Algorithm-Simulation-Carla/install/ros_compatibility:/home/jay/Documents/AutoDriving-Planning-Control-Algorithm-Simulation-Carla/install/carla_walker_agent:/home/jay/Documents/AutoDriving-Planning-Control-Algorithm-Simulation-Carla/install/carla_twist_to_control:/home/jay/Documents/AutoDriving-Planning-Control-Algorithm-Simulation-Carla/install/carla_ros_scenario_runner:/home/jay/Documents/AutoDriving-Planning-Control-Algorithm-Simulation-Carla/install/carla_common:/opt/ros/foxy LD_LIBRARY_PATH=/home/jay/Documents/AutoDriving-Planning-Control-Algorithm-Simulation-Carla/install/carla_msgs/lib:/home/jay/Documents/AutoDriving-Planning-Control-Algorithm-Simulation-Carla/install/rviz_carla_plugin/lib:/home/jay/Documents/AutoDriving-Planning-Control-Algorithm-Simulation-Carla/install/carla_waypoint_types/lib:/home/jay/Documents/AutoDriving-Planning-Control-Algorithm-Simulation-Carla/install/carla_ros_scenario_runner_types/lib:/home/jay/Documents/AutoDriving-Planning-Control-Algorithm-Simulation-Carla/install/carla_ackermann_msgs/lib:/home/jay/.mujoco/mujoco200/bin:/usr/local/cuda-11.6/lib64:/opt/ros/foxy/opt/yaml_cpp_vendor/lib:/opt/ros/foxy/opt/rviz_ogre_vendor/lib:/opt/ros/foxy/lib/x86_64-linux-gnu:/opt/ros/foxy/lib:/home/jay/.mujoco/mujoco200/bin:/usr/local/cuda-11.6/lib64:/home/jay/Software/TensorRT-8.4.2.4/lib:/home/jay/Software/TensorRT-8.4.2.4/lib PYTHONPATH=/home/jay/Documents/AutoDriving-Planning-Control-Algorithm-Simulation-Carla/install/carla_msgs/lib/python3.8/site-packages:/home/jay/Documents/AutoDriving-Planning-Control-Algorithm-Simulation-Carla/install/rqt_carla_control/lib/python3.8/site-packages:/home/jay/Documents/AutoDriving-Planning-Control-Algorithm-Simulation-Carla/install/carla_waypoint_publisher/lib/python3.8/site-packages:/home/jay/Documents/AutoDriving-Planning-Control-Algorithm-Simulation-Carla/install/carla_ackermann_control/lib/python3.8/site-packages:/home/jay/Documents/AutoDriving-Planning-Control-Algorithm-Simulation-Carla/install/carla_ros_bridge/lib/python3.8/site-packages:/home/jay/Documents/AutoDriving-Planning-Control-Algorithm-Simulation-Carla/install/carla_spawn_objects/lib/python3.8/site-packages:/home/jay/Documents/AutoDriving-Planning-Control-Algorithm-Simulation-Carla/install/carla_manual_control/lib/python3.8/site-packages:/home/jay/Documents/AutoDriving-Planning-Control-Algorithm-Simulation-Carla/install/carla_l5player_bridge_ego_vis/lib/python3.8/site-packages:/home/jay/Documents/AutoDriving-Planning-Control-Algorithm-Simulation-Carla/install/carla_ad_agent/lib/python3.8/site-packages:/home/jay/Documents/AutoDriving-Planning-Control-Algorithm-Simulation-Carla/install/ros_compatibility/lib/python3.8/site-packages:/home/jay/Documents/AutoDriving-Planning-Control-Algorithm-Simulation-Carla/install/carla_waypoint_types/lib/python3.8/site-packages:/home/jay/Documents/AutoDriving-Planning-Control-Algorithm-Simulation-Carla/install/carla_walker_agent/lib/python3.8/site-packages:/home/jay/Documents/AutoDriving-Planning-Control-Algorithm-Simulation-Carla/install/carla_twist_to_control/lib/python3.8/site-packages:/home/jay/Documents/AutoDriving-Planning-Control-Algorithm-Simulation-Carla/install/carla_ros_scenario_runner/lib/python3.8/site-packages:/home/jay/Documents/AutoDriving-Planning-Control-Algorithm-Simulation-Carla/install/carla_ros_scenario_runner_types/lib/python3.8/site-packages:/home/jay/Documents/AutoDriving-Planning-Control-Algorithm-Simulation-Carla/install/carla_ackermann_msgs/lib/python3.8/site-packages:/home/jay/Documents/AutoDriving-Planning-Control-Algorithm-Simulation-Carla/install/carla_common/lib/python3.8/site-packages:/opt/ros/foxy/lib/python3.8/site-packages:/home/jay/Software/carla_0.9.13/PythonAPI/carla/dist/carla-0.9.13-py3.7-linux-x86_64.egg:/home/jay/Software/carla_0.9.13/PythonAPI/carla:/home/jay/Software/commonroad/commonroad_search/:/home/jay/Software/carla_0.9.13/PythonAPI/carla/dist/carla-0.9.13-py3.7-linux-x86_64.egg:/home/jay/Software/carla_0.9.13/PythonAPI/carla:/home/jay/Software/commonroad/commonroad_search/ /usr/bin/cmake --install /home/jay/Documents/AutoDriving-Planning-Control-Algorithm-Simulation-Carla/build/carla_ackermann_msgs
[6.040s] -- Install configuration: ""
[6.040s] -- Installing: /home/jay/Documents/AutoDriving-Planning-Control-Algorithm-Simulation-Carla/install/carla_ackermann_msgs/share/ament_index/resource_index/rosidl_interfaces/carla_ackermann_msgs
[6.040s] -- Installing: /home/jay/Documents/AutoDriving-Planning-Control-Algorithm-Simulation-Carla/install/carla_ackermann_msgs/include/carla_ackermann_msgs
[6.040s] -- Installing: /home/jay/Documents/AutoDriving-Planning-Control-Algorithm-Simulation-Carla/install/carla_ackermann_msgs/include/carla_ackermann_msgs/msg
[6.040s] -- Installing: /home/jay/Documents/AutoDriving-Planning-Control-Algorithm-Simulation-Carla/install/carla_ackermann_msgs/include/carla_ackermann_msgs/msg/ego_vehicle_control_maxima.h
[6.041s] -- Installing: /home/jay/Documents/AutoDriving-Planning-Control-Algorithm-Simulation-Carla/install/carla_ackermann_msgs/include/carla_ackermann_msgs/msg/detail
[6.041s] -- Installing: /home/jay/Documents/AutoDriving-Planning-Control-Algorithm-Simulation-Carla/install/carla_ackermann_msgs/include/carla_ackermann_msgs/msg/detail/ego_vehicle_control_status__struct.h
[6.041s] -- Installing: /home/jay/Documents/AutoDriving-Planning-Control-Algorithm-Simulation-Carla/install/carla_ackermann_msgs/include/carla_ackermann_msgs/msg/detail/ego_vehicle_control_target__struct.h
[6.041s] -- Installing: /home/jay/Documents/AutoDriving-Planning-Control-Algorithm-Simulation-Carla/install/carla_ackermann_msgs/include/carla_ackermann_msgs/msg/detail/ego_vehicle_control_status__functions.c
[6.041s] -- Installing: /home/jay/Documents/AutoDriving-Planning-Control-Algorithm-Simulation-Carla/install/carla_ackermann_msgs/include/carla_ackermann_msgs/msg/detail/ego_vehicle_control_info__type_support.h
[6.041s] -- Installing: /home/jay/Documents/AutoDriving-Planning-Control-Algorithm-Simulation-Carla/install/carla_ackermann_msgs/include/carla_ackermann_msgs/msg/detail/ego_vehicle_control_target__type_support.h
[6.041s] -- Installing: /home/jay/Documents/AutoDriving-Planning-Control-Algorithm-Simulation-Carla/install/carla_ackermann_msgs/include/carla_ackermann_msgs/msg/detail/ego_vehicle_control_status__type_support.h
[6.041s] -- Installing: /home/jay/Documents/AutoDriving-Planning-Control-Algorithm-Simulation-Carla/install/carla_ackermann_msgs/include/carla_ackermann_msgs/msg/detail/ego_vehicle_control_current__functions.c
[6.041s] -- Installing: /home/jay/Documents/AutoDriving-Planning-Control-Algorithm-Simulation-Carla/install/carla_ackermann_msgs/include/carla_ackermann_msgs/msg/detail/ego_vehicle_control_info__functions.c
[6.041s] -- Installing: /home/jay/Documents/AutoDriving-Planning-Control-Algorithm-Simulation-Carla/install/carla_ackermann_msgs/include/carla_ackermann_msgs/msg/detail/ego_vehicle_control_status__functions.h
[6.041s] -- Installing: /home/jay/Documents/AutoDriving-Planning-Control-Algorithm-Simulation-Carla/install/carla_ackermann_msgs/include/carla_ackermann_msgs/msg/detail/ego_vehicle_control_maxima__type_support.h
[6.042s] -- Installing: /home/jay/Documents/AutoDriving-Planning-Control-Algorithm-Simulation-Carla/install/carla_ackermann_msgs/include/carla_ackermann_msgs/msg/detail/ego_vehicle_control_current__struct.h
[6.042s] -- Installing: /home/jay/Documents/AutoDriving-Planning-Control-Algorithm-Simulation-Carla/install/carla_ackermann_msgs/include/carla_ackermann_msgs/msg/detail/ego_vehicle_control_current__functions.h
[6.042s] -- Installing: /home/jay/Documents/AutoDriving-Planning-Control-Algorithm-Simulation-Carla/install/carla_ackermann_msgs/include/carla_ackermann_msgs/msg/detail/ego_vehicle_control_maxima__functions.c
[6.042s] -- Installing: /home/jay/Documents/AutoDriving-Planning-Control-Algorithm-Simulation-Carla/install/carla_ackermann_msgs/include/carla_ackermann_msgs/msg/detail/ego_vehicle_control_info__struct.h
[6.042s] -- Installing: /home/jay/Documents/AutoDriving-Planning-Control-Algorithm-Simulation-Carla/install/carla_ackermann_msgs/include/carla_ackermann_msgs/msg/detail/ego_vehicle_control_target__functions.c
[6.042s] -- Installing: /home/jay/Documents/AutoDriving-Planning-Control-Algorithm-Simulation-Carla/install/carla_ackermann_msgs/include/carla_ackermann_msgs/msg/detail/ego_vehicle_control_current__type_support.h
[6.042s] -- Installing: /home/jay/Documents/AutoDriving-Planning-Control-Algorithm-Simulation-Carla/install/carla_ackermann_msgs/include/carla_ackermann_msgs/msg/detail/ego_vehicle_control_maxima__functions.h
[6.042s] -- Installing: /home/jay/Documents/AutoDriving-Planning-Control-Algorithm-Simulation-Carla/install/carla_ackermann_msgs/include/carla_ackermann_msgs/msg/detail/ego_vehicle_control_maxima__struct.h
[6.042s] -- Installing: /home/jay/Documents/AutoDriving-Planning-Control-Algorithm-Simulation-Carla/install/carla_ackermann_msgs/include/carla_ackermann_msgs/msg/detail/ego_vehicle_control_info__functions.h
[6.042s] -- Installing: /home/jay/Documents/AutoDriving-Planning-Control-Algorithm-Simulation-Carla/install/carla_ackermann_msgs/include/carla_ackermann_msgs/msg/detail/ego_vehicle_control_target__functions.h
[6.042s] -- Installing: /home/jay/Documents/AutoDriving-Planning-Control-Algorithm-Simulation-Carla/install/carla_ackermann_msgs/include/carla_ackermann_msgs/msg/rosidl_generator_c__visibility_control.h
[6.043s] -- Installing: /home/jay/Documents/AutoDriving-Planning-Control-Algorithm-Simulation-Carla/install/carla_ackermann_msgs/include/carla_ackermann_msgs/msg/ego_vehicle_control_current.h
[6.043s] -- Installing: /home/jay/Documents/AutoDriving-Planning-Control-Algorithm-Simulation-Carla/install/carla_ackermann_msgs/include/carla_ackermann_msgs/msg/ego_vehicle_control_status.h
[6.043s] -- Installing: /home/jay/Documents/AutoDriving-Planning-Control-Algorithm-Simulation-Carla/install/carla_ackermann_msgs/include/carla_ackermann_msgs/msg/ego_vehicle_control_target.h
[6.043s] -- Installing: /home/jay/Documents/AutoDriving-Planning-Control-Algorithm-Simulation-Carla/install/carla_ackermann_msgs/include/carla_ackermann_msgs/msg/ego_vehicle_control_info.h
[6.043s] -- Installing: /home/jay/Documents/AutoDriving-Planning-Control-Algorithm-Simulation-Carla/install/carla_ackermann_msgs/share/carla_ackermann_msgs/environment/library_path.sh
[6.043s] -- Installing: /home/jay/Documents/AutoDriving-Planning-Control-Algorithm-Simulation-Carla/install/carla_ackermann_msgs/share/carla_ackermann_msgs/environment/library_path.dsv
[6.043s] -- Installing: /home/jay/Documents/AutoDriving-Planning-Control-Algorithm-Simulation-Carla/install/carla_ackermann_msgs/lib/libcarla_ackermann_msgs__rosidl_generator_c.so
[6.043s] -- Set runtime path of "/home/jay/Documents/AutoDriving-Planning-Control-Algorithm-Simulation-Carla/install/carla_ackermann_msgs/lib/libcarla_ackermann_msgs__rosidl_generator_c.so" to ""
[6.043s] -- Up-to-date: /home/jay/Documents/AutoDriving-Planning-Control-Algorithm-Simulation-Carla/install/carla_ackermann_msgs/include/carla_ackermann_msgs
[6.043s] -- Up-to-date: /home/jay/Documents/AutoDriving-Planning-Control-Algorithm-Simulation-Carla/install/carla_ackermann_msgs/include/carla_ackermann_msgs/msg
[6.044s] -- Up-to-date: /home/jay/Documents/AutoDriving-Planning-Control-Algorithm-Simulation-Carla/install/carla_ackermann_msgs/include/carla_ackermann_msgs/msg/detail
[6.044s] -- Installing: /home/jay/Documents/AutoDriving-Planning-Control-Algorithm-Simulation-Carla/install/carla_ackermann_msgs/include/carla_ackermann_msgs/msg/detail/ego_vehicle_control_maxima__rosidl_typesupport_fastrtps_c.h
[6.044s] -- Installing: /home/jay/Documents/AutoDriving-Planning-Control-Algorithm-Simulation-Carla/install/carla_ackermann_msgs/include/carla_ackermann_msgs/msg/detail/ego_vehicle_control_target__rosidl_typesupport_fastrtps_c.h
[6.044s] -- Installing: /home/jay/Documents/AutoDriving-Planning-Control-Algorithm-Simulation-Carla/install/carla_ackermann_msgs/include/carla_ackermann_msgs/msg/detail/ego_vehicle_control_current__rosidl_typesupport_fastrtps_c.h
[6.044s] -- Installing: /home/jay/Documents/AutoDriving-Planning-Control-Algorithm-Simulation-Carla/install/carla_ackermann_msgs/include/carla_ackermann_msgs/msg/detail/ego_vehicle_control_info__rosidl_typesupport_fastrtps_c.h
[6.044s] -- Installing: /home/jay/Documents/AutoDriving-Planning-Control-Algorithm-Simulation-Carla/install/carla_ackermann_msgs/include/carla_ackermann_msgs/msg/detail/ego_vehicle_control_status__rosidl_typesupport_fastrtps_c.h
[6.044s] -- Installing: /home/jay/Documents/AutoDriving-Planning-Control-Algorithm-Simulation-Carla/install/carla_ackermann_msgs/include/carla_ackermann_msgs/msg/rosidl_typesupport_fastrtps_c__visibility_control.h
[6.044s] -- Installing: /home/jay/Documents/AutoDriving-Planning-Control-Algorithm-Simulation-Carla/install/carla_ackermann_msgs/lib/libcarla_ackermann_msgs__rosidl_typesupport_fastrtps_c.so
[6.044s] -- Set runtime path of "/home/jay/Documents/AutoDriving-Planning-Control-Algorithm-Simulation-Carla/install/carla_ackermann_msgs/lib/libcarla_ackermann_msgs__rosidl_typesupport_fastrtps_c.so" to ""
[6.044s] -- Up-to-date: /home/jay/Documents/AutoDriving-Planning-Control-Algorithm-Simulation-Carla/install/carla_ackermann_msgs/include/carla_ackermann_msgs
[6.044s] -- Up-to-date: /home/jay/Documents/AutoDriving-Planning-Control-Algorithm-Simulation-Carla/install/carla_ackermann_msgs/include/carla_ackermann_msgs/msg
[6.044s] -- Up-to-date: /home/jay/Documents/AutoDriving-Planning-Control-Algorithm-Simulation-Carla/install/carla_ackermann_msgs/include/carla_ackermann_msgs/msg/detail
[6.044s] -- Installing: /home/jay/Documents/AutoDriving-Planning-Control-Algorithm-Simulation-Carla/install/carla_ackermann_msgs/include/carla_ackermann_msgs/msg/detail/ego_vehicle_control_current__rosidl_typesupport_fastrtps_cpp.hpp
[6.045s] -- Installing: /home/jay/Documents/AutoDriving-Planning-Control-Algorithm-Simulation-Carla/install/carla_ackermann_msgs/include/carla_ackermann_msgs/msg/detail/ego_vehicle_control_info__rosidl_typesupport_fastrtps_cpp.hpp
[6.045s] -- Installing: /home/jay/Documents/AutoDriving-Planning-Control-Algorithm-Simulation-Carla/install/carla_ackermann_msgs/include/carla_ackermann_msgs/msg/detail/ego_vehicle_control_status__rosidl_typesupport_fastrtps_cpp.hpp
[6.045s] -- Installing: /home/jay/Documents/AutoDriving-Planning-Control-Algorithm-Simulation-Carla/install/carla_ackermann_msgs/include/carla_ackermann_msgs/msg/detail/ego_vehicle_control_maxima__rosidl_typesupport_fastrtps_cpp.hpp
[6.045s] -- Installing: /home/jay/Documents/AutoDriving-Planning-Control-Algorithm-Simulation-Carla/install/carla_ackermann_msgs/include/carla_ackermann_msgs/msg/detail/ego_vehicle_control_target__rosidl_typesupport_fastrtps_cpp.hpp
[6.045s] -- Installing: /home/jay/Documents/AutoDriving-Planning-Control-Algorithm-Simulation-Carla/install/carla_ackermann_msgs/include/carla_ackermann_msgs/msg/detail/dds_fastrtps
[6.045s] -- Installing: /home/jay/Documents/AutoDriving-Planning-Control-Algorithm-Simulation-Carla/install/carla_ackermann_msgs/include/carla_ackermann_msgs/msg/rosidl_typesupport_fastrtps_cpp__visibility_control.h
[6.045s] -- Installing: /home/jay/Documents/AutoDriving-Planning-Control-Algorithm-Simulation-Carla/install/carla_ackermann_msgs/lib/libcarla_ackermann_msgs__rosidl_typesupport_fastrtps_cpp.so
[6.045s] -- Set runtime path of "/home/jay/Documents/AutoDriving-Planning-Control-Algorithm-Simulation-Carla/install/carla_ackermann_msgs/lib/libcarla_ackermann_msgs__rosidl_typesupport_fastrtps_cpp.so" to ""
[6.045s] -- Up-to-date: /home/jay/Documents/AutoDriving-Planning-Control-Algorithm-Simulation-Carla/install/carla_ackermann_msgs/include/carla_ackermann_msgs
[6.045s] -- Up-to-date: /home/jay/Documents/AutoDriving-Planning-Control-Algorithm-Simulation-Carla/install/carla_ackermann_msgs/include/carla_ackermann_msgs/msg
[6.045s] -- Up-to-date: /home/jay/Documents/AutoDriving-Planning-Control-Algorithm-Simulation-Carla/install/carla_ackermann_msgs/include/carla_ackermann_msgs/msg/detail
[6.045s] -- Installing: /home/jay/Documents/AutoDriving-Planning-Control-Algorithm-Simulation-Carla/install/carla_ackermann_msgs/include/carla_ackermann_msgs/msg/detail/ego_vehicle_control_maxima__type_support.c
[6.045s] -- Installing: /home/jay/Documents/AutoDriving-Planning-Control-Algorithm-Simulation-Carla/install/carla_ackermann_msgs/include/carla_ackermann_msgs/msg/detail/ego_vehicle_control_status__rosidl_typesupport_introspection_c.h
[6.046s] -- Installing: /home/jay/Documents/AutoDriving-Planning-Control-Algorithm-Simulation-Carla/install/carla_ackermann_msgs/include/carla_ackermann_msgs/msg/detail/ego_vehicle_control_current__rosidl_typesupport_introspection_c.h
[6.046s] -- Installing: /home/jay/Documents/AutoDriving-Planning-Control-Algorithm-Simulation-Carla/install/carla_ackermann_msgs/include/carla_ackermann_msgs/msg/detail/ego_vehicle_control_info__rosidl_typesupport_introspection_c.h
[6.046s] -- Installing: /home/jay/Documents/AutoDriving-Planning-Control-Algorithm-Simulation-Carla/install/carla_ackermann_msgs/include/carla_ackermann_msgs/msg/detail/ego_vehicle_control_target__rosidl_typesupport_introspection_c.h
[6.046s] -- Installing: /home/jay/Documents/AutoDriving-Planning-Control-Algorithm-Simulation-Carla/install/carla_ackermann_msgs/include/carla_ackermann_msgs/msg/detail/ego_vehicle_control_target__type_support.c
[6.046s] -- Installing: /home/jay/Documents/AutoDriving-Planning-Control-Algorithm-Simulation-Carla/install/carla_ackermann_msgs/include/carla_ackermann_msgs/msg/detail/ego_vehicle_control_info__type_support.c
[6.046s] -- Installing: /home/jay/Documents/AutoDriving-Planning-Control-Algorithm-Simulation-Carla/install/carla_ackermann_msgs/include/carla_ackermann_msgs/msg/detail/ego_vehicle_control_maxima__rosidl_typesupport_introspection_c.h
[6.046s] -- Installing: /home/jay/Documents/AutoDriving-Planning-Control-Algorithm-Simulation-Carla/install/carla_ackermann_msgs/include/carla_ackermann_msgs/msg/detail/ego_vehicle_control_status__type_support.c
[6.046s] -- Installing: /home/jay/Documents/AutoDriving-Planning-Control-Algorithm-Simulation-Carla/install/carla_ackermann_msgs/include/carla_ackermann_msgs/msg/detail/ego_vehicle_control_current__type_support.c
[6.046s] -- Installing: /home/jay/Documents/AutoDriving-Planning-Control-Algorithm-Simulation-Carla/install/carla_ackermann_msgs/include/carla_ackermann_msgs/msg/rosidl_typesupport_introspection_c__visibility_control.h
[6.046s] -- Installing: /home/jay/Documents/AutoDriving-Planning-Control-Algorithm-Simulation-Carla/install/carla_ackermann_msgs/lib/libcarla_ackermann_msgs__rosidl_typesupport_introspection_c.so
[6.046s] -- Set runtime path of "/home/jay/Documents/AutoDriving-Planning-Control-Algorithm-Simulation-Carla/install/carla_ackermann_msgs/lib/libcarla_ackermann_msgs__rosidl_typesupport_introspection_c.so" to ""
[6.046s] -- Installing: /home/jay/Documents/AutoDriving-Planning-Control-Algorithm-Simulation-Carla/install/carla_ackermann_msgs/lib/libcarla_ackermann_msgs__rosidl_typesupport_c.so
[6.046s] -- Set runtime path of "/home/jay/Documents/AutoDriving-Planning-Control-Algorithm-Simulation-Carla/install/carla_ackermann_msgs/lib/libcarla_ackermann_msgs__rosidl_typesupport_c.so" to ""
[6.047s] -- Up-to-date: /home/jay/Documents/AutoDriving-Planning-Control-Algorithm-Simulation-Carla/install/carla_ackermann_msgs/include/carla_ackermann_msgs
[6.047s] -- Up-to-date: /home/jay/Documents/AutoDriving-Planning-Control-Algorithm-Simulation-Carla/install/carla_ackermann_msgs/include/carla_ackermann_msgs/msg
[6.047s] -- Up-to-date: /home/jay/Documents/AutoDriving-Planning-Control-Algorithm-Simulation-Carla/install/carla_ackermann_msgs/include/carla_ackermann_msgs/msg/detail
[6.047s] -- Installing: /home/jay/Documents/AutoDriving-Planning-Control-Algorithm-Simulation-Carla/install/carla_ackermann_msgs/include/carla_ackermann_msgs/msg/detail/ego_vehicle_control_status__traits.hpp
[6.047s] -- Installing: /home/jay/Documents/AutoDriving-Planning-Control-Algorithm-Simulation-Carla/install/carla_ackermann_msgs/include/carla_ackermann_msgs/msg/detail/ego_vehicle_control_status__struct.hpp
[6.047s] -- Installing: /home/jay/Documents/AutoDriving-Planning-Control-Algorithm-Simulation-Carla/install/carla_ackermann_msgs/include/carla_ackermann_msgs/msg/detail/ego_vehicle_control_info__struct.hpp
[6.047s] -- Installing: /home/jay/Documents/AutoDriving-Planning-Control-Algorithm-Simulation-Carla/install/carla_ackermann_msgs/include/carla_ackermann_msgs/msg/detail/ego_vehicle_control_info__traits.hpp
[6.047s] -- Installing: /home/jay/Documents/AutoDriving-Planning-Control-Algorithm-Simulation-Carla/install/carla_ackermann_msgs/include/carla_ackermann_msgs/msg/detail/ego_vehicle_control_target__struct.hpp
[6.047s] -- Installing: /home/jay/Documents/AutoDriving-Planning-Control-Algorithm-Simulation-Carla/install/carla_ackermann_msgs/include/carla_ackermann_msgs/msg/detail/ego_vehicle_control_maxima__traits.hpp
[6.047s] -- Installing: /home/jay/Documents/AutoDriving-Planning-Control-Algorithm-Simulation-Carla/install/carla_ackermann_msgs/include/carla_ackermann_msgs/msg/detail/ego_vehicle_control_info__builder.hpp
[6.047s] -- Installing: /home/jay/Documents/AutoDriving-Planning-Control-Algorithm-Simulation-Carla/install/carla_ackermann_msgs/include/carla_ackermann_msgs/msg/detail/ego_vehicle_control_target__builder.hpp
[6.047s] -- Installing: /home/jay/Documents/AutoDriving-Planning-Control-Algorithm-Simulation-Carla/install/carla_ackermann_msgs/include/carla_ackermann_msgs/msg/detail/ego_vehicle_control_maxima__struct.hpp
[6.047s] -- Installing: /home/jay/Documents/AutoDriving-Planning-Control-Algorithm-Simulation-Carla/install/carla_ackermann_msgs/include/carla_ackermann_msgs/msg/detail/ego_vehicle_control_target__traits.hpp
[6.047s] -- Installing: /home/jay/Documents/AutoDriving-Planning-Control-Algorithm-Simulation-Carla/install/carla_ackermann_msgs/include/carla_ackermann_msgs/msg/detail/ego_vehicle_control_maxima__builder.hpp
[6.047s] -- Installing: /home/jay/Documents/AutoDriving-Planning-Control-Algorithm-Simulation-Carla/install/carla_ackermann_msgs/include/carla_ackermann_msgs/msg/detail/ego_vehicle_control_current__struct.hpp
[6.047s] -- Installing: /home/jay/Documents/AutoDriving-Planning-Control-Algorithm-Simulation-Carla/install/carla_ackermann_msgs/include/carla_ackermann_msgs/msg/detail/ego_vehicle_control_status__builder.hpp
[6.047s] -- Installing: /home/jay/Documents/AutoDriving-Planning-Control-Algorithm-Simulation-Carla/install/carla_ackermann_msgs/include/carla_ackermann_msgs/msg/detail/ego_vehicle_control_current__traits.hpp
[6.047s] -- Installing: /home/jay/Documents/AutoDriving-Planning-Control-Algorithm-Simulation-Carla/install/carla_ackermann_msgs/include/carla_ackermann_msgs/msg/detail/ego_vehicle_control_current__builder.hpp
[6.048s] -- Installing: /home/jay/Documents/AutoDriving-Planning-Control-Algorithm-Simulation-Carla/install/carla_ackermann_msgs/include/carla_ackermann_msgs/msg/ego_vehicle_control_current.hpp
[6.048s] -- Installing: /home/jay/Documents/AutoDriving-Planning-Control-Algorithm-Simulation-Carla/install/carla_ackermann_msgs/include/carla_ackermann_msgs/msg/ego_vehicle_control_target.hpp
[6.048s] -- Installing: /home/jay/Documents/AutoDriving-Planning-Control-Algorithm-Simulation-Carla/install/carla_ackermann_msgs/include/carla_ackermann_msgs/msg/ego_vehicle_control_status.hpp
[6.048s] -- Installing: /home/jay/Documents/AutoDriving-Planning-Control-Algorithm-Simulation-Carla/install/carla_ackermann_msgs/include/carla_ackermann_msgs/msg/ego_vehicle_control_info.hpp
[6.048s] -- Installing: /home/jay/Documents/AutoDriving-Planning-Control-Algorithm-Simulation-Carla/install/carla_ackermann_msgs/include/carla_ackermann_msgs/msg/ego_vehicle_control_maxima.hpp
[6.048s] -- Up-to-date: /home/jay/Documents/AutoDriving-Planning-Control-Algorithm-Simulation-Carla/install/carla_ackermann_msgs/include/carla_ackermann_msgs
[6.048s] -- Up-to-date: /home/jay/Documents/AutoDriving-Planning-Control-Algorithm-Simulation-Carla/install/carla_ackermann_msgs/include/carla_ackermann_msgs/msg
[6.048s] -- Up-to-date: /home/jay/Documents/AutoDriving-Planning-Control-Algorithm-Simulation-Carla/install/carla_ackermann_msgs/include/carla_ackermann_msgs/msg/detail
[6.048s] -- Installing: /home/jay/Documents/AutoDriving-Planning-Control-Algorithm-Simulation-Carla/install/carla_ackermann_msgs/include/carla_ackermann_msgs/msg/detail/ego_vehicle_control_info__rosidl_typesupport_introspection_cpp.hpp
[6.048s] -- Installing: /home/jay/Documents/AutoDriving-Planning-Control-Algorithm-Simulation-Carla/install/carla_ackermann_msgs/include/carla_ackermann_msgs/msg/detail/ego_vehicle_control_status__type_support.cpp
[6.048s] -- Installing: /home/jay/Documents/AutoDriving-Planning-Control-Algorithm-Simulation-Carla/install/carla_ackermann_msgs/include/carla_ackermann_msgs/msg/detail/ego_vehicle_control_status__rosidl_typesupport_introspection_cpp.hpp
[6.048s] -- Installing: /home/jay/Documents/AutoDriving-Planning-Control-Algorithm-Simulation-Carla/install/carla_ackermann_msgs/include/carla_ackermann_msgs/msg/detail/ego_vehicle_control_target__rosidl_typesupport_introspection_cpp.hpp
[6.048s] -- Installing: /home/jay/Documents/AutoDriving-Planning-Control-Algorithm-Simulation-Carla/install/carla_ackermann_msgs/include/carla_ackermann_msgs/msg/detail/ego_vehicle_control_maxima__rosidl_typesupport_introspection_cpp.hpp
[6.048s] -- Installing: /home/jay/Documents/AutoDriving-Planning-Control-Algorithm-Simulation-Carla/install/carla_ackermann_msgs/include/carla_ackermann_msgs/msg/detail/ego_vehicle_control_maxima__type_support.cpp
[6.048s] -- Installing: /home/jay/Documents/AutoDriving-Planning-Control-Algorithm-Simulation-Carla/install/carla_ackermann_msgs/include/carla_ackermann_msgs/msg/detail/ego_vehicle_control_current__type_support.cpp
[6.048s] -- Installing: /home/jay/Documents/AutoDriving-Planning-Control-Algorithm-Simulation-Carla/install/carla_ackermann_msgs/include/carla_ackermann_msgs/msg/detail/ego_vehicle_control_current__rosidl_typesupport_introspection_cpp.hpp
[6.048s] -- Installing: /home/jay/Documents/AutoDriving-Planning-Control-Algorithm-Simulation-Carla/install/carla_ackermann_msgs/include/carla_ackermann_msgs/msg/detail/ego_vehicle_control_info__type_support.cpp
[6.048s] -- Installing: /home/jay/Documents/AutoDriving-Planning-Control-Algorithm-Simulation-Carla/install/carla_ackermann_msgs/include/carla_ackermann_msgs/msg/detail/ego_vehicle_control_target__type_support.cpp
[6.048s] -- Installing: /home/jay/Documents/AutoDriving-Planning-Control-Algorithm-Simulation-Carla/install/carla_ackermann_msgs/lib/libcarla_ackermann_msgs__rosidl_typesupport_introspection_cpp.so
[6.048s] -- Set runtime path of "/home/jay/Documents/AutoDriving-Planning-Control-Algorithm-Simulation-Carla/install/carla_ackermann_msgs/lib/libcarla_ackermann_msgs__rosidl_typesupport_introspection_cpp.so" to ""
[6.048s] -- Installing: /home/jay/Documents/AutoDriving-Planning-Control-Algorithm-Simulation-Carla/install/carla_ackermann_msgs/lib/libcarla_ackermann_msgs__rosidl_typesupport_cpp.so
[6.048s] -- Set runtime path of "/home/jay/Documents/AutoDriving-Planning-Control-Algorithm-Simulation-Carla/install/carla_ackermann_msgs/lib/libcarla_ackermann_msgs__rosidl_typesupport_cpp.so" to ""
[6.048s] -- Installing: /home/jay/Documents/AutoDriving-Planning-Control-Algorithm-Simulation-Carla/install/carla_ackermann_msgs/share/carla_ackermann_msgs/environment/pythonpath.sh
[6.048s] -- Installing: /home/jay/Documents/AutoDriving-Planning-Control-Algorithm-Simulation-Carla/install/carla_ackermann_msgs/share/carla_ackermann_msgs/environment/pythonpath.dsv
[6.048s] -- Installing: /home/jay/Documents/AutoDriving-Planning-Control-Algorithm-Simulation-Carla/install/carla_ackermann_msgs/lib/python3.8/site-packages/carla_ackermann_msgs/__init__.py
[6.082s] Compiling '/home/jay/Documents/AutoDriving-Planning-Control-Algorithm-Simulation-Carla/install/carla_ackermann_msgs/lib/python3.8/site-packages/carla_ackermann_msgs/__init__.py'...
[6.086s] -- Installing: /home/jay/Documents/AutoDriving-Planning-Control-Algorithm-Simulation-Carla/install/carla_ackermann_msgs/lib/python3.8/site-packages/carla_ackermann_msgs/msg
[6.086s] -- Installing: /home/jay/Documents/AutoDriving-Planning-Control-Algorithm-Simulation-Carla/install/carla_ackermann_msgs/lib/python3.8/site-packages/carla_ackermann_msgs/msg/_ego_vehicle_control_maxima.py
[6.086s] -- Installing: /home/jay/Documents/AutoDriving-Planning-Control-Algorithm-Simulation-Carla/install/carla_ackermann_msgs/lib/python3.8/site-packages/carla_ackermann_msgs/msg/_ego_vehicle_control_status_s.c
[6.086s] -- Installing: /home/jay/Documents/AutoDriving-Planning-Control-Algorithm-Simulation-Carla/install/carla_ackermann_msgs/lib/python3.8/site-packages/carla_ackermann_msgs/msg/_ego_vehicle_control_current.py
[6.087s] -- Installing: /home/jay/Documents/AutoDriving-Planning-Control-Algorithm-Simulation-Carla/install/carla_ackermann_msgs/lib/python3.8/site-packages/carla_ackermann_msgs/msg/_ego_vehicle_control_maxima_s.c
[6.087s] -- Installing: /home/jay/Documents/AutoDriving-Planning-Control-Algorithm-Simulation-Carla/install/carla_ackermann_msgs/lib/python3.8/site-packages/carla_ackermann_msgs/msg/_ego_vehicle_control_target_s.c
[6.087s] -- Installing: /home/jay/Documents/AutoDriving-Planning-Control-Algorithm-Simulation-Carla/install/carla_ackermann_msgs/lib/python3.8/site-packages/carla_ackermann_msgs/msg/_ego_vehicle_control_info_s.c
[6.087s] -- Installing: /home/jay/Documents/AutoDriving-Planning-Control-Algorithm-Simulation-Carla/install/carla_ackermann_msgs/lib/python3.8/site-packages/carla_ackermann_msgs/msg/_ego_vehicle_control_info.py
[6.087s] -- Installing: /home/jay/Documents/AutoDriving-Planning-Control-Algorithm-Simulation-Carla/install/carla_ackermann_msgs/lib/python3.8/site-packages/carla_ackermann_msgs/msg/__init__.py
[6.087s] -- Installing: /home/jay/Documents/AutoDriving-Planning-Control-Algorithm-Simulation-Carla/install/carla_ackermann_msgs/lib/python3.8/site-packages/carla_ackermann_msgs/msg/_ego_vehicle_control_target.py
[6.087s] -- Installing: /home/jay/Documents/AutoDriving-Planning-Control-Algorithm-Simulation-Carla/install/carla_ackermann_msgs/lib/python3.8/site-packages/carla_ackermann_msgs/msg/_ego_vehicle_control_status.py
[6.087s] -- Installing: /home/jay/Documents/AutoDriving-Planning-Control-Algorithm-Simulation-Carla/install/carla_ackermann_msgs/lib/python3.8/site-packages/carla_ackermann_msgs/msg/_ego_vehicle_control_current_s.c
[6.087s] -- Installing: /home/jay/Documents/AutoDriving-Planning-Control-Algorithm-Simulation-Carla/install/carla_ackermann_msgs/lib/python3.8/site-packages/carla_ackermann_msgs/carla_ackermann_msgs_s__rosidl_typesupport_fastrtps_c.cpython-38-x86_64-linux-gnu.so
[6.088s] -- Set runtime path of "/home/jay/Documents/AutoDriving-Planning-Control-Algorithm-Simulation-Carla/install/carla_ackermann_msgs/lib/python3.8/site-packages/carla_ackermann_msgs/carla_ackermann_msgs_s__rosidl_typesupport_fastrtps_c.cpython-38-x86_64-linux-gnu.so" to ""
[6.088s] -- Installing: /home/jay/Documents/AutoDriving-Planning-Control-Algorithm-Simulation-Carla/install/carla_ackermann_msgs/lib/python3.8/site-packages/carla_ackermann_msgs/carla_ackermann_msgs_s__rosidl_typesupport_introspection_c.cpython-38-x86_64-linux-gnu.so
[6.088s] -- Set runtime path of "/home/jay/Documents/AutoDriving-Planning-Control-Algorithm-Simulation-Carla/install/carla_ackermann_msgs/lib/python3.8/site-packages/carla_ackermann_msgs/carla_ackermann_msgs_s__rosidl_typesupport_introspection_c.cpython-38-x86_64-linux-gnu.so" to ""
[6.089s] -- Installing: /home/jay/Documents/AutoDriving-Planning-Control-Algorithm-Simulation-Carla/install/carla_ackermann_msgs/lib/python3.8/site-packages/carla_ackermann_msgs/carla_ackermann_msgs_s__rosidl_typesupport_c.cpython-38-x86_64-linux-gnu.so
[6.089s] -- Set runtime path of "/home/jay/Documents/AutoDriving-Planning-Control-Algorithm-Simulation-Carla/install/carla_ackermann_msgs/lib/python3.8/site-packages/carla_ackermann_msgs/carla_ackermann_msgs_s__rosidl_typesupport_c.cpython-38-x86_64-linux-gnu.so" to ""
[6.089s] -- Installing: /home/jay/Documents/AutoDriving-Planning-Control-Algorithm-Simulation-Carla/install/carla_ackermann_msgs/lib/libcarla_ackermann_msgs__python.so
[6.090s] -- Set runtime path of "/home/jay/Documents/AutoDriving-Planning-Control-Algorithm-Simulation-Carla/install/carla_ackermann_msgs/lib/libcarla_ackermann_msgs__python.so" to ""
[6.090s] -- Installing: /home/jay/Documents/AutoDriving-Planning-Control-Algorithm-Simulation-Carla/install/carla_ackermann_msgs/share/carla_ackermann_msgs/msg/EgoVehicleControlInfo.idl
[6.090s] -- Installing: /home/jay/Documents/AutoDriving-Planning-Control-Algorithm-Simulation-Carla/install/carla_ackermann_msgs/share/carla_ackermann_msgs/msg/EgoVehicleControlCurrent.idl
[6.090s] -- Installing: /home/jay/Documents/AutoDriving-Planning-Control-Algorithm-Simulation-Carla/install/carla_ackermann_msgs/share/carla_ackermann_msgs/msg/EgoVehicleControlMaxima.idl
[6.090s] -- Installing: /home/jay/Documents/AutoDriving-Planning-Control-Algorithm-Simulation-Carla/install/carla_ackermann_msgs/share/carla_ackermann_msgs/msg/EgoVehicleControlStatus.idl
[6.090s] -- Installing: /home/jay/Documents/AutoDriving-Planning-Control-Algorithm-Simulation-Carla/install/carla_ackermann_msgs/share/carla_ackermann_msgs/msg/EgoVehicleControlTarget.idl
[6.090s] -- Installing: /home/jay/Documents/AutoDriving-Planning-Control-Algorithm-Simulation-Carla/install/carla_ackermann_msgs/share/carla_ackermann_msgs/msg/EgoVehicleControlInfo.msg
[6.090s] -- Installing: /home/jay/Documents/AutoDriving-Planning-Control-Algorithm-Simulation-Carla/install/carla_ackermann_msgs/share/carla_ackermann_msgs/msg/EgoVehicleControlCurrent.msg
[6.090s] -- Installing: /home/jay/Documents/AutoDriving-Planning-Control-Algorithm-Simulation-Carla/install/carla_ackermann_msgs/share/carla_ackermann_msgs/msg/EgoVehicleControlMaxima.msg
[6.090s] -- Installing: /home/jay/Documents/AutoDriving-Planning-Control-Algorithm-Simulation-Carla/install/carla_ackermann_msgs/share/carla_ackermann_msgs/msg/EgoVehicleControlStatus.msg
[6.091s] -- Installing: /home/jay/Documents/AutoDriving-Planning-Control-Algorithm-Simulation-Carla/install/carla_ackermann_msgs/share/carla_ackermann_msgs/msg/EgoVehicleControlTarget.msg
[6.091s] -- Installing: /home/jay/Documents/AutoDriving-Planning-Control-Algorithm-Simulation-Carla/install/carla_ackermann_msgs/share/ament_index/resource_index/package_run_dependencies/carla_ackermann_msgs
[6.091s] -- Installing: /home/jay/Documents/AutoDriving-Planning-Control-Algorithm-Simulation-Carla/install/carla_ackermann_msgs/share/ament_index/resource_index/parent_prefix_path/carla_ackermann_msgs
[6.091s] -- Installing: /home/jay/Documents/AutoDriving-Planning-Control-Algorithm-Simulation-Carla/install/carla_ackermann_msgs/share/carla_ackermann_msgs/environment/ament_prefix_path.sh
[6.091s] -- Installing: /home/jay/Documents/AutoDriving-Planning-Control-Algorithm-Simulation-Carla/install/carla_ackermann_msgs/share/carla_ackermann_msgs/environment/ament_prefix_path.dsv
[6.091s] -- Installing: /home/jay/Documents/AutoDriving-Planning-Control-Algorithm-Simulation-Carla/install/carla_ackermann_msgs/share/carla_ackermann_msgs/environment/path.sh
[6.091s] -- Installing: /home/jay/Documents/AutoDriving-Planning-Control-Algorithm-Simulation-Carla/install/carla_ackermann_msgs/share/carla_ackermann_msgs/environment/path.dsv
[6.091s] -- Installing: /home/jay/Documents/AutoDriving-Planning-Control-Algorithm-Simulation-Carla/install/carla_ackermann_msgs/share/carla_ackermann_msgs/local_setup.bash
[6.091s] -- Installing: /home/jay/Documents/AutoDriving-Planning-Control-Algorithm-Simulation-Carla/install/carla_ackermann_msgs/share/carla_ackermann_msgs/local_setup.sh
[6.092s] -- Installing: /home/jay/Documents/AutoDriving-Planning-Control-Algorithm-Simulation-Carla/install/carla_ackermann_msgs/share/carla_ackermann_msgs/local_setup.zsh
[6.092s] -- Installing: /home/jay/Documents/AutoDriving-Planning-Control-Algorithm-Simulation-Carla/install/carla_ackermann_msgs/share/carla_ackermann_msgs/local_setup.dsv
[6.092s] -- Installing: /home/jay/Documents/AutoDriving-Planning-Control-Algorithm-Simulation-Carla/install/carla_ackermann_msgs/share/carla_ackermann_msgs/package.dsv
[6.092s] -- Installing: /home/jay/Documents/AutoDriving-Planning-Control-Algorithm-Simulation-Carla/install/carla_ackermann_msgs/share/ament_index/resource_index/packages/carla_ackermann_msgs
[6.092s] -- Installing: /home/jay/Documents/AutoDriving-Planning-Control-Algorithm-Simulation-Carla/install/carla_ackermann_msgs/share/carla_ackermann_msgs/cmake/carla_ackermann_msgs__rosidl_generator_cExport.cmake
[6.092s] -- Installing: /home/jay/Documents/AutoDriving-Planning-Control-Algorithm-Simulation-Carla/install/carla_ackermann_msgs/share/carla_ackermann_msgs/cmake/carla_ackermann_msgs__rosidl_generator_cExport-noconfig.cmake
[6.092s] -- Installing: /home/jay/Documents/AutoDriving-Planning-Control-Algorithm-Simulation-Carla/install/carla_ackermann_msgs/share/carla_ackermann_msgs/cmake/carla_ackermann_msgs__rosidl_typesupport_introspection_cExport.cmake
[6.092s] -- Installing: /home/jay/Documents/AutoDriving-Planning-Control-Algorithm-Simulation-Carla/install/carla_ackermann_msgs/share/carla_ackermann_msgs/cmake/carla_ackermann_msgs__rosidl_typesupport_introspection_cExport-noconfig.cmake
[6.093s] -- Installing: /home/jay/Documents/AutoDriving-Planning-Control-Algorithm-Simulation-Carla/install/carla_ackermann_msgs/share/carla_ackermann_msgs/cmake/carla_ackermann_msgs__rosidl_typesupport_cExport.cmake
[6.093s] -- Installing: /home/jay/Documents/AutoDriving-Planning-Control-Algorithm-Simulation-Carla/install/carla_ackermann_msgs/share/carla_ackermann_msgs/cmake/carla_ackermann_msgs__rosidl_typesupport_cExport-noconfig.cmake
[6.093s] -- Installing: /home/jay/Documents/AutoDriving-Planning-Control-Algorithm-Simulation-Carla/install/carla_ackermann_msgs/share/carla_ackermann_msgs/cmake/carla_ackermann_msgs__rosidl_generator_cppExport.cmake
[6.093s] -- Installing: /home/jay/Documents/AutoDriving-Planning-Control-Algorithm-Simulation-Carla/install/carla_ackermann_msgs/share/carla_ackermann_msgs/cmake/carla_ackermann_msgs__rosidl_typesupport_introspection_cppExport.cmake
[6.093s] -- Installing: /home/jay/Documents/AutoDriving-Planning-Control-Algorithm-Simulation-Carla/install/carla_ackermann_msgs/share/carla_ackermann_msgs/cmake/carla_ackermann_msgs__rosidl_typesupport_introspection_cppExport-noconfig.cmake
[6.093s] -- Installing: /home/jay/Documents/AutoDriving-Planning-Control-Algorithm-Simulation-Carla/install/carla_ackermann_msgs/share/carla_ackermann_msgs/cmake/carla_ackermann_msgs__rosidl_typesupport_cppExport.cmake
[6.094s] -- Installing: /home/jay/Documents/AutoDriving-Planning-Control-Algorithm-Simulation-Carla/install/carla_ackermann_msgs/share/carla_ackermann_msgs/cmake/carla_ackermann_msgs__rosidl_typesupport_cppExport-noconfig.cmake
[6.094s] -- Installing: /home/jay/Documents/AutoDriving-Planning-Control-Algorithm-Simulation-Carla/install/carla_ackermann_msgs/share/carla_ackermann_msgs/cmake/rosidl_cmake-extras.cmake
[6.094s] -- Installing: /home/jay/Documents/AutoDriving-Planning-Control-Algorithm-Simulation-Carla/install/carla_ackermann_msgs/share/carla_ackermann_msgs/cmake/ament_cmake_export_dependencies-extras.cmake
[6.094s] -- Installing: /home/jay/Documents/AutoDriving-Planning-Control-Algorithm-Simulation-Carla/install/carla_ackermann_msgs/share/carla_ackermann_msgs/cmake/ament_cmake_export_libraries-extras.cmake
[6.094s] -- Installing: /home/jay/Documents/AutoDriving-Planning-Control-Algorithm-Simulation-Carla/install/carla_ackermann_msgs/share/carla_ackermann_msgs/cmake/ament_cmake_export_targets-extras.cmake
[6.094s] -- Installing: /home/jay/Documents/AutoDriving-Planning-Control-Algorithm-Simulation-Carla/install/carla_ackermann_msgs/share/carla_ackermann_msgs/cmake/ament_cmake_export_include_directories-extras.cmake
[6.094s] -- Installing: /home/jay/Documents/AutoDriving-Planning-Control-Algorithm-Simulation-Carla/install/carla_ackermann_msgs/share/carla_ackermann_msgs/cmake/rosidl_cmake_export_typesupport_libraries-extras.cmake
[6.094s] -- Installing: /home/jay/Documents/AutoDriving-Planning-Control-Algorithm-Simulation-Carla/install/carla_ackermann_msgs/share/carla_ackermann_msgs/cmake/rosidl_cmake_export_typesupport_targets-extras.cmake
[6.094s] -- Installing: /home/jay/Documents/AutoDriving-Planning-Control-Algorithm-Simulation-Carla/install/carla_ackermann_msgs/share/carla_ackermann_msgs/cmake/carla_ackermann_msgsConfig.cmake
[6.094s] -- Installing: /home/jay/Documents/AutoDriving-Planning-Control-Algorithm-Simulation-Carla/install/carla_ackermann_msgs/share/carla_ackermann_msgs/cmake/carla_ackermann_msgsConfig-version.cmake
[6.095s] -- Installing: /home/jay/Documents/AutoDriving-Planning-Control-Algorithm-Simulation-Carla/install/carla_ackermann_msgs/share/carla_ackermann_msgs/package.xml
[6.100s] Invoked command in '/home/jay/Documents/AutoDriving-Planning-Control-Algorithm-Simulation-Carla/build/carla_ackermann_msgs' returned '0': CMAKE_PREFIX_PATH=/home/jay/Documents/AutoDriving-Planning-Control-Algorithm-Simulation-Carla/install/carla_msgs:/home/jay/Documents/AutoDriving-Planning-Control-Algorithm-Simulation-Carla/install/carla_l5player_hybridastar_planner:/home/jay/Documents/AutoDriving-Planning-Control-Algorithm-Simulation-Carla/install/carla_ad_demo:/home/jay/Documents/AutoDriving-Planning-Control-Algorithm-Simulation-Carla/install/rviz_carla_plugin:/home/jay/Documents/AutoDriving-Planning-Control-Algorithm-Simulation-Carla/install/pcl_recorder:/home/jay/Documents/AutoDriving-Planning-Control-Algorithm-Simulation-Carla/install/carla_waypoint_types:/home/jay/Documents/AutoDriving-Planning-Control-Algorithm-Simulation-Carla/install/carla_ros_scenario_runner_types:/home/jay/Documents/AutoDriving-Planning-Control-Algorithm-Simulation-Carla/install/carla_l5player_stanley_pid_controller:/home/jay/Documents/AutoDriving-Planning-Control-Algorithm-Simulation-Carla/install/carla_l5player_pid_new_controller:/home/jay/Documents/AutoDriving-Planning-Control-Algorithm-Simulation-Carla/install/carla_l5player_pid_controller:/home/jay/Documents/AutoDriving-Planning-Control-Algorithm-Simulation-Carla/install/carla_l5player_mpc_controller:/home/jay/Documents/AutoDriving-Planning-Control-Algorithm-Simulation-Carla/install/carla_l5player_lqr_pid_controller:/home/jay/Documents/AutoDriving-Planning-Control-Algorithm-Simulation-Carla/install/carla_ackermann_msgs:/home/jay/Documents/AutoDriving-Planning-Control-Algorithm-Simulation-Carla/install/rqt_carla_control:/home/jay/Documents/AutoDriving-Planning-Control-Algorithm-Simulation-Carla/install/carla_waypoint_publisher:/home/jay/Documents/AutoDriving-Planning-Control-Algorithm-Simulation-Carla/install/carla_ackermann_control:/home/jay/Documents/AutoDriving-Planning-Control-Algorithm-Simulation-Carla/install/carla_ros_bridge:/home/jay/Documents/AutoDriving-Planning-Control-Algorithm-Simulation-Carla/install/carla_spawn_objects:/home/jay/Documents/AutoDriving-Planning-Control-Algorithm-Simulation-Carla/install/carla_manual_control:/home/jay/Documents/AutoDriving-Planning-Control-Algorithm-Simulation-Carla/install/carla_l5player_bridge_ego_vis:/home/jay/Documents/AutoDriving-Planning-Control-Algorithm-Simulation-Carla/install/carla_ad_agent:/home/jay/Documents/AutoDriving-Planning-Control-Algorithm-Simulation-Carla/install/ros_compatibility:/home/jay/Documents/AutoDriving-Planning-Control-Algorithm-Simulation-Carla/install/carla_walker_agent:/home/jay/Documents/AutoDriving-Planning-Control-Algorithm-Simulation-Carla/install/carla_twist_to_control:/home/jay/Documents/AutoDriving-Planning-Control-Algorithm-Simulation-Carla/install/carla_ros_scenario_runner:/home/jay/Documents/AutoDriving-Planning-Control-Algorithm-Simulation-Carla/install/carla_common:/opt/ros/foxy LD_LIBRARY_PATH=/home/jay/Documents/AutoDriving-Planning-Control-Algorithm-Simulation-Carla/install/carla_msgs/lib:/home/jay/Documents/AutoDriving-Planning-Control-Algorithm-Simulation-Carla/install/rviz_carla_plugin/lib:/home/jay/Documents/AutoDriving-Planning-Control-Algorithm-Simulation-Carla/install/carla_waypoint_types/lib:/home/jay/Documents/AutoDriving-Planning-Control-Algorithm-Simulation-Carla/install/carla_ros_scenario_runner_types/lib:/home/jay/Documents/AutoDriving-Planning-Control-Algorithm-Simulation-Carla/install/carla_ackermann_msgs/lib:/home/jay/.mujoco/mujoco200/bin:/usr/local/cuda-11.6/lib64:/opt/ros/foxy/opt/yaml_cpp_vendor/lib:/opt/ros/foxy/opt/rviz_ogre_vendor/lib:/opt/ros/foxy/lib/x86_64-linux-gnu:/opt/ros/foxy/lib:/home/jay/.mujoco/mujoco200/bin:/usr/local/cuda-11.6/lib64:/home/jay/Software/TensorRT-8.4.2.4/lib:/home/jay/Software/TensorRT-8.4.2.4/lib PYTHONPATH=/home/jay/Documents/AutoDriving-Planning-Control-Algorithm-Simulation-Carla/install/carla_msgs/lib/python3.8/site-packages:/home/jay/Documents/AutoDriving-Planning-Control-Algorithm-Simulation-Carla/install/rqt_carla_control/lib/python3.8/site-packages:/home/jay/Documents/AutoDriving-Planning-Control-Algorithm-Simulation-Carla/install/carla_waypoint_publisher/lib/python3.8/site-packages:/home/jay/Documents/AutoDriving-Planning-Control-Algorithm-Simulation-Carla/install/carla_ackermann_control/lib/python3.8/site-packages:/home/jay/Documents/AutoDriving-Planning-Control-Algorithm-Simulation-Carla/install/carla_ros_bridge/lib/python3.8/site-packages:/home/jay/Documents/AutoDriving-Planning-Control-Algorithm-Simulation-Carla/install/carla_spawn_objects/lib/python3.8/site-packages:/home/jay/Documents/AutoDriving-Planning-Control-Algorithm-Simulation-Carla/install/carla_manual_control/lib/python3.8/site-packages:/home/jay/Documents/AutoDriving-Planning-Control-Algorithm-Simulation-Carla/install/carla_l5player_bridge_ego_vis/lib/python3.8/site-packages:/home/jay/Documents/AutoDriving-Planning-Control-Algorithm-Simulation-Carla/install/carla_ad_agent/lib/python3.8/site-packages:/home/jay/Documents/AutoDriving-Planning-Control-Algorithm-Simulation-Carla/install/ros_compatibility/lib/python3.8/site-packages:/home/jay/Documents/AutoDriving-Planning-Control-Algorithm-Simulation-Carla/install/carla_waypoint_types/lib/python3.8/site-packages:/home/jay/Documents/AutoDriving-Planning-Control-Algorithm-Simulation-Carla/install/carla_walker_agent/lib/python3.8/site-packages:/home/jay/Documents/AutoDriving-Planning-Control-Algorithm-Simulation-Carla/install/carla_twist_to_control/lib/python3.8/site-packages:/home/jay/Documents/AutoDriving-Planning-Control-Algorithm-Simulation-Carla/install/carla_ros_scenario_runner/lib/python3.8/site-packages:/home/jay/Documents/AutoDriving-Planning-Control-Algorithm-Simulation-Carla/install/carla_ros_scenario_runner_types/lib/python3.8/site-packages:/home/jay/Documents/AutoDriving-Planning-Control-Algorithm-Simulation-Carla/install/carla_ackermann_msgs/lib/python3.8/site-packages:/home/jay/Documents/AutoDriving-Planning-Control-Algorithm-Simulation-Carla/install/carla_common/lib/python3.8/site-packages:/opt/ros/foxy/lib/python3.8/site-packages:/home/jay/Software/carla_0.9.13/PythonAPI/carla/dist/carla-0.9.13-py3.7-linux-x86_64.egg:/home/jay/Software/carla_0.9.13/PythonAPI/carla:/home/jay/Software/commonroad/commonroad_search/:/home/jay/Software/carla_0.9.13/PythonAPI/carla/dist/carla-0.9.13-py3.7-linux-x86_64.egg:/home/jay/Software/carla_0.9.13/PythonAPI/carla:/home/jay/Software/commonroad/commonroad_search/ /usr/bin/cmake --install /home/jay/Documents/AutoDriving-Planning-Control-Algorithm-Simulation-Carla/build/carla_ackermann_msgs
