[0.904s] Invoking command in '/home/jay/Documents/AutoDriving-Planning-Control-Algorithm-Simulation-Carla/src/ros-bridge/rqt_carla_control': PYTHONPATH=/home/jay/Documents/AutoDriving-Planning-Control-Algorithm-Simulation-Carla/build/rqt_carla_control/prefix_override:/home/jay/Documents/AutoDriving-Planning-Control-Algorithm-Simulation-Carla/install/rqt_carla_control/lib/python3.8/site-packages:${PYTHONPATH} /usr/bin/python3 setup.py egg_info --egg-base ../../../build/rqt_carla_control build --build-base /home/jay/Documents/AutoDriving-Planning-Control-Algorithm-Simulation-Carla/build/rqt_carla_control/build install --record /home/jay/Documents/AutoDriving-Planning-Control-Algorithm-Simulation-Carla/build/rqt_carla_control/install.log --single-version-externally-managed
[1.047s] running egg_info
[1.048s] creating ../../../build/rqt_carla_control/rqt_carla_control.egg-info
[1.048s] writing ../../../build/rqt_carla_control/rqt_carla_control.egg-info/PKG-INFO
[1.048s] writing dependency_links to ../../../build/rqt_carla_control/rqt_carla_control.egg-info/dependency_links.txt
[1.048s] writing requirements to ../../../build/rqt_carla_control/rqt_carla_control.egg-info/requires.txt
[1.048s] writing top-level names to ../../../build/rqt_carla_control/rqt_carla_control.egg-info/top_level.txt
[1.049s] writing manifest file '../../../build/rqt_carla_control/rqt_carla_control.egg-info/SOURCES.txt'
[1.070s] reading manifest file '../../../build/rqt_carla_control/rqt_carla_control.egg-info/SOURCES.txt'
[1.071s] writing manifest file '../../../build/rqt_carla_control/rqt_carla_control.egg-info/SOURCES.txt'
[1.071s] running build
[1.071s] running build_py
[1.071s] creating /home/jay/Documents/AutoDriving-Planning-Control-Algorithm-Simulation-Carla/build/rqt_carla_control/build
[1.071s] creating /home/jay/Documents/AutoDriving-Planning-Control-Algorithm-Simulation-Carla/build/rqt_carla_control/build/lib
[1.071s] creating /home/jay/Documents/AutoDriving-Planning-Control-Algorithm-Simulation-Carla/build/rqt_carla_control/build/lib/rqt_carla_control
[1.071s] copying src/rqt_carla_control/rqt_carla_control.py -> /home/jay/Documents/AutoDriving-Planning-Control-Algorithm-Simulation-Carla/build/rqt_carla_control/build/lib/rqt_carla_control
[1.071s] copying src/rqt_carla_control/__init__.py -> /home/jay/Documents/AutoDriving-Planning-Control-Algorithm-Simulation-Carla/build/rqt_carla_control/build/lib/rqt_carla_control
[1.072s] running build_scripts
[1.072s] creating /home/jay/Documents/AutoDriving-Planning-Control-Algorithm-Simulation-Carla/build/rqt_carla_control/build/scripts-3.8
[1.072s] copying and adjusting scripts/rqt_carla_control -> /home/jay/Documents/AutoDriving-Planning-Control-Algorithm-Simulation-Carla/build/rqt_carla_control/build/scripts-3.8
[1.072s] changing mode of /home/jay/Documents/AutoDriving-Planning-Control-Algorithm-Simulation-Carla/build/rqt_carla_control/build/scripts-3.8/rqt_carla_control from 664 to 775
[1.072s] running install
[1.072s] running install_lib
[1.073s] creating /home/jay/Documents/AutoDriving-Planning-Control-Algorithm-Simulation-Carla/install/rqt_carla_control/lib/python3.8/site-packages/rqt_carla_control
[1.074s] copying /home/jay/Documents/AutoDriving-Planning-Control-Algorithm-Simulation-Carla/build/rqt_carla_control/build/lib/rqt_carla_control/rqt_carla_control.py -> /home/jay/Documents/AutoDriving-Planning-Control-Algorithm-Simulation-Carla/install/rqt_carla_control/lib/python3.8/site-packages/rqt_carla_control
[1.074s] copying /home/jay/Documents/AutoDriving-Planning-Control-Algorithm-Simulation-Carla/build/rqt_carla_control/build/lib/rqt_carla_control/__init__.py -> /home/jay/Documents/AutoDriving-Planning-Control-Algorithm-Simulation-Carla/install/rqt_carla_control/lib/python3.8/site-packages/rqt_carla_control
[1.074s] byte-compiling /home/jay/Documents/AutoDriving-Planning-Control-Algorithm-Simulation-Carla/install/rqt_carla_control/lib/python3.8/site-packages/rqt_carla_control/rqt_carla_control.py to rqt_carla_control.cpython-38.pyc
[1.075s] byte-compiling /home/jay/Documents/AutoDriving-Planning-Control-Algorithm-Simulation-Carla/install/rqt_carla_control/lib/python3.8/site-packages/rqt_carla_control/__init__.py to __init__.cpython-38.pyc
[1.075s] running install_data
[1.075s] creating /home/jay/Documents/AutoDriving-Planning-Control-Algorithm-Simulation-Carla/install/rqt_carla_control/share/ament_index
[1.075s] creating /home/jay/Documents/AutoDriving-Planning-Control-Algorithm-Simulation-Carla/install/rqt_carla_control/share/ament_index/resource_index
[1.076s] creating /home/jay/Documents/AutoDriving-Planning-Control-Algorithm-Simulation-Carla/install/rqt_carla_control/share/ament_index/resource_index/packages
[1.076s] copying resource/rqt_carla_control -> /home/jay/Documents/AutoDriving-Planning-Control-Algorithm-Simulation-Carla/install/rqt_carla_control/share/ament_index/resource_index/packages
[1.076s] copying package.xml -> /home/jay/Documents/AutoDriving-Planning-Control-Algorithm-Simulation-Carla/install/rqt_carla_control/share/rqt_carla_control
[1.076s] copying plugin.xml -> /home/jay/Documents/AutoDriving-Planning-Control-Algorithm-Simulation-Carla/install/rqt_carla_control/share/rqt_carla_control
[1.076s] creating /home/jay/Documents/AutoDriving-Planning-Control-Algorithm-Simulation-Carla/install/rqt_carla_control/share/rqt_carla_control/resource
[1.076s] copying resource/CarlaControl.ui -> /home/jay/Documents/AutoDriving-Planning-Control-Algorithm-Simulation-Carla/install/rqt_carla_control/share/rqt_carla_control/resource
[1.076s] copying resource/pause.png -> /home/jay/Documents/AutoDriving-Planning-Control-Algorithm-Simulation-Carla/install/rqt_carla_control/share/rqt_carla_control/resource
[1.076s] copying resource/play.png -> /home/jay/Documents/AutoDriving-Planning-Control-Algorithm-Simulation-Carla/install/rqt_carla_control/share/rqt_carla_control/resource
[1.076s] copying resource/step_once.png -> /home/jay/Documents/AutoDriving-Planning-Control-Algorithm-Simulation-Carla/install/rqt_carla_control/share/rqt_carla_control/resource
[1.076s] creating /home/jay/Documents/AutoDriving-Planning-Control-Algorithm-Simulation-Carla/install/rqt_carla_control/lib/rqt_carla_control
[1.076s] copying scripts/rqt_carla_control -> /home/jay/Documents/AutoDriving-Planning-Control-Algorithm-Simulation-Carla/install/rqt_carla_control/lib/rqt_carla_control
[1.077s] running install_egg_info
[1.077s] Copying ../../../build/rqt_carla_control/rqt_carla_control.egg-info to /home/jay/Documents/AutoDriving-Planning-Control-Algorithm-Simulation-Carla/install/rqt_carla_control/lib/python3.8/site-packages/rqt_carla_control-0.0.0-py3.8.egg-info
[1.078s] running install_scripts
[1.088s] copying /home/jay/Documents/AutoDriving-Planning-Control-Algorithm-Simulation-Carla/build/rqt_carla_control/build/scripts-3.8/rqt_carla_control -> /home/jay/Documents/AutoDriving-Planning-Control-Algorithm-Simulation-Carla/install/rqt_carla_control/lib/rqt_carla_control
[1.088s] changing mode of /home/jay/Documents/AutoDriving-Planning-Control-Algorithm-Simulation-Carla/install/rqt_carla_control/lib/rqt_carla_control/rqt_carla_control to 775
[1.090s] writing list of installed files to '/home/jay/Documents/AutoDriving-Planning-Control-Algorithm-Simulation-Carla/build/rqt_carla_control/install.log'
[1.113s] Invoked command in '/home/jay/Documents/AutoDriving-Planning-Control-Algorithm-Simulation-Carla/src/ros-bridge/rqt_carla_control' returned '0': PYTHONPATH=/home/jay/Documents/AutoDriving-Planning-Control-Algorithm-Simulation-Carla/build/rqt_carla_control/prefix_override:/home/jay/Documents/AutoDriving-Planning-Control-Algorithm-Simulation-Carla/install/rqt_carla_control/lib/python3.8/site-packages:${PYTHONPATH} /usr/bin/python3 setup.py egg_info --egg-base ../../../build/rqt_carla_control build --build-base /home/jay/Documents/AutoDriving-Planning-Control-Algorithm-Simulation-Carla/build/rqt_carla_control/build install --record /home/jay/Documents/AutoDriving-Planning-Control-Algorithm-Simulation-Carla/build/rqt_carla_control/install.log --single-version-externally-managed
