[0.937s] Invoking command in '/home/jay/Documents/AutoDriving-Planning-Control-Algorithm-Simulation-Carla/src/ros-bridge/ros_compatibility': PYTHONPATH=/home/jay/Documents/AutoDriving-Planning-Control-Algorithm-Simulation-Carla/build/ros_compatibility/prefix_override:/home/jay/Documents/AutoDriving-Planning-Control-Algorithm-Simulation-Carla/install/ros_compatibility/lib/python3.8/site-packages:${PYTHONPATH} /usr/bin/python3 setup.py egg_info --egg-base ../../../build/ros_compatibility build --build-base /home/jay/Documents/AutoDriving-Planning-Control-Algorithm-Simulation-Carla/build/ros_compatibility/build install --record /home/jay/Documents/AutoDriving-Planning-Control-Algorithm-Simulation-Carla/build/ros_compatibility/install.log --single-version-externally-managed
[1.075s] running egg_info
[1.075s] creating ../../../build/ros_compatibility/ros_compatibility.egg-info
[1.075s] writing ../../../build/ros_compatibility/ros_compatibility.egg-info/PKG-INFO
[1.075s] writing dependency_links to ../../../build/ros_compatibility/ros_compatibility.egg-info/dependency_links.txt
[1.075s] writing requirements to ../../../build/ros_compatibility/ros_compatibility.egg-info/requires.txt
[1.075s] writing top-level names to ../../../build/ros_compatibility/ros_compatibility.egg-info/top_level.txt
[1.076s] writing manifest file '../../../build/ros_compatibility/ros_compatibility.egg-info/SOURCES.txt'
[1.097s] reading manifest file '../../../build/ros_compatibility/ros_compatibility.egg-info/SOURCES.txt'
[1.097s] writing manifest file '../../../build/ros_compatibility/ros_compatibility.egg-info/SOURCES.txt'
[1.097s] running build
[1.097s] running build_py
[1.097s] creating /home/jay/Documents/AutoDriving-Planning-Control-Algorithm-Simulation-Carla/build/ros_compatibility/build
[1.097s] creating /home/jay/Documents/AutoDriving-Planning-Control-Algorithm-Simulation-Carla/build/ros_compatibility/build/lib
[1.097s] creating /home/jay/Documents/AutoDriving-Planning-Control-Algorithm-Simulation-Carla/build/ros_compatibility/build/lib/ros_compatibility
[1.098s] copying src/ros_compatibility/callback_groups.py -> /home/jay/Documents/AutoDriving-Planning-Control-Algorithm-Simulation-Carla/build/ros_compatibility/build/lib/ros_compatibility
[1.098s] copying src/ros_compatibility/core.py -> /home/jay/Documents/AutoDriving-Planning-Control-Algorithm-Simulation-Carla/build/ros_compatibility/build/lib/ros_compatibility
[1.098s] copying src/ros_compatibility/node.py -> /home/jay/Documents/AutoDriving-Planning-Control-Algorithm-Simulation-Carla/build/ros_compatibility/build/lib/ros_compatibility
[1.098s] copying src/ros_compatibility/exceptions.py -> /home/jay/Documents/AutoDriving-Planning-Control-Algorithm-Simulation-Carla/build/ros_compatibility/build/lib/ros_compatibility
[1.098s] copying src/ros_compatibility/executors.py -> /home/jay/Documents/AutoDriving-Planning-Control-Algorithm-Simulation-Carla/build/ros_compatibility/build/lib/ros_compatibility
[1.098s] copying src/ros_compatibility/__init__.py -> /home/jay/Documents/AutoDriving-Planning-Control-Algorithm-Simulation-Carla/build/ros_compatibility/build/lib/ros_compatibility
[1.098s] copying src/ros_compatibility/logging.py -> /home/jay/Documents/AutoDriving-Planning-Control-Algorithm-Simulation-Carla/build/ros_compatibility/build/lib/ros_compatibility
[1.098s] copying src/ros_compatibility/qos.py -> /home/jay/Documents/AutoDriving-Planning-Control-Algorithm-Simulation-Carla/build/ros_compatibility/build/lib/ros_compatibility
[1.098s] running install
[1.098s] running install_lib
[1.099s] creating /home/jay/Documents/AutoDriving-Planning-Control-Algorithm-Simulation-Carla/install/ros_compatibility/lib/python3.8/site-packages/ros_compatibility
[1.099s] copying /home/jay/Documents/AutoDriving-Planning-Control-Algorithm-Simulation-Carla/build/ros_compatibility/build/lib/ros_compatibility/callback_groups.py -> /home/jay/Documents/AutoDriving-Planning-Control-Algorithm-Simulation-Carla/install/ros_compatibility/lib/python3.8/site-packages/ros_compatibility
[1.099s] copying /home/jay/Documents/AutoDriving-Planning-Control-Algorithm-Simulation-Carla/build/ros_compatibility/build/lib/ros_compatibility/core.py -> /home/jay/Documents/AutoDriving-Planning-Control-Algorithm-Simulation-Carla/install/ros_compatibility/lib/python3.8/site-packages/ros_compatibility
[1.099s] copying /home/jay/Documents/AutoDriving-Planning-Control-Algorithm-Simulation-Carla/build/ros_compatibility/build/lib/ros_compatibility/node.py -> /home/jay/Documents/AutoDriving-Planning-Control-Algorithm-Simulation-Carla/install/ros_compatibility/lib/python3.8/site-packages/ros_compatibility
[1.099s] copying /home/jay/Documents/AutoDriving-Planning-Control-Algorithm-Simulation-Carla/build/ros_compatibility/build/lib/ros_compatibility/exceptions.py -> /home/jay/Documents/AutoDriving-Planning-Control-Algorithm-Simulation-Carla/install/ros_compatibility/lib/python3.8/site-packages/ros_compatibility
[1.099s] copying /home/jay/Documents/AutoDriving-Planning-Control-Algorithm-Simulation-Carla/build/ros_compatibility/build/lib/ros_compatibility/executors.py -> /home/jay/Documents/AutoDriving-Planning-Control-Algorithm-Simulation-Carla/install/ros_compatibility/lib/python3.8/site-packages/ros_compatibility
[1.099s] copying /home/jay/Documents/AutoDriving-Planning-Control-Algorithm-Simulation-Carla/build/ros_compatibility/build/lib/ros_compatibility/__init__.py -> /home/jay/Documents/AutoDriving-Planning-Control-Algorithm-Simulation-Carla/install/ros_compatibility/lib/python3.8/site-packages/ros_compatibility
[1.099s] copying /home/jay/Documents/AutoDriving-Planning-Control-Algorithm-Simulation-Carla/build/ros_compatibility/build/lib/ros_compatibility/logging.py -> /home/jay/Documents/AutoDriving-Planning-Control-Algorithm-Simulation-Carla/install/ros_compatibility/lib/python3.8/site-packages/ros_compatibility
[1.099s] copying /home/jay/Documents/AutoDriving-Planning-Control-Algorithm-Simulation-Carla/build/ros_compatibility/build/lib/ros_compatibility/qos.py -> /home/jay/Documents/AutoDriving-Planning-Control-Algorithm-Simulation-Carla/install/ros_compatibility/lib/python3.8/site-packages/ros_compatibility
[1.099s] byte-compiling /home/jay/Documents/AutoDriving-Planning-Control-Algorithm-Simulation-Carla/install/ros_compatibility/lib/python3.8/site-packages/ros_compatibility/callback_groups.py to callback_groups.cpython-38.pyc
[1.100s] byte-compiling /home/jay/Documents/AutoDriving-Planning-Control-Algorithm-Simulation-Carla/install/ros_compatibility/lib/python3.8/site-packages/ros_compatibility/core.py to core.cpython-38.pyc
[1.101s] byte-compiling /home/jay/Documents/AutoDriving-Planning-Control-Algorithm-Simulation-Carla/install/ros_compatibility/lib/python3.8/site-packages/ros_compatibility/node.py to node.cpython-38.pyc
[1.102s] byte-compiling /home/jay/Documents/AutoDriving-Planning-Control-Algorithm-Simulation-Carla/install/ros_compatibility/lib/python3.8/site-packages/ros_compatibility/exceptions.py to exceptions.cpython-38.pyc
[1.102s] byte-compiling /home/jay/Documents/AutoDriving-Planning-Control-Algorithm-Simulation-Carla/install/ros_compatibility/lib/python3.8/site-packages/ros_compatibility/executors.py to executors.cpython-38.pyc
[1.102s] byte-compiling /home/jay/Documents/AutoDriving-Planning-Control-Algorithm-Simulation-Carla/install/ros_compatibility/lib/python3.8/site-packages/ros_compatibility/__init__.py to __init__.cpython-38.pyc
[1.102s] byte-compiling /home/jay/Documents/AutoDriving-Planning-Control-Algorithm-Simulation-Carla/install/ros_compatibility/lib/python3.8/site-packages/ros_compatibility/logging.py to logging.cpython-38.pyc
[1.102s] byte-compiling /home/jay/Documents/AutoDriving-Planning-Control-Algorithm-Simulation-Carla/install/ros_compatibility/lib/python3.8/site-packages/ros_compatibility/qos.py to qos.cpython-38.pyc
[1.102s] running install_data
[1.103s] creating /home/jay/Documents/AutoDriving-Planning-Control-Algorithm-Simulation-Carla/install/ros_compatibility/share/ament_index
[1.103s] creating /home/jay/Documents/AutoDriving-Planning-Control-Algorithm-Simulation-Carla/install/ros_compatibility/share/ament_index/resource_index
[1.103s] creating /home/jay/Documents/AutoDriving-Planning-Control-Algorithm-Simulation-Carla/install/ros_compatibility/share/ament_index/resource_index/packages
[1.103s] copying resource/ros_compatibility -> /home/jay/Documents/AutoDriving-Planning-Control-Algorithm-Simulation-Carla/install/ros_compatibility/share/ament_index/resource_index/packages
[1.103s] copying package.xml -> /home/jay/Documents/AutoDriving-Planning-Control-Algorithm-Simulation-Carla/install/ros_compatibility/share/ros_compatibility
[1.103s] running install_egg_info
[1.104s] Copying ../../../build/ros_compatibility/ros_compatibility.egg-info to /home/jay/Documents/AutoDriving-Planning-Control-Algorithm-Simulation-Carla/install/ros_compatibility/lib/python3.8/site-packages/ros_compatibility-0.0.0-py3.8.egg-info
[1.104s] running install_scripts
[1.114s] writing list of installed files to '/home/jay/Documents/AutoDriving-Planning-Control-Algorithm-Simulation-Carla/build/ros_compatibility/install.log'
[1.126s] Invoked command in '/home/jay/Documents/AutoDriving-Planning-Control-Algorithm-Simulation-Carla/src/ros-bridge/ros_compatibility' returned '0': PYTHONPATH=/home/jay/Documents/AutoDriving-Planning-Control-Algorithm-Simulation-Carla/build/ros_compatibility/prefix_override:/home/jay/Documents/AutoDriving-Planning-Control-Algorithm-Simulation-Carla/install/ros_compatibility/lib/python3.8/site-packages:${PYTHONPATH} /usr/bin/python3 setup.py egg_info --egg-base ../../../build/ros_compatibility build --build-base /home/jay/Documents/AutoDriving-Planning-Control-Algorithm-Simulation-Carla/build/ros_compatibility/build install --record /home/jay/Documents/AutoDriving-Planning-Control-Algorithm-Simulation-Carla/build/ros_compatibility/install.log --single-version-externally-managed
