[0.934s] Invoking command in '/home/jay/Documents/AutoDriving-Planning-Control-Algorithm-Simulation-Carla/src/ros-bridge/carla_twist_to_control': PYTHONPATH=/home/jay/Documents/AutoDriving-Planning-Control-Algorithm-Simulation-Carla/build/carla_twist_to_control/prefix_override:/home/jay/Documents/AutoDriving-Planning-Control-Algorithm-Simulation-Carla/install/carla_twist_to_control/lib/python3.8/site-packages:${PYTHONPATH} /usr/bin/python3 setup.py egg_info --egg-base ../../../build/carla_twist_to_control build --build-base /home/jay/Documents/AutoDriving-Planning-Control-Algorithm-Simulation-Carla/build/carla_twist_to_control/build install --record /home/jay/Documents/AutoDriving-Planning-Control-Algorithm-Simulation-Carla/build/carla_twist_to_control/install.log --single-version-externally-managed
[1.073s] running egg_info
[1.073s] creating ../../../build/carla_twist_to_control/carla_twist_to_control.egg-info
[1.073s] writing ../../../build/carla_twist_to_control/carla_twist_to_control.egg-info/PKG-INFO
[1.073s] writing dependency_links to ../../../build/carla_twist_to_control/carla_twist_to_control.egg-info/dependency_links.txt
[1.073s] writing entry points to ../../../build/carla_twist_to_control/carla_twist_to_control.egg-info/entry_points.txt
[1.074s] writing requirements to ../../../build/carla_twist_to_control/carla_twist_to_control.egg-info/requires.txt
[1.074s] writing top-level names to ../../../build/carla_twist_to_control/carla_twist_to_control.egg-info/top_level.txt
[1.074s] writing manifest file '../../../build/carla_twist_to_control/carla_twist_to_control.egg-info/SOURCES.txt'
[1.095s] reading manifest file '../../../build/carla_twist_to_control/carla_twist_to_control.egg-info/SOURCES.txt'
[1.095s] writing manifest file '../../../build/carla_twist_to_control/carla_twist_to_control.egg-info/SOURCES.txt'
[1.095s] running build
[1.096s] running build_py
[1.096s] creating /home/jay/Documents/AutoDriving-Planning-Control-Algorithm-Simulation-Carla/build/carla_twist_to_control/build
[1.096s] creating /home/jay/Documents/AutoDriving-Planning-Control-Algorithm-Simulation-Carla/build/carla_twist_to_control/build/lib
[1.096s] creating /home/jay/Documents/AutoDriving-Planning-Control-Algorithm-Simulation-Carla/build/carla_twist_to_control/build/lib/carla_twist_to_control
[1.096s] copying src/carla_twist_to_control/carla_twist_to_control.py -> /home/jay/Documents/AutoDriving-Planning-Control-Algorithm-Simulation-Carla/build/carla_twist_to_control/build/lib/carla_twist_to_control
[1.096s] copying src/carla_twist_to_control/__init__.py -> /home/jay/Documents/AutoDriving-Planning-Control-Algorithm-Simulation-Carla/build/carla_twist_to_control/build/lib/carla_twist_to_control
[1.096s] running install
[1.096s] running install_lib
[1.097s] creating /home/jay/Documents/AutoDriving-Planning-Control-Algorithm-Simulation-Carla/install/carla_twist_to_control/lib/python3.8/site-packages/carla_twist_to_control
[1.097s] copying /home/jay/Documents/AutoDriving-Planning-Control-Algorithm-Simulation-Carla/build/carla_twist_to_control/build/lib/carla_twist_to_control/carla_twist_to_control.py -> /home/jay/Documents/AutoDriving-Planning-Control-Algorithm-Simulation-Carla/install/carla_twist_to_control/lib/python3.8/site-packages/carla_twist_to_control
[1.097s] copying /home/jay/Documents/AutoDriving-Planning-Control-Algorithm-Simulation-Carla/build/carla_twist_to_control/build/lib/carla_twist_to_control/__init__.py -> /home/jay/Documents/AutoDriving-Planning-Control-Algorithm-Simulation-Carla/install/carla_twist_to_control/lib/python3.8/site-packages/carla_twist_to_control
[1.097s] byte-compiling /home/jay/Documents/AutoDriving-Planning-Control-Algorithm-Simulation-Carla/install/carla_twist_to_control/lib/python3.8/site-packages/carla_twist_to_control/carla_twist_to_control.py to carla_twist_to_control.cpython-38.pyc
[1.098s] byte-compiling /home/jay/Documents/AutoDriving-Planning-Control-Algorithm-Simulation-Carla/install/carla_twist_to_control/lib/python3.8/site-packages/carla_twist_to_control/__init__.py to __init__.cpython-38.pyc
[1.098s] running install_data
[1.099s] creating /home/jay/Documents/AutoDriving-Planning-Control-Algorithm-Simulation-Carla/install/carla_twist_to_control/share/ament_index
[1.099s] creating /home/jay/Documents/AutoDriving-Planning-Control-Algorithm-Simulation-Carla/install/carla_twist_to_control/share/ament_index/resource_index
[1.099s] creating /home/jay/Documents/AutoDriving-Planning-Control-Algorithm-Simulation-Carla/install/carla_twist_to_control/share/ament_index/resource_index/packages
[1.099s] copying resource/carla_twist_to_control -> /home/jay/Documents/AutoDriving-Planning-Control-Algorithm-Simulation-Carla/install/carla_twist_to_control/share/ament_index/resource_index/packages
[1.099s] copying package.xml -> /home/jay/Documents/AutoDriving-Planning-Control-Algorithm-Simulation-Carla/install/carla_twist_to_control/share/carla_twist_to_control
[1.099s] copying launch/carla_twist_to_control.launch.py -> /home/jay/Documents/AutoDriving-Planning-Control-Algorithm-Simulation-Carla/install/carla_twist_to_control/share/carla_twist_to_control
[1.099s] running install_egg_info
[1.100s] Copying ../../../build/carla_twist_to_control/carla_twist_to_control.egg-info to /home/jay/Documents/AutoDriving-Planning-Control-Algorithm-Simulation-Carla/install/carla_twist_to_control/lib/python3.8/site-packages/carla_twist_to_control-0.0.0-py3.8.egg-info
[1.100s] running install_scripts
[1.111s] Installing carla_twist_to_control script to /home/jay/Documents/AutoDriving-Planning-Control-Algorithm-Simulation-Carla/install/carla_twist_to_control/lib/carla_twist_to_control
[1.111s] writing list of installed files to '/home/jay/Documents/AutoDriving-Planning-Control-Algorithm-Simulation-Carla/build/carla_twist_to_control/install.log'
[1.132s] Invoked command in '/home/jay/Documents/AutoDriving-Planning-Control-Algorithm-Simulation-Carla/src/ros-bridge/carla_twist_to_control' returned '0': PYTHONPATH=/home/jay/Documents/AutoDriving-Planning-Control-Algorithm-Simulation-Carla/build/carla_twist_to_control/prefix_override:/home/jay/Documents/AutoDriving-Planning-Control-Algorithm-Simulation-Carla/install/carla_twist_to_control/lib/python3.8/site-packages:${PYTHONPATH} /usr/bin/python3 setup.py egg_info --egg-base ../../../build/carla_twist_to_control build --build-base /home/jay/Documents/AutoDriving-Planning-Control-Algorithm-Simulation-Carla/build/carla_twist_to_control/build install --record /home/jay/Documents/AutoDriving-Planning-Control-Algorithm-Simulation-Carla/build/carla_twist_to_control/install.log --single-version-externally-managed
