[100%] Built target carla_l5player_pid_new_controller_node
-- Install configuration: ""
-- Up-to-date: /home/jay/Documents/AutoDriving-Planning-Control-Algorithm-Simulation-Carla/install/carla_l5player_pid_new_controller/lib/carla_l5player_pid_new_controller/carla_l5player_pid_new_controller_node
-- Up-to-date: /home/jay/Documents/AutoDriving-Planning-Control-Algorithm-Simulation-Carla/install/carla_l5player_pid_new_controller/share/carla_l5player_pid_new_controller//launch
-- Up-to-date: /home/jay/Documents/AutoDriving-Planning-Control-Algorithm-Simulation-Carla/install/carla_l5player_pid_new_controller/share/carla_l5player_pid_new_controller//launch/new_pid_launch.py
-- Up-to-date: /home/jay/Documents/AutoDriving-Planning-Control-Algorithm-Simulation-Carla/install/carla_l5player_pid_new_controller/share/carla_l5player_pid_new_controller//config
-- Up-to-date: /home/jay/Documents/AutoDriving-Planning-Control-Algorithm-Simulation-Carla/install/carla_l5player_pid_new_controller/share/carla_l5player_pid_new_controller//config/new_pid_parameters_configuration.yaml
-- Up-to-date: /home/jay/Documents/AutoDriving-Planning-Control-Algorithm-Simulation-Carla/install/carla_l5player_pid_new_controller/share/carla_l5player_pid_new_controller//rviz
-- Up-to-date: /home/jay/Documents/AutoDriving-Planning-Control-Algorithm-Simulation-Carla/install/carla_l5player_pid_new_controller/share/carla_l5player_pid_new_controller//rviz/new_pid_vis.rviz
-- Up-to-date: /home/jay/Documents/AutoDriving-Planning-Control-Algorithm-Simulation-Carla/install/carla_l5player_pid_new_controller/share/ament_index/resource_index/package_run_dependencies/carla_l5player_pid_new_controller
-- Up-to-date: /home/jay/Documents/AutoDriving-Planning-Control-Algorithm-Simulation-Carla/install/carla_l5player_pid_new_controller/share/ament_index/resource_index/parent_prefix_path/carla_l5player_pid_new_controller
-- Up-to-date: /home/jay/Documents/AutoDriving-Planning-Control-Algorithm-Simulation-Carla/install/carla_l5player_pid_new_controller/share/carla_l5player_pid_new_controller/environment/ament_prefix_path.sh
-- Up-to-date: /home/jay/Documents/AutoDriving-Planning-Control-Algorithm-Simulation-Carla/install/carla_l5player_pid_new_controller/share/carla_l5player_pid_new_controller/environment/ament_prefix_path.dsv
-- Up-to-date: /home/jay/Documents/AutoDriving-Planning-Control-Algorithm-Simulation-Carla/install/carla_l5player_pid_new_controller/share/carla_l5player_pid_new_controller/environment/path.sh
-- Up-to-date: /home/jay/Documents/AutoDriving-Planning-Control-Algorithm-Simulation-Carla/install/carla_l5player_pid_new_controller/share/carla_l5player_pid_new_controller/environment/path.dsv
-- Up-to-date: /home/jay/Documents/AutoDriving-Planning-Control-Algorithm-Simulation-Carla/install/carla_l5player_pid_new_controller/share/carla_l5player_pid_new_controller/local_setup.bash
-- Up-to-date: /home/jay/Documents/AutoDriving-Planning-Control-Algorithm-Simulation-Carla/install/carla_l5player_pid_new_controller/share/carla_l5player_pid_new_controller/local_setup.sh
-- Up-to-date: /home/jay/Documents/AutoDriving-Planning-Control-Algorithm-Simulation-Carla/install/carla_l5player_pid_new_controller/share/carla_l5player_pid_new_controller/local_setup.zsh
-- Up-to-date: /home/jay/Documents/AutoDriving-Planning-Control-Algorithm-Simulation-Carla/install/carla_l5player_pid_new_controller/share/carla_l5player_pid_new_controller/local_setup.dsv
-- Installing: /home/jay/Documents/AutoDriving-Planning-Control-Algorithm-Simulation-Carla/install/carla_l5player_pid_new_controller/share/carla_l5player_pid_new_controller/package.dsv
-- Up-to-date: /home/jay/Documents/AutoDriving-Planning-Control-Algorithm-Simulation-Carla/install/carla_l5player_pid_new_controller/share/ament_index/resource_index/packages/carla_l5player_pid_new_controller
-- Up-to-date: /home/jay/Documents/AutoDriving-Planning-Control-Algorithm-Simulation-Carla/install/carla_l5player_pid_new_controller/share/carla_l5player_pid_new_controller/cmake/carla_l5player_pid_new_controllerConfig.cmake
-- Up-to-date: /home/jay/Documents/AutoDriving-Planning-Control-Algorithm-Simulation-Carla/install/carla_l5player_pid_new_controller/share/carla_l5player_pid_new_controller/cmake/carla_l5player_pid_new_controllerConfig-version.cmake
-- Up-to-date: /home/jay/Documents/AutoDriving-Planning-Control-Algorithm-Simulation-Carla/install/carla_l5player_pid_new_controller/share/carla_l5player_pid_new_controller/package.xml
