[0.337s] Invoking command in '/home/jay/Documents/AutoDriving-Planning-Control-Algorithm-Simulation-Carla/build/carla_ros_scenario_runner_types': CMAKE_PREFIX_PATH=${CMAKE_PREFIX_PATH}:/home/jay/Documents/AutoDriving-Planning-Control-Algorithm-Simulation-Carla/install/rqt_carla_control:/home/jay/Documents/AutoDriving-Planning-Control-Algorithm-Simulation-Carla/install/carla_waypoint_publisher:/home/jay/Documents/AutoDriving-Planning-Control-Algorithm-Simulation-Carla/install/carla_ackermann_control:/home/jay/Documents/AutoDriving-Planning-Control-Algorithm-Simulation-Carla/install/carla_ros_bridge:/home/jay/Documents/AutoDriving-Planning-Control-Algorithm-Simulation-Carla/install/carla_spawn_objects:/home/jay/Documents/AutoDriving-Planning-Control-Algorithm-Simulation-Carla/install/carla_manual_control:/home/jay/Documents/AutoDriving-Planning-Control-Algorithm-Simulation-Carla/install/carla_l5player_bridge_ego_vis:/home/jay/Documents/AutoDriving-Planning-Control-Algorithm-Simulation-Carla/install/carla_ad_agent:/home/jay/Documents/AutoDriving-Planning-Control-Algorithm-Simulation-Carla/install/ros_compatibility:/home/jay/Documents/AutoDriving-Planning-Control-Algorithm-Simulation-Carla/install/carla_walker_agent:/home/jay/Documents/AutoDriving-Planning-Control-Algorithm-Simulation-Carla/install/carla_twist_to_control:/home/jay/Documents/AutoDriving-Planning-Control-Algorithm-Simulation-Carla/install/carla_ros_scenario_runner:/home/jay/Documents/AutoDriving-Planning-Control-Algorithm-Simulation-Carla/install/carla_common:/opt/ros/foxy /usr/bin/cmake /home/jay/Documents/AutoDriving-Planning-Control-Algorithm-Simulation-Carla/src/ros-bridge/carla_ros_scenario_runner_types -DCMAKE_INSTALL_PREFIX=/home/jay/Documents/AutoDriving-Planning-Control-Algorithm-Simulation-Carla/install/carla_ros_scenario_runner_types
[0.496s] -- The C compiler identification is GNU 9.4.0
[0.496s] -- The CXX compiler identification is GNU 9.4.0
[0.497s] -- Check for working C compiler: /usr/bin/cc
[0.498s] -- Check for working C compiler: /usr/bin/cc -- works
[0.499s] -- Detecting C compiler ABI info
[0.554s] -- Detecting C compiler ABI info - done
[0.562s] -- Detecting C compile features
[0.562s] -- Detecting C compile features - done
[0.565s] -- Check for working CXX compiler: /usr/bin/c++
[0.627s] -- Check for working CXX compiler: /usr/bin/c++ -- works
[0.628s] -- Detecting CXX compiler ABI info
[0.689s] -- Detecting CXX compiler ABI info - done
[0.698s] -- Detecting CXX compile features
[0.698s] -- Detecting CXX compile features - done
[0.700s] -- Found ros_environment: 2.5.1 (/opt/ros/foxy/share/ros_environment/cmake)
[0.701s] -- Found ament_cmake: 0.9.11 (/opt/ros/foxy/share/ament_cmake/cmake)
[0.720s] -- Found PythonInterp: /usr/bin/python3 (found suitable version "3.8.10", minimum required is "3") 
[0.720s] -- Using PYTHON_EXECUTABLE: /usr/bin/python3
[0.859s] -- Found builtin_interfaces: 1.0.0 (/opt/ros/foxy/share/builtin_interfaces/cmake)
[0.880s] -- Using all available rosidl_typesupport_c: rosidl_typesupport_fastrtps_c;rosidl_typesupport_introspection_c
[0.884s] -- Found rosidl_adapter: 1.3.0 (/opt/ros/foxy/share/rosidl_adapter/cmake)
[0.956s] -- Found OpenSSL: /usr/lib/x86_64-linux-gnu/libcrypto.so (found version "1.1.1f")  
[0.979s] -- Found FastRTPS: /opt/ros/foxy/include  
[1.034s] -- Using all available rosidl_typesupport_cpp: rosidl_typesupport_fastrtps_cpp;rosidl_typesupport_introspection_cpp
[1.053s] -- Found geometry_msgs: 2.0.5 (/opt/ros/foxy/share/geometry_msgs/cmake)
[1.094s] -- Found rosidl_default_generators: 1.0.1 (/opt/ros/foxy/share/rosidl_default_generators/cmake)
[1.124s] -- Found PythonInterp: /usr/bin/python3 (found version "3.8.10") 
[1.251s] -- Found ament_cmake_cppcheck: 0.9.7 (/opt/ros/foxy/share/ament_cmake_cppcheck/cmake)
[1.253s] -- Found ament_cmake_cpplint: 0.9.7 (/opt/ros/foxy/share/ament_cmake_cpplint/cmake)
[1.254s] -- Found ament_cmake_uncrustify: 0.9.7 (/opt/ros/foxy/share/ament_cmake_uncrustify/cmake)
[1.255s] -- Found ament_cmake_ros: 0.9.2 (/opt/ros/foxy/share/ament_cmake_ros/cmake)
[1.423s] -- Using all available rosidl_typesupport_c: rosidl_typesupport_fastrtps_c;rosidl_typesupport_introspection_c
[1.498s] -- Using all available rosidl_typesupport_cpp: rosidl_typesupport_fastrtps_cpp;rosidl_typesupport_introspection_cpp
[1.522s] -- Found PythonInterp: /usr/bin/python3 (found suitable version "3.8.10", minimum required is "3.5") 
[1.523s] -- Found python_cmake_module: 0.8.1 (/opt/ros/foxy/share/python_cmake_module/cmake)
[1.546s] -- Found PythonLibs: /usr/lib/x86_64-linux-gnu/libpython3.8.so (found suitable version "3.8.10", minimum required is "3.5") 
[1.546s] -- Using PYTHON_EXECUTABLE: /usr/bin/python3
[1.546s] -- Using PYTHON_INCLUDE_DIRS: /usr/include/python3.8
[1.546s] -- Using PYTHON_LIBRARIES: /usr/lib/x86_64-linux-gnu/libpython3.8.so
[1.563s] -- Found PythonExtra: .so  
[1.632s] -- Found ament_cmake_flake8: 0.9.7 (/opt/ros/foxy/share/ament_cmake_flake8/cmake)
[1.633s] -- Found ament_cmake_pep257: 0.9.7 (/opt/ros/foxy/share/ament_cmake_pep257/cmake)
[1.635s] -- Found ament_lint_auto: 0.9.7 (/opt/ros/foxy/share/ament_lint_auto/cmake)
[1.643s] -- Added test 'copyright' to check source files copyright and LICENSE
[1.644s] -- Added test 'lint_cmake' to check CMake code style
[1.644s] -- Added test 'xmllint' to check XML markup files
[1.647s] -- Configuring done
[1.683s] -- Generating done
[1.685s] -- Build files have been written to: /home/jay/Documents/AutoDriving-Planning-Control-Algorithm-Simulation-Carla/build/carla_ros_scenario_runner_types
[1.691s] Invoked command in '/home/jay/Documents/AutoDriving-Planning-Control-Algorithm-Simulation-Carla/build/carla_ros_scenario_runner_types' returned '0': CMAKE_PREFIX_PATH=${CMAKE_PREFIX_PATH}:/home/jay/Documents/AutoDriving-Planning-Control-Algorithm-Simulation-Carla/install/rqt_carla_control:/home/jay/Documents/AutoDriving-Planning-Control-Algorithm-Simulation-Carla/install/carla_waypoint_publisher:/home/jay/Documents/AutoDriving-Planning-Control-Algorithm-Simulation-Carla/install/carla_ackermann_control:/home/jay/Documents/AutoDriving-Planning-Control-Algorithm-Simulation-Carla/install/carla_ros_bridge:/home/jay/Documents/AutoDriving-Planning-Control-Algorithm-Simulation-Carla/install/carla_spawn_objects:/home/jay/Documents/AutoDriving-Planning-Control-Algorithm-Simulation-Carla/install/carla_manual_control:/home/jay/Documents/AutoDriving-Planning-Control-Algorithm-Simulation-Carla/install/carla_l5player_bridge_ego_vis:/home/jay/Documents/AutoDriving-Planning-Control-Algorithm-Simulation-Carla/install/carla_ad_agent:/home/jay/Documents/AutoDriving-Planning-Control-Algorithm-Simulation-Carla/install/ros_compatibility:/home/jay/Documents/AutoDriving-Planning-Control-Algorithm-Simulation-Carla/install/carla_walker_agent:/home/jay/Documents/AutoDriving-Planning-Control-Algorithm-Simulation-Carla/install/carla_twist_to_control:/home/jay/Documents/AutoDriving-Planning-Control-Algorithm-Simulation-Carla/install/carla_ros_scenario_runner:/home/jay/Documents/AutoDriving-Planning-Control-Algorithm-Simulation-Carla/install/carla_common:/opt/ros/foxy /usr/bin/cmake /home/jay/Documents/AutoDriving-Planning-Control-Algorithm-Simulation-Carla/src/ros-bridge/carla_ros_scenario_runner_types -DCMAKE_INSTALL_PREFIX=/home/jay/Documents/AutoDriving-Planning-Control-Algorithm-Simulation-Carla/install/carla_ros_scenario_runner_types
[1.693s] Invoking command in '/home/jay/Documents/AutoDriving-Planning-Control-Algorithm-Simulation-Carla/build/carla_ros_scenario_runner_types': CMAKE_PREFIX_PATH=${CMAKE_PREFIX_PATH}:/home/jay/Documents/AutoDriving-Planning-Control-Algorithm-Simulation-Carla/install/rqt_carla_control:/home/jay/Documents/AutoDriving-Planning-Control-Algorithm-Simulation-Carla/install/carla_waypoint_publisher:/home/jay/Documents/AutoDriving-Planning-Control-Algorithm-Simulation-Carla/install/carla_ackermann_control:/home/jay/Documents/AutoDriving-Planning-Control-Algorithm-Simulation-Carla/install/carla_ros_bridge:/home/jay/Documents/AutoDriving-Planning-Control-Algorithm-Simulation-Carla/install/carla_spawn_objects:/home/jay/Documents/AutoDriving-Planning-Control-Algorithm-Simulation-Carla/install/carla_manual_control:/home/jay/Documents/AutoDriving-Planning-Control-Algorithm-Simulation-Carla/install/carla_l5player_bridge_ego_vis:/home/jay/Documents/AutoDriving-Planning-Control-Algorithm-Simulation-Carla/install/carla_ad_agent:/home/jay/Documents/AutoDriving-Planning-Control-Algorithm-Simulation-Carla/install/ros_compatibility:/home/jay/Documents/AutoDriving-Planning-Control-Algorithm-Simulation-Carla/install/carla_walker_agent:/home/jay/Documents/AutoDriving-Planning-Control-Algorithm-Simulation-Carla/install/carla_twist_to_control:/home/jay/Documents/AutoDriving-Planning-Control-Algorithm-Simulation-Carla/install/carla_ros_scenario_runner:/home/jay/Documents/AutoDriving-Planning-Control-Algorithm-Simulation-Carla/install/carla_common:/opt/ros/foxy /usr/bin/cmake --build /home/jay/Documents/AutoDriving-Planning-Control-Algorithm-Simulation-Carla/build/carla_ros_scenario_runner_types -- -j24 -l24
[1.730s] [  1%] [34m[1mGenerating C code for ROS interfaces[0m
[1.730s] [35m[1mScanning dependencies of target carla_ros_scenario_runner_types__cpp[0m
[1.741s] [  3%] [34m[1mGenerating C++ code for ROS interfaces[0m
[2.009s] [  3%] Built target carla_ros_scenario_runner_types__cpp
[2.016s] [35m[1mScanning dependencies of target carla_ros_scenario_runner_types__rosidl_generator_c[0m
[2.017s] [  5%] [34m[1mGenerating C++ type support dispatch for ROS interfaces[0m
[2.018s] [  9%] [34m[1mGenerating C++ type support for eProsima Fast-RTPS[0m
[2.018s] [  9%] [34m[1mGenerating C++ introspection for ROS interfaces[0m
[2.026s] [ 10%] [32mBuilding C object CMakeFiles/carla_ros_scenario_runner_types__rosidl_generator_c.dir/rosidl_generator_c/carla_ros_scenario_runner_types/msg/detail/carla_scenario__functions.c.o[0m
[2.026s] [ 12%] [32mBuilding C object CMakeFiles/carla_ros_scenario_runner_types__rosidl_generator_c.dir/rosidl_generator_c/carla_ros_scenario_runner_types/msg/detail/carla_scenario_runner_status__functions.c.o[0m
[2.026s] [ 14%] [32mBuilding C object CMakeFiles/carla_ros_scenario_runner_types__rosidl_generator_c.dir/rosidl_generator_c/carla_ros_scenario_runner_types/msg/detail/carla_scenario_list__functions.c.o[0m
[2.028s] [ 16%] [32mBuilding C object CMakeFiles/carla_ros_scenario_runner_types__rosidl_generator_c.dir/rosidl_generator_c/carla_ros_scenario_runner_types/srv/detail/execute_scenario__functions.c.o[0m
[2.071s] [ 18%] [32m[1mLinking C shared library libcarla_ros_scenario_runner_types__rosidl_generator_c.so[0m
[2.103s] [ 18%] Built target carla_ros_scenario_runner_types__rosidl_generator_c
[2.113s] [ 20%] [34m[1mGenerating C introspection for ROS interfaces[0m
[2.113s] [ 21%] [34m[1mGenerating C type support dispatch for ROS interfaces[0m
[2.249s] [35m[1mScanning dependencies of target carla_ros_scenario_runner_types__rosidl_typesupport_cpp[0m
[2.265s] [ 23%] [32mBuilding CXX object CMakeFiles/carla_ros_scenario_runner_types__rosidl_typesupport_cpp.dir/rosidl_typesupport_cpp/carla_ros_scenario_runner_types/msg/carla_scenario__type_support.cpp.o[0m
[2.265s] [ 29%] [32mBuilding CXX object CMakeFiles/carla_ros_scenario_runner_types__rosidl_typesupport_cpp.dir/rosidl_typesupport_cpp/carla_ros_scenario_runner_types/msg/carla_scenario_runner_status__type_support.cpp.o[0m
[2.265s] [ 29%] [32mBuilding CXX object CMakeFiles/carla_ros_scenario_runner_types__rosidl_typesupport_cpp.dir/rosidl_typesupport_cpp/carla_ros_scenario_runner_types/msg/carla_scenario_list__type_support.cpp.o[0m
[2.265s] [ 29%] [32mBuilding CXX object CMakeFiles/carla_ros_scenario_runner_types__rosidl_typesupport_cpp.dir/rosidl_typesupport_cpp/carla_ros_scenario_runner_types/srv/execute_scenario__type_support.cpp.o[0m
[2.266s] [35m[1mScanning dependencies of target carla_ros_scenario_runner_types__rosidl_typesupport_introspection_cpp[0m
[2.282s] [ 30%] [32mBuilding CXX object CMakeFiles/carla_ros_scenario_runner_types__rosidl_typesupport_introspection_cpp.dir/rosidl_typesupport_introspection_cpp/carla_ros_scenario_runner_types/msg/detail/carla_scenario__type_support.cpp.o[0m
[2.282s] [ 32%] [32mBuilding CXX object CMakeFiles/carla_ros_scenario_runner_types__rosidl_typesupport_introspection_cpp.dir/rosidl_typesupport_introspection_cpp/carla_ros_scenario_runner_types/msg/detail/carla_scenario_list__type_support.cpp.o[0m
[2.283s] [ 34%] [32mBuilding CXX object CMakeFiles/carla_ros_scenario_runner_types__rosidl_typesupport_introspection_cpp.dir/rosidl_typesupport_introspection_cpp/carla_ros_scenario_runner_types/msg/detail/carla_scenario_runner_status__type_support.cpp.o[0m
[2.290s] [ 36%] [32mBuilding CXX object CMakeFiles/carla_ros_scenario_runner_types__rosidl_typesupport_introspection_cpp.dir/rosidl_typesupport_introspection_cpp/carla_ros_scenario_runner_types/srv/detail/execute_scenario__type_support.cpp.o[0m
[2.293s] [35m[1mScanning dependencies of target carla_ros_scenario_runner_types__rosidl_typesupport_fastrtps_cpp[0m
[2.316s] [ 40%] [32mBuilding CXX object CMakeFiles/carla_ros_scenario_runner_types__rosidl_typesupport_fastrtps_cpp.dir/rosidl_typesupport_fastrtps_cpp/carla_ros_scenario_runner_types/msg/detail/dds_fastrtps/carla_scenario_runner_status__type_support.cpp.o[0m
[2.317s] [ 40%] [32mBuilding CXX object CMakeFiles/carla_ros_scenario_runner_types__rosidl_typesupport_fastrtps_cpp.dir/rosidl_typesupport_fastrtps_cpp/carla_ros_scenario_runner_types/msg/detail/dds_fastrtps/carla_scenario__type_support.cpp.o[0m
[2.317s] [ 41%] [32mBuilding CXX object CMakeFiles/carla_ros_scenario_runner_types__rosidl_typesupport_fastrtps_cpp.dir/rosidl_typesupport_fastrtps_cpp/carla_ros_scenario_runner_types/msg/detail/dds_fastrtps/carla_scenario_list__type_support.cpp.o[0m
[2.320s] [ 43%] [32mBuilding CXX object CMakeFiles/carla_ros_scenario_runner_types__rosidl_typesupport_fastrtps_cpp.dir/rosidl_typesupport_fastrtps_cpp/carla_ros_scenario_runner_types/srv/detail/dds_fastrtps/execute_scenario__type_support.cpp.o[0m
[2.377s] [35m[1mScanning dependencies of target carla_ros_scenario_runner_types__rosidl_typesupport_c[0m
[2.396s] [ 45%] [32mBuilding CXX object CMakeFiles/carla_ros_scenario_runner_types__rosidl_typesupport_c.dir/rosidl_typesupport_c/carla_ros_scenario_runner_types/msg/carla_scenario__type_support.cpp.o[0m
[2.400s] [ 47%] [32mBuilding CXX object CMakeFiles/carla_ros_scenario_runner_types__rosidl_typesupport_c.dir/rosidl_typesupport_c/carla_ros_scenario_runner_types/msg/carla_scenario_list__type_support.cpp.o[0m
[2.407s] [ 49%] [32mBuilding CXX object CMakeFiles/carla_ros_scenario_runner_types__rosidl_typesupport_c.dir/rosidl_typesupport_c/carla_ros_scenario_runner_types/msg/carla_scenario_runner_status__type_support.cpp.o[0m
[2.410s] [ 50%] [32mBuilding CXX object CMakeFiles/carla_ros_scenario_runner_types__rosidl_typesupport_c.dir/rosidl_typesupport_c/carla_ros_scenario_runner_types/srv/execute_scenario__type_support.cpp.o[0m
[2.535s] [ 52%] [32m[1mLinking CXX shared library libcarla_ros_scenario_runner_types__rosidl_typesupport_c.so[0m
[2.551s] [35m[1mScanning dependencies of target carla_ros_scenario_runner_types__rosidl_typesupport_introspection_c[0m
[2.582s] [ 54%] [32mBuilding C object CMakeFiles/carla_ros_scenario_runner_types__rosidl_typesupport_introspection_c.dir/rosidl_typesupport_introspection_c/carla_ros_scenario_runner_types/msg/detail/carla_scenario_list__type_support.c.o[0m
[2.587s] [ 56%] [32mBuilding C object CMakeFiles/carla_ros_scenario_runner_types__rosidl_typesupport_introspection_c.dir/rosidl_typesupport_introspection_c/carla_ros_scenario_runner_types/msg/detail/carla_scenario__type_support.c.o[0m
[2.587s] [ 58%] [32mBuilding C object CMakeFiles/carla_ros_scenario_runner_types__rosidl_typesupport_introspection_c.dir/rosidl_typesupport_introspection_c/carla_ros_scenario_runner_types/srv/detail/execute_scenario__type_support.c.o[0m
[2.591s] [ 58%] Built target carla_ros_scenario_runner_types__rosidl_typesupport_c
[2.592s] [ 60%] [32mBuilding C object CMakeFiles/carla_ros_scenario_runner_types__rosidl_typesupport_introspection_c.dir/rosidl_typesupport_introspection_c/carla_ros_scenario_runner_types/msg/detail/carla_scenario_runner_status__type_support.c.o[0m
[2.607s] [ 61%] [32m[1mLinking CXX shared library libcarla_ros_scenario_runner_types__rosidl_typesupport_cpp.so[0m
[2.620s] [ 63%] [32m[1mLinking CXX shared library libcarla_ros_scenario_runner_types__rosidl_typesupport_introspection_cpp.so[0m
[2.646s] [ 65%] [32m[1mLinking C shared library libcarla_ros_scenario_runner_types__rosidl_typesupport_introspection_c.so[0m
[2.660s] [ 65%] Built target carla_ros_scenario_runner_types__rosidl_typesupport_cpp
[2.681s] [ 65%] Built target carla_ros_scenario_runner_types__rosidl_typesupport_introspection_c
[2.685s] [ 65%] Built target carla_ros_scenario_runner_types__rosidl_typesupport_introspection_cpp
[2.782s] [ 67%] [32m[1mLinking CXX shared library libcarla_ros_scenario_runner_types__rosidl_typesupport_fastrtps_cpp.so[0m
[2.849s] [ 67%] Built target carla_ros_scenario_runner_types__rosidl_typesupport_fastrtps_cpp
[2.860s] [ 69%] [34m[1mGenerating C type support for eProsima Fast-RTPS[0m
[3.163s] [35m[1mScanning dependencies of target carla_ros_scenario_runner_types__rosidl_typesupport_fastrtps_c[0m
[3.178s] [ 70%] [32mBuilding CXX object CMakeFiles/carla_ros_scenario_runner_types__rosidl_typesupport_fastrtps_c.dir/rosidl_typesupport_fastrtps_c/carla_ros_scenario_runner_types/msg/detail/carla_scenario__type_support_c.cpp.o[0m
[3.180s] [ 74%] [32mBuilding CXX object CMakeFiles/carla_ros_scenario_runner_types__rosidl_typesupport_fastrtps_c.dir/rosidl_typesupport_fastrtps_c/carla_ros_scenario_runner_types/msg/detail/carla_scenario_runner_status__type_support_c.cpp.o[0m
[3.180s] [ 74%] [32mBuilding CXX object CMakeFiles/carla_ros_scenario_runner_types__rosidl_typesupport_fastrtps_c.dir/rosidl_typesupport_fastrtps_c/carla_ros_scenario_runner_types/msg/detail/carla_scenario_list__type_support_c.cpp.o[0m
[3.180s] [ 76%] [32mBuilding CXX object CMakeFiles/carla_ros_scenario_runner_types__rosidl_typesupport_fastrtps_c.dir/rosidl_typesupport_fastrtps_c/carla_ros_scenario_runner_types/srv/detail/execute_scenario__type_support_c.cpp.o[0m
[3.461s] [ 78%] [32m[1mLinking CXX shared library libcarla_ros_scenario_runner_types__rosidl_typesupport_fastrtps_c.so[0m
[3.519s] [ 78%] Built target carla_ros_scenario_runner_types__rosidl_typesupport_fastrtps_c
[3.529s] [35m[1mScanning dependencies of target carla_ros_scenario_runner_types[0m
[3.538s] [ 78%] Built target carla_ros_scenario_runner_types
[3.548s] [35m[1mScanning dependencies of target carla_ros_scenario_runner_types__py[0m
[3.560s] [ 80%] [34m[1mGenerating Python code for ROS interfaces[0m
[4.760s] [ 80%] Built target carla_ros_scenario_runner_types__py
[4.775s] [35m[1mScanning dependencies of target carla_ros_scenario_runner_types__python[0m
[4.809s] [ 81%] [32mBuilding C object CMakeFiles/carla_ros_scenario_runner_types__python.dir/rosidl_generator_py/carla_ros_scenario_runner_types/msg/_carla_scenario_s.c.o[0m
[4.819s] [ 83%] [32mBuilding C object CMakeFiles/carla_ros_scenario_runner_types__python.dir/rosidl_generator_py/carla_ros_scenario_runner_types/srv/_execute_scenario_s.c.o[0m
[4.822s] [ 85%] [32mBuilding C object CMakeFiles/carla_ros_scenario_runner_types__python.dir/rosidl_generator_py/carla_ros_scenario_runner_types/msg/_carla_scenario_list_s.c.o[0m
[4.836s] [ 87%] [32mBuilding C object CMakeFiles/carla_ros_scenario_runner_types__python.dir/rosidl_generator_py/carla_ros_scenario_runner_types/msg/_carla_scenario_runner_status_s.c.o[0m
[4.971s] [ 89%] [32m[1mLinking C shared library rosidl_generator_py/carla_ros_scenario_runner_types/libcarla_ros_scenario_runner_types__python.so[0m
[5.014s] [ 89%] Built target carla_ros_scenario_runner_types__python
[5.024s] [35m[1mScanning dependencies of target carla_ros_scenario_runner_types__rosidl_typesupport_introspection_c__pyext[0m
[5.025s] [35m[1mScanning dependencies of target carla_ros_scenario_runner_types__rosidl_typesupport_fastrtps_c__pyext[0m
[5.027s] [35m[1mScanning dependencies of target carla_ros_scenario_runner_types__rosidl_typesupport_c__pyext[0m
[5.038s] [ 90%] [32mBuilding C object CMakeFiles/carla_ros_scenario_runner_types__rosidl_typesupport_introspection_c__pyext.dir/rosidl_generator_py/carla_ros_scenario_runner_types/_carla_ros_scenario_runner_types_s.ep.rosidl_typesupport_introspection_c.c.o[0m
[5.040s] [ 92%] [32mBuilding C object CMakeFiles/carla_ros_scenario_runner_types__rosidl_typesupport_fastrtps_c__pyext.dir/rosidl_generator_py/carla_ros_scenario_runner_types/_carla_ros_scenario_runner_types_s.ep.rosidl_typesupport_fastrtps_c.c.o[0m
[5.045s] [ 94%] [32mBuilding C object CMakeFiles/carla_ros_scenario_runner_types__rosidl_typesupport_c__pyext.dir/rosidl_generator_py/carla_ros_scenario_runner_types/_carla_ros_scenario_runner_types_s.ep.rosidl_typesupport_c.c.o[0m
[5.098s] [ 96%] [32m[1mLinking C shared library rosidl_generator_py/carla_ros_scenario_runner_types/carla_ros_scenario_runner_types_s__rosidl_typesupport_introspection_c.cpython-38-x86_64-linux-gnu.so[0m
[5.101s] [ 98%] [32m[1mLinking CXX shared library rosidl_generator_py/carla_ros_scenario_runner_types/carla_ros_scenario_runner_types_s__rosidl_typesupport_fastrtps_c.cpython-38-x86_64-linux-gnu.so[0m
[5.108s] [100%] [32m[1mLinking C shared library rosidl_generator_py/carla_ros_scenario_runner_types/carla_ros_scenario_runner_types_s__rosidl_typesupport_c.cpython-38-x86_64-linux-gnu.so[0m
[5.131s] [100%] Built target carla_ros_scenario_runner_types__rosidl_typesupport_introspection_c__pyext
[5.137s] [100%] Built target carla_ros_scenario_runner_types__rosidl_typesupport_c__pyext
[5.151s] [100%] Built target carla_ros_scenario_runner_types__rosidl_typesupport_fastrtps_c__pyext
[5.161s] Invoked command in '/home/jay/Documents/AutoDriving-Planning-Control-Algorithm-Simulation-Carla/build/carla_ros_scenario_runner_types' returned '0': CMAKE_PREFIX_PATH=${CMAKE_PREFIX_PATH}:/home/jay/Documents/AutoDriving-Planning-Control-Algorithm-Simulation-Carla/install/rqt_carla_control:/home/jay/Documents/AutoDriving-Planning-Control-Algorithm-Simulation-Carla/install/carla_waypoint_publisher:/home/jay/Documents/AutoDriving-Planning-Control-Algorithm-Simulation-Carla/install/carla_ackermann_control:/home/jay/Documents/AutoDriving-Planning-Control-Algorithm-Simulation-Carla/install/carla_ros_bridge:/home/jay/Documents/AutoDriving-Planning-Control-Algorithm-Simulation-Carla/install/carla_spawn_objects:/home/jay/Documents/AutoDriving-Planning-Control-Algorithm-Simulation-Carla/install/carla_manual_control:/home/jay/Documents/AutoDriving-Planning-Control-Algorithm-Simulation-Carla/install/carla_l5player_bridge_ego_vis:/home/jay/Documents/AutoDriving-Planning-Control-Algorithm-Simulation-Carla/install/carla_ad_agent:/home/jay/Documents/AutoDriving-Planning-Control-Algorithm-Simulation-Carla/install/ros_compatibility:/home/jay/Documents/AutoDriving-Planning-Control-Algorithm-Simulation-Carla/install/carla_walker_agent:/home/jay/Documents/AutoDriving-Planning-Control-Algorithm-Simulation-Carla/install/carla_twist_to_control:/home/jay/Documents/AutoDriving-Planning-Control-Algorithm-Simulation-Carla/install/carla_ros_scenario_runner:/home/jay/Documents/AutoDriving-Planning-Control-Algorithm-Simulation-Carla/install/carla_common:/opt/ros/foxy /usr/bin/cmake --build /home/jay/Documents/AutoDriving-Planning-Control-Algorithm-Simulation-Carla/build/carla_ros_scenario_runner_types -- -j24 -l24
[5.313s] Invoking command in '/home/jay/Documents/AutoDriving-Planning-Control-Algorithm-Simulation-Carla/build/carla_ros_scenario_runner_types': CMAKE_PREFIX_PATH=${CMAKE_PREFIX_PATH}:/home/jay/Documents/AutoDriving-Planning-Control-Algorithm-Simulation-Carla/install/rqt_carla_control:/home/jay/Documents/AutoDriving-Planning-Control-Algorithm-Simulation-Carla/install/carla_waypoint_publisher:/home/jay/Documents/AutoDriving-Planning-Control-Algorithm-Simulation-Carla/install/carla_ackermann_control:/home/jay/Documents/AutoDriving-Planning-Control-Algorithm-Simulation-Carla/install/carla_ros_bridge:/home/jay/Documents/AutoDriving-Planning-Control-Algorithm-Simulation-Carla/install/carla_spawn_objects:/home/jay/Documents/AutoDriving-Planning-Control-Algorithm-Simulation-Carla/install/carla_manual_control:/home/jay/Documents/AutoDriving-Planning-Control-Algorithm-Simulation-Carla/install/carla_l5player_bridge_ego_vis:/home/jay/Documents/AutoDriving-Planning-Control-Algorithm-Simulation-Carla/install/carla_ad_agent:/home/jay/Documents/AutoDriving-Planning-Control-Algorithm-Simulation-Carla/install/ros_compatibility:/home/jay/Documents/AutoDriving-Planning-Control-Algorithm-Simulation-Carla/install/carla_walker_agent:/home/jay/Documents/AutoDriving-Planning-Control-Algorithm-Simulation-Carla/install/carla_twist_to_control:/home/jay/Documents/AutoDriving-Planning-Control-Algorithm-Simulation-Carla/install/carla_ros_scenario_runner:/home/jay/Documents/AutoDriving-Planning-Control-Algorithm-Simulation-Carla/install/carla_common:/opt/ros/foxy /usr/bin/cmake --install /home/jay/Documents/AutoDriving-Planning-Control-Algorithm-Simulation-Carla/build/carla_ros_scenario_runner_types
[5.321s] -- Install configuration: ""
[5.321s] -- Installing: /home/jay/Documents/AutoDriving-Planning-Control-Algorithm-Simulation-Carla/install/carla_ros_scenario_runner_types/share/ament_index/resource_index/rosidl_interfaces/carla_ros_scenario_runner_types
[5.321s] -- Installing: /home/jay/Documents/AutoDriving-Planning-Control-Algorithm-Simulation-Carla/install/carla_ros_scenario_runner_types/include/carla_ros_scenario_runner_types
[5.321s] -- Installing: /home/jay/Documents/AutoDriving-Planning-Control-Algorithm-Simulation-Carla/install/carla_ros_scenario_runner_types/include/carla_ros_scenario_runner_types/srv
[5.321s] -- Installing: /home/jay/Documents/AutoDriving-Planning-Control-Algorithm-Simulation-Carla/install/carla_ros_scenario_runner_types/include/carla_ros_scenario_runner_types/srv/execute_scenario.h
[5.321s] -- Installing: /home/jay/Documents/AutoDriving-Planning-Control-Algorithm-Simulation-Carla/install/carla_ros_scenario_runner_types/include/carla_ros_scenario_runner_types/srv/detail
[5.321s] -- Installing: /home/jay/Documents/AutoDriving-Planning-Control-Algorithm-Simulation-Carla/install/carla_ros_scenario_runner_types/include/carla_ros_scenario_runner_types/srv/detail/execute_scenario__type_support.h
[5.321s] -- Installing: /home/jay/Documents/AutoDriving-Planning-Control-Algorithm-Simulation-Carla/install/carla_ros_scenario_runner_types/include/carla_ros_scenario_runner_types/srv/detail/execute_scenario__functions.c
[5.321s] -- Installing: /home/jay/Documents/AutoDriving-Planning-Control-Algorithm-Simulation-Carla/install/carla_ros_scenario_runner_types/include/carla_ros_scenario_runner_types/srv/detail/execute_scenario__functions.h
[5.321s] -- Installing: /home/jay/Documents/AutoDriving-Planning-Control-Algorithm-Simulation-Carla/install/carla_ros_scenario_runner_types/include/carla_ros_scenario_runner_types/srv/detail/execute_scenario__struct.h
[5.321s] -- Installing: /home/jay/Documents/AutoDriving-Planning-Control-Algorithm-Simulation-Carla/install/carla_ros_scenario_runner_types/include/carla_ros_scenario_runner_types/msg
[5.322s] -- Installing: /home/jay/Documents/AutoDriving-Planning-Control-Algorithm-Simulation-Carla/install/carla_ros_scenario_runner_types/include/carla_ros_scenario_runner_types/msg/detail
[5.322s] -- Installing: /home/jay/Documents/AutoDriving-Planning-Control-Algorithm-Simulation-Carla/install/carla_ros_scenario_runner_types/include/carla_ros_scenario_runner_types/msg/detail/carla_scenario__functions.c
[5.322s] -- Installing: /home/jay/Documents/AutoDriving-Planning-Control-Algorithm-Simulation-Carla/install/carla_ros_scenario_runner_types/include/carla_ros_scenario_runner_types/msg/detail/carla_scenario__struct.h
[5.322s] -- Installing: /home/jay/Documents/AutoDriving-Planning-Control-Algorithm-Simulation-Carla/install/carla_ros_scenario_runner_types/include/carla_ros_scenario_runner_types/msg/detail/carla_scenario__functions.h
[5.322s] -- Installing: /home/jay/Documents/AutoDriving-Planning-Control-Algorithm-Simulation-Carla/install/carla_ros_scenario_runner_types/include/carla_ros_scenario_runner_types/msg/detail/carla_scenario__type_support.h
[5.322s] -- Installing: /home/jay/Documents/AutoDriving-Planning-Control-Algorithm-Simulation-Carla/install/carla_ros_scenario_runner_types/include/carla_ros_scenario_runner_types/msg/detail/carla_scenario_runner_status__functions.c
[5.322s] -- Installing: /home/jay/Documents/AutoDriving-Planning-Control-Algorithm-Simulation-Carla/install/carla_ros_scenario_runner_types/include/carla_ros_scenario_runner_types/msg/detail/carla_scenario_runner_status__struct.h
[5.322s] -- Installing: /home/jay/Documents/AutoDriving-Planning-Control-Algorithm-Simulation-Carla/install/carla_ros_scenario_runner_types/include/carla_ros_scenario_runner_types/msg/detail/carla_scenario_runner_status__functions.h
[5.322s] -- Installing: /home/jay/Documents/AutoDriving-Planning-Control-Algorithm-Simulation-Carla/install/carla_ros_scenario_runner_types/include/carla_ros_scenario_runner_types/msg/detail/carla_scenario_list__functions.c
[5.322s] -- Installing: /home/jay/Documents/AutoDriving-Planning-Control-Algorithm-Simulation-Carla/install/carla_ros_scenario_runner_types/include/carla_ros_scenario_runner_types/msg/detail/carla_scenario_runner_status__type_support.h
[5.322s] -- Installing: /home/jay/Documents/AutoDriving-Planning-Control-Algorithm-Simulation-Carla/install/carla_ros_scenario_runner_types/include/carla_ros_scenario_runner_types/msg/detail/carla_scenario_list__struct.h
[5.322s] -- Installing: /home/jay/Documents/AutoDriving-Planning-Control-Algorithm-Simulation-Carla/install/carla_ros_scenario_runner_types/include/carla_ros_scenario_runner_types/msg/detail/carla_scenario_list__type_support.h
[5.322s] -- Installing: /home/jay/Documents/AutoDriving-Planning-Control-Algorithm-Simulation-Carla/install/carla_ros_scenario_runner_types/include/carla_ros_scenario_runner_types/msg/detail/carla_scenario_list__functions.h
[5.322s] -- Installing: /home/jay/Documents/AutoDriving-Planning-Control-Algorithm-Simulation-Carla/install/carla_ros_scenario_runner_types/include/carla_ros_scenario_runner_types/msg/carla_scenario.h
[5.322s] -- Installing: /home/jay/Documents/AutoDriving-Planning-Control-Algorithm-Simulation-Carla/install/carla_ros_scenario_runner_types/include/carla_ros_scenario_runner_types/msg/carla_scenario_list.h
[5.323s] -- Installing: /home/jay/Documents/AutoDriving-Planning-Control-Algorithm-Simulation-Carla/install/carla_ros_scenario_runner_types/include/carla_ros_scenario_runner_types/msg/rosidl_generator_c__visibility_control.h
[5.323s] -- Installing: /home/jay/Documents/AutoDriving-Planning-Control-Algorithm-Simulation-Carla/install/carla_ros_scenario_runner_types/include/carla_ros_scenario_runner_types/msg/carla_scenario_runner_status.h
[5.323s] -- Installing: /home/jay/Documents/AutoDriving-Planning-Control-Algorithm-Simulation-Carla/install/carla_ros_scenario_runner_types/share/carla_ros_scenario_runner_types/environment/library_path.sh
[5.323s] -- Installing: /home/jay/Documents/AutoDriving-Planning-Control-Algorithm-Simulation-Carla/install/carla_ros_scenario_runner_types/share/carla_ros_scenario_runner_types/environment/library_path.dsv
[5.323s] -- Installing: /home/jay/Documents/AutoDriving-Planning-Control-Algorithm-Simulation-Carla/install/carla_ros_scenario_runner_types/lib/libcarla_ros_scenario_runner_types__rosidl_generator_c.so
[5.323s] -- Set runtime path of "/home/jay/Documents/AutoDriving-Planning-Control-Algorithm-Simulation-Carla/install/carla_ros_scenario_runner_types/lib/libcarla_ros_scenario_runner_types__rosidl_generator_c.so" to ""
[5.323s] -- Up-to-date: /home/jay/Documents/AutoDriving-Planning-Control-Algorithm-Simulation-Carla/install/carla_ros_scenario_runner_types/include/carla_ros_scenario_runner_types
[5.323s] -- Up-to-date: /home/jay/Documents/AutoDriving-Planning-Control-Algorithm-Simulation-Carla/install/carla_ros_scenario_runner_types/include/carla_ros_scenario_runner_types/srv
[5.323s] -- Up-to-date: /home/jay/Documents/AutoDriving-Planning-Control-Algorithm-Simulation-Carla/install/carla_ros_scenario_runner_types/include/carla_ros_scenario_runner_types/srv/detail
[5.323s] -- Installing: /home/jay/Documents/AutoDriving-Planning-Control-Algorithm-Simulation-Carla/install/carla_ros_scenario_runner_types/include/carla_ros_scenario_runner_types/srv/detail/execute_scenario__rosidl_typesupport_fastrtps_c.h
[5.323s] -- Up-to-date: /home/jay/Documents/AutoDriving-Planning-Control-Algorithm-Simulation-Carla/install/carla_ros_scenario_runner_types/include/carla_ros_scenario_runner_types/msg
[5.323s] -- Up-to-date: /home/jay/Documents/AutoDriving-Planning-Control-Algorithm-Simulation-Carla/install/carla_ros_scenario_runner_types/include/carla_ros_scenario_runner_types/msg/detail
[5.323s] -- Installing: /home/jay/Documents/AutoDriving-Planning-Control-Algorithm-Simulation-Carla/install/carla_ros_scenario_runner_types/include/carla_ros_scenario_runner_types/msg/detail/carla_scenario_list__rosidl_typesupport_fastrtps_c.h
[5.323s] -- Installing: /home/jay/Documents/AutoDriving-Planning-Control-Algorithm-Simulation-Carla/install/carla_ros_scenario_runner_types/include/carla_ros_scenario_runner_types/msg/detail/carla_scenario__rosidl_typesupport_fastrtps_c.h
[5.323s] -- Installing: /home/jay/Documents/AutoDriving-Planning-Control-Algorithm-Simulation-Carla/install/carla_ros_scenario_runner_types/include/carla_ros_scenario_runner_types/msg/detail/carla_scenario_runner_status__rosidl_typesupport_fastrtps_c.h
[5.323s] -- Installing: /home/jay/Documents/AutoDriving-Planning-Control-Algorithm-Simulation-Carla/install/carla_ros_scenario_runner_types/include/carla_ros_scenario_runner_types/msg/rosidl_typesupport_fastrtps_c__visibility_control.h
[5.323s] -- Installing: /home/jay/Documents/AutoDriving-Planning-Control-Algorithm-Simulation-Carla/install/carla_ros_scenario_runner_types/lib/libcarla_ros_scenario_runner_types__rosidl_typesupport_fastrtps_c.so
[5.324s] -- Set runtime path of "/home/jay/Documents/AutoDriving-Planning-Control-Algorithm-Simulation-Carla/install/carla_ros_scenario_runner_types/lib/libcarla_ros_scenario_runner_types__rosidl_typesupport_fastrtps_c.so" to ""
[5.324s] -- Up-to-date: /home/jay/Documents/AutoDriving-Planning-Control-Algorithm-Simulation-Carla/install/carla_ros_scenario_runner_types/include/carla_ros_scenario_runner_types
[5.324s] -- Up-to-date: /home/jay/Documents/AutoDriving-Planning-Control-Algorithm-Simulation-Carla/install/carla_ros_scenario_runner_types/include/carla_ros_scenario_runner_types/srv
[5.324s] -- Up-to-date: /home/jay/Documents/AutoDriving-Planning-Control-Algorithm-Simulation-Carla/install/carla_ros_scenario_runner_types/include/carla_ros_scenario_runner_types/srv/detail
[5.324s] -- Installing: /home/jay/Documents/AutoDriving-Planning-Control-Algorithm-Simulation-Carla/install/carla_ros_scenario_runner_types/include/carla_ros_scenario_runner_types/srv/detail/execute_scenario__rosidl_typesupport_fastrtps_cpp.hpp
[5.324s] -- Installing: /home/jay/Documents/AutoDriving-Planning-Control-Algorithm-Simulation-Carla/install/carla_ros_scenario_runner_types/include/carla_ros_scenario_runner_types/srv/detail/dds_fastrtps
[5.324s] -- Up-to-date: /home/jay/Documents/AutoDriving-Planning-Control-Algorithm-Simulation-Carla/install/carla_ros_scenario_runner_types/include/carla_ros_scenario_runner_types/msg
[5.324s] -- Up-to-date: /home/jay/Documents/AutoDriving-Planning-Control-Algorithm-Simulation-Carla/install/carla_ros_scenario_runner_types/include/carla_ros_scenario_runner_types/msg/detail
[5.324s] -- Installing: /home/jay/Documents/AutoDriving-Planning-Control-Algorithm-Simulation-Carla/install/carla_ros_scenario_runner_types/include/carla_ros_scenario_runner_types/msg/detail/carla_scenario__rosidl_typesupport_fastrtps_cpp.hpp
[5.324s] -- Installing: /home/jay/Documents/AutoDriving-Planning-Control-Algorithm-Simulation-Carla/install/carla_ros_scenario_runner_types/include/carla_ros_scenario_runner_types/msg/detail/carla_scenario_list__rosidl_typesupport_fastrtps_cpp.hpp
[5.324s] -- Installing: /home/jay/Documents/AutoDriving-Planning-Control-Algorithm-Simulation-Carla/install/carla_ros_scenario_runner_types/include/carla_ros_scenario_runner_types/msg/detail/carla_scenario_runner_status__rosidl_typesupport_fastrtps_cpp.hpp
[5.324s] -- Installing: /home/jay/Documents/AutoDriving-Planning-Control-Algorithm-Simulation-Carla/install/carla_ros_scenario_runner_types/include/carla_ros_scenario_runner_types/msg/detail/dds_fastrtps
[5.324s] -- Installing: /home/jay/Documents/AutoDriving-Planning-Control-Algorithm-Simulation-Carla/install/carla_ros_scenario_runner_types/include/carla_ros_scenario_runner_types/msg/rosidl_typesupport_fastrtps_cpp__visibility_control.h
[5.324s] -- Installing: /home/jay/Documents/AutoDriving-Planning-Control-Algorithm-Simulation-Carla/install/carla_ros_scenario_runner_types/lib/libcarla_ros_scenario_runner_types__rosidl_typesupport_fastrtps_cpp.so
[5.324s] -- Set runtime path of "/home/jay/Documents/AutoDriving-Planning-Control-Algorithm-Simulation-Carla/install/carla_ros_scenario_runner_types/lib/libcarla_ros_scenario_runner_types__rosidl_typesupport_fastrtps_cpp.so" to ""
[5.324s] -- Up-to-date: /home/jay/Documents/AutoDriving-Planning-Control-Algorithm-Simulation-Carla/install/carla_ros_scenario_runner_types/include/carla_ros_scenario_runner_types
[5.325s] -- Up-to-date: /home/jay/Documents/AutoDriving-Planning-Control-Algorithm-Simulation-Carla/install/carla_ros_scenario_runner_types/include/carla_ros_scenario_runner_types/srv
[5.325s] -- Up-to-date: /home/jay/Documents/AutoDriving-Planning-Control-Algorithm-Simulation-Carla/install/carla_ros_scenario_runner_types/include/carla_ros_scenario_runner_types/srv/detail
[5.325s] -- Installing: /home/jay/Documents/AutoDriving-Planning-Control-Algorithm-Simulation-Carla/install/carla_ros_scenario_runner_types/include/carla_ros_scenario_runner_types/srv/detail/execute_scenario__type_support.c
[5.325s] -- Installing: /home/jay/Documents/AutoDriving-Planning-Control-Algorithm-Simulation-Carla/install/carla_ros_scenario_runner_types/include/carla_ros_scenario_runner_types/srv/detail/execute_scenario__rosidl_typesupport_introspection_c.h
[5.325s] -- Up-to-date: /home/jay/Documents/AutoDriving-Planning-Control-Algorithm-Simulation-Carla/install/carla_ros_scenario_runner_types/include/carla_ros_scenario_runner_types/msg
[5.325s] -- Up-to-date: /home/jay/Documents/AutoDriving-Planning-Control-Algorithm-Simulation-Carla/install/carla_ros_scenario_runner_types/include/carla_ros_scenario_runner_types/msg/detail
[5.325s] -- Installing: /home/jay/Documents/AutoDriving-Planning-Control-Algorithm-Simulation-Carla/install/carla_ros_scenario_runner_types/include/carla_ros_scenario_runner_types/msg/detail/carla_scenario_runner_status__rosidl_typesupport_introspection_c.h
[5.325s] -- Installing: /home/jay/Documents/AutoDriving-Planning-Control-Algorithm-Simulation-Carla/install/carla_ros_scenario_runner_types/include/carla_ros_scenario_runner_types/msg/detail/carla_scenario_runner_status__type_support.c
[5.325s] -- Installing: /home/jay/Documents/AutoDriving-Planning-Control-Algorithm-Simulation-Carla/install/carla_ros_scenario_runner_types/include/carla_ros_scenario_runner_types/msg/detail/carla_scenario_list__rosidl_typesupport_introspection_c.h
[5.325s] -- Installing: /home/jay/Documents/AutoDriving-Planning-Control-Algorithm-Simulation-Carla/install/carla_ros_scenario_runner_types/include/carla_ros_scenario_runner_types/msg/detail/carla_scenario__type_support.c
[5.325s] -- Installing: /home/jay/Documents/AutoDriving-Planning-Control-Algorithm-Simulation-Carla/install/carla_ros_scenario_runner_types/include/carla_ros_scenario_runner_types/msg/detail/carla_scenario__rosidl_typesupport_introspection_c.h
[5.325s] -- Installing: /home/jay/Documents/AutoDriving-Planning-Control-Algorithm-Simulation-Carla/install/carla_ros_scenario_runner_types/include/carla_ros_scenario_runner_types/msg/detail/carla_scenario_list__type_support.c
[5.325s] -- Installing: /home/jay/Documents/AutoDriving-Planning-Control-Algorithm-Simulation-Carla/install/carla_ros_scenario_runner_types/include/carla_ros_scenario_runner_types/msg/rosidl_typesupport_introspection_c__visibility_control.h
[5.325s] -- Installing: /home/jay/Documents/AutoDriving-Planning-Control-Algorithm-Simulation-Carla/install/carla_ros_scenario_runner_types/lib/libcarla_ros_scenario_runner_types__rosidl_typesupport_introspection_c.so
[5.325s] -- Set runtime path of "/home/jay/Documents/AutoDriving-Planning-Control-Algorithm-Simulation-Carla/install/carla_ros_scenario_runner_types/lib/libcarla_ros_scenario_runner_types__rosidl_typesupport_introspection_c.so" to ""
[5.325s] -- Installing: /home/jay/Documents/AutoDriving-Planning-Control-Algorithm-Simulation-Carla/install/carla_ros_scenario_runner_types/lib/libcarla_ros_scenario_runner_types__rosidl_typesupport_c.so
[5.326s] -- Set runtime path of "/home/jay/Documents/AutoDriving-Planning-Control-Algorithm-Simulation-Carla/install/carla_ros_scenario_runner_types/lib/libcarla_ros_scenario_runner_types__rosidl_typesupport_c.so" to ""
[5.326s] -- Up-to-date: /home/jay/Documents/AutoDriving-Planning-Control-Algorithm-Simulation-Carla/install/carla_ros_scenario_runner_types/include/carla_ros_scenario_runner_types
[5.326s] -- Up-to-date: /home/jay/Documents/AutoDriving-Planning-Control-Algorithm-Simulation-Carla/install/carla_ros_scenario_runner_types/include/carla_ros_scenario_runner_types/srv
[5.326s] -- Up-to-date: /home/jay/Documents/AutoDriving-Planning-Control-Algorithm-Simulation-Carla/install/carla_ros_scenario_runner_types/include/carla_ros_scenario_runner_types/srv/detail
[5.326s] -- Installing: /home/jay/Documents/AutoDriving-Planning-Control-Algorithm-Simulation-Carla/install/carla_ros_scenario_runner_types/include/carla_ros_scenario_runner_types/srv/detail/execute_scenario__builder.hpp
[5.326s] -- Installing: /home/jay/Documents/AutoDriving-Planning-Control-Algorithm-Simulation-Carla/install/carla_ros_scenario_runner_types/include/carla_ros_scenario_runner_types/srv/detail/execute_scenario__traits.hpp
[5.326s] -- Installing: /home/jay/Documents/AutoDriving-Planning-Control-Algorithm-Simulation-Carla/install/carla_ros_scenario_runner_types/include/carla_ros_scenario_runner_types/srv/detail/execute_scenario__struct.hpp
[5.326s] -- Installing: /home/jay/Documents/AutoDriving-Planning-Control-Algorithm-Simulation-Carla/install/carla_ros_scenario_runner_types/include/carla_ros_scenario_runner_types/srv/execute_scenario.hpp
[5.326s] -- Up-to-date: /home/jay/Documents/AutoDriving-Planning-Control-Algorithm-Simulation-Carla/install/carla_ros_scenario_runner_types/include/carla_ros_scenario_runner_types/msg
[5.326s] -- Installing: /home/jay/Documents/AutoDriving-Planning-Control-Algorithm-Simulation-Carla/install/carla_ros_scenario_runner_types/include/carla_ros_scenario_runner_types/msg/carla_scenario.hpp
[5.326s] -- Up-to-date: /home/jay/Documents/AutoDriving-Planning-Control-Algorithm-Simulation-Carla/install/carla_ros_scenario_runner_types/include/carla_ros_scenario_runner_types/msg/detail
[5.326s] -- Installing: /home/jay/Documents/AutoDriving-Planning-Control-Algorithm-Simulation-Carla/install/carla_ros_scenario_runner_types/include/carla_ros_scenario_runner_types/msg/detail/carla_scenario__traits.hpp
[5.326s] -- Installing: /home/jay/Documents/AutoDriving-Planning-Control-Algorithm-Simulation-Carla/install/carla_ros_scenario_runner_types/include/carla_ros_scenario_runner_types/msg/detail/carla_scenario__struct.hpp
[5.326s] -- Installing: /home/jay/Documents/AutoDriving-Planning-Control-Algorithm-Simulation-Carla/install/carla_ros_scenario_runner_types/include/carla_ros_scenario_runner_types/msg/detail/carla_scenario_runner_status__builder.hpp
[5.326s] -- Installing: /home/jay/Documents/AutoDriving-Planning-Control-Algorithm-Simulation-Carla/install/carla_ros_scenario_runner_types/include/carla_ros_scenario_runner_types/msg/detail/carla_scenario_list__traits.hpp
[5.327s] -- Installing: /home/jay/Documents/AutoDriving-Planning-Control-Algorithm-Simulation-Carla/install/carla_ros_scenario_runner_types/include/carla_ros_scenario_runner_types/msg/detail/carla_scenario_list__builder.hpp
[5.327s] -- Installing: /home/jay/Documents/AutoDriving-Planning-Control-Algorithm-Simulation-Carla/install/carla_ros_scenario_runner_types/include/carla_ros_scenario_runner_types/msg/detail/carla_scenario__builder.hpp
[5.327s] -- Installing: /home/jay/Documents/AutoDriving-Planning-Control-Algorithm-Simulation-Carla/install/carla_ros_scenario_runner_types/include/carla_ros_scenario_runner_types/msg/detail/carla_scenario_list__struct.hpp
[5.327s] -- Installing: /home/jay/Documents/AutoDriving-Planning-Control-Algorithm-Simulation-Carla/install/carla_ros_scenario_runner_types/include/carla_ros_scenario_runner_types/msg/detail/carla_scenario_runner_status__struct.hpp
[5.327s] -- Installing: /home/jay/Documents/AutoDriving-Planning-Control-Algorithm-Simulation-Carla/install/carla_ros_scenario_runner_types/include/carla_ros_scenario_runner_types/msg/detail/carla_scenario_runner_status__traits.hpp
[5.327s] -- Installing: /home/jay/Documents/AutoDriving-Planning-Control-Algorithm-Simulation-Carla/install/carla_ros_scenario_runner_types/include/carla_ros_scenario_runner_types/msg/carla_scenario_list.hpp
[5.327s] -- Installing: /home/jay/Documents/AutoDriving-Planning-Control-Algorithm-Simulation-Carla/install/carla_ros_scenario_runner_types/include/carla_ros_scenario_runner_types/msg/carla_scenario_runner_status.hpp
[5.327s] -- Up-to-date: /home/jay/Documents/AutoDriving-Planning-Control-Algorithm-Simulation-Carla/install/carla_ros_scenario_runner_types/include/carla_ros_scenario_runner_types
[5.327s] -- Up-to-date: /home/jay/Documents/AutoDriving-Planning-Control-Algorithm-Simulation-Carla/install/carla_ros_scenario_runner_types/include/carla_ros_scenario_runner_types/srv
[5.327s] -- Up-to-date: /home/jay/Documents/AutoDriving-Planning-Control-Algorithm-Simulation-Carla/install/carla_ros_scenario_runner_types/include/carla_ros_scenario_runner_types/srv/detail
[5.327s] -- Installing: /home/jay/Documents/AutoDriving-Planning-Control-Algorithm-Simulation-Carla/install/carla_ros_scenario_runner_types/include/carla_ros_scenario_runner_types/srv/detail/execute_scenario__rosidl_typesupport_introspection_cpp.hpp
[5.327s] -- Installing: /home/jay/Documents/AutoDriving-Planning-Control-Algorithm-Simulation-Carla/install/carla_ros_scenario_runner_types/include/carla_ros_scenario_runner_types/srv/detail/execute_scenario__type_support.cpp
[5.327s] -- Up-to-date: /home/jay/Documents/AutoDriving-Planning-Control-Algorithm-Simulation-Carla/install/carla_ros_scenario_runner_types/include/carla_ros_scenario_runner_types/msg
[5.327s] -- Up-to-date: /home/jay/Documents/AutoDriving-Planning-Control-Algorithm-Simulation-Carla/install/carla_ros_scenario_runner_types/include/carla_ros_scenario_runner_types/msg/detail
[5.327s] -- Installing: /home/jay/Documents/AutoDriving-Planning-Control-Algorithm-Simulation-Carla/install/carla_ros_scenario_runner_types/include/carla_ros_scenario_runner_types/msg/detail/carla_scenario_runner_status__rosidl_typesupport_introspection_cpp.hpp
[5.327s] -- Installing: /home/jay/Documents/AutoDriving-Planning-Control-Algorithm-Simulation-Carla/install/carla_ros_scenario_runner_types/include/carla_ros_scenario_runner_types/msg/detail/carla_scenario__type_support.cpp
[5.327s] -- Installing: /home/jay/Documents/AutoDriving-Planning-Control-Algorithm-Simulation-Carla/install/carla_ros_scenario_runner_types/include/carla_ros_scenario_runner_types/msg/detail/carla_scenario__rosidl_typesupport_introspection_cpp.hpp
[5.327s] -- Installing: /home/jay/Documents/AutoDriving-Planning-Control-Algorithm-Simulation-Carla/install/carla_ros_scenario_runner_types/include/carla_ros_scenario_runner_types/msg/detail/carla_scenario_runner_status__type_support.cpp
[5.328s] -- Installing: /home/jay/Documents/AutoDriving-Planning-Control-Algorithm-Simulation-Carla/install/carla_ros_scenario_runner_types/include/carla_ros_scenario_runner_types/msg/detail/carla_scenario_list__rosidl_typesupport_introspection_cpp.hpp
[5.328s] -- Installing: /home/jay/Documents/AutoDriving-Planning-Control-Algorithm-Simulation-Carla/install/carla_ros_scenario_runner_types/include/carla_ros_scenario_runner_types/msg/detail/carla_scenario_list__type_support.cpp
[5.328s] -- Installing: /home/jay/Documents/AutoDriving-Planning-Control-Algorithm-Simulation-Carla/install/carla_ros_scenario_runner_types/lib/libcarla_ros_scenario_runner_types__rosidl_typesupport_introspection_cpp.so
[5.328s] -- Set runtime path of "/home/jay/Documents/AutoDriving-Planning-Control-Algorithm-Simulation-Carla/install/carla_ros_scenario_runner_types/lib/libcarla_ros_scenario_runner_types__rosidl_typesupport_introspection_cpp.so" to ""
[5.328s] -- Installing: /home/jay/Documents/AutoDriving-Planning-Control-Algorithm-Simulation-Carla/install/carla_ros_scenario_runner_types/lib/libcarla_ros_scenario_runner_types__rosidl_typesupport_cpp.so
[5.328s] -- Set runtime path of "/home/jay/Documents/AutoDriving-Planning-Control-Algorithm-Simulation-Carla/install/carla_ros_scenario_runner_types/lib/libcarla_ros_scenario_runner_types__rosidl_typesupport_cpp.so" to ""
[5.328s] -- Installing: /home/jay/Documents/AutoDriving-Planning-Control-Algorithm-Simulation-Carla/install/carla_ros_scenario_runner_types/share/carla_ros_scenario_runner_types/environment/pythonpath.sh
[5.328s] -- Installing: /home/jay/Documents/AutoDriving-Planning-Control-Algorithm-Simulation-Carla/install/carla_ros_scenario_runner_types/share/carla_ros_scenario_runner_types/environment/pythonpath.dsv
[5.328s] -- Installing: /home/jay/Documents/AutoDriving-Planning-Control-Algorithm-Simulation-Carla/install/carla_ros_scenario_runner_types/lib/python3.8/site-packages/carla_ros_scenario_runner_types/__init__.py
[5.354s] Compiling '/home/jay/Documents/AutoDriving-Planning-Control-Algorithm-Simulation-Carla/install/carla_ros_scenario_runner_types/lib/python3.8/site-packages/carla_ros_scenario_runner_types/__init__.py'...
[5.356s] -- Installing: /home/jay/Documents/AutoDriving-Planning-Control-Algorithm-Simulation-Carla/install/carla_ros_scenario_runner_types/lib/python3.8/site-packages/carla_ros_scenario_runner_types/msg
[5.356s] -- Installing: /home/jay/Documents/AutoDriving-Planning-Control-Algorithm-Simulation-Carla/install/carla_ros_scenario_runner_types/lib/python3.8/site-packages/carla_ros_scenario_runner_types/msg/_carla_scenario_runner_status.py
[5.356s] -- Installing: /home/jay/Documents/AutoDriving-Planning-Control-Algorithm-Simulation-Carla/install/carla_ros_scenario_runner_types/lib/python3.8/site-packages/carla_ros_scenario_runner_types/msg/_carla_scenario_s.c
[5.357s] -- Installing: /home/jay/Documents/AutoDriving-Planning-Control-Algorithm-Simulation-Carla/install/carla_ros_scenario_runner_types/lib/python3.8/site-packages/carla_ros_scenario_runner_types/msg/_carla_scenario_runner_status_s.c
[5.357s] -- Installing: /home/jay/Documents/AutoDriving-Planning-Control-Algorithm-Simulation-Carla/install/carla_ros_scenario_runner_types/lib/python3.8/site-packages/carla_ros_scenario_runner_types/msg/_carla_scenario_list_s.c
[5.357s] -- Installing: /home/jay/Documents/AutoDriving-Planning-Control-Algorithm-Simulation-Carla/install/carla_ros_scenario_runner_types/lib/python3.8/site-packages/carla_ros_scenario_runner_types/msg/_carla_scenario.py
[5.357s] -- Installing: /home/jay/Documents/AutoDriving-Planning-Control-Algorithm-Simulation-Carla/install/carla_ros_scenario_runner_types/lib/python3.8/site-packages/carla_ros_scenario_runner_types/msg/__init__.py
[5.357s] -- Installing: /home/jay/Documents/AutoDriving-Planning-Control-Algorithm-Simulation-Carla/install/carla_ros_scenario_runner_types/lib/python3.8/site-packages/carla_ros_scenario_runner_types/msg/_carla_scenario_list.py
[5.357s] -- Installing: /home/jay/Documents/AutoDriving-Planning-Control-Algorithm-Simulation-Carla/install/carla_ros_scenario_runner_types/lib/python3.8/site-packages/carla_ros_scenario_runner_types/srv
[5.357s] -- Installing: /home/jay/Documents/AutoDriving-Planning-Control-Algorithm-Simulation-Carla/install/carla_ros_scenario_runner_types/lib/python3.8/site-packages/carla_ros_scenario_runner_types/srv/_execute_scenario_s.c
[5.357s] -- Installing: /home/jay/Documents/AutoDriving-Planning-Control-Algorithm-Simulation-Carla/install/carla_ros_scenario_runner_types/lib/python3.8/site-packages/carla_ros_scenario_runner_types/srv/__init__.py
[5.357s] -- Installing: /home/jay/Documents/AutoDriving-Planning-Control-Algorithm-Simulation-Carla/install/carla_ros_scenario_runner_types/lib/python3.8/site-packages/carla_ros_scenario_runner_types/srv/_execute_scenario.py
[5.357s] -- Installing: /home/jay/Documents/AutoDriving-Planning-Control-Algorithm-Simulation-Carla/install/carla_ros_scenario_runner_types/lib/python3.8/site-packages/carla_ros_scenario_runner_types/carla_ros_scenario_runner_types_s__rosidl_typesupport_fastrtps_c.cpython-38-x86_64-linux-gnu.so
[5.358s] -- Set runtime path of "/home/jay/Documents/AutoDriving-Planning-Control-Algorithm-Simulation-Carla/install/carla_ros_scenario_runner_types/lib/python3.8/site-packages/carla_ros_scenario_runner_types/carla_ros_scenario_runner_types_s__rosidl_typesupport_fastrtps_c.cpython-38-x86_64-linux-gnu.so" to ""
[5.358s] -- Installing: /home/jay/Documents/AutoDriving-Planning-Control-Algorithm-Simulation-Carla/install/carla_ros_scenario_runner_types/lib/python3.8/site-packages/carla_ros_scenario_runner_types/carla_ros_scenario_runner_types_s__rosidl_typesupport_introspection_c.cpython-38-x86_64-linux-gnu.so
[5.359s] -- Set runtime path of "/home/jay/Documents/AutoDriving-Planning-Control-Algorithm-Simulation-Carla/install/carla_ros_scenario_runner_types/lib/python3.8/site-packages/carla_ros_scenario_runner_types/carla_ros_scenario_runner_types_s__rosidl_typesupport_introspection_c.cpython-38-x86_64-linux-gnu.so" to ""
[5.359s] -- Installing: /home/jay/Documents/AutoDriving-Planning-Control-Algorithm-Simulation-Carla/install/carla_ros_scenario_runner_types/lib/python3.8/site-packages/carla_ros_scenario_runner_types/carla_ros_scenario_runner_types_s__rosidl_typesupport_c.cpython-38-x86_64-linux-gnu.so
[5.360s] -- Set runtime path of "/home/jay/Documents/AutoDriving-Planning-Control-Algorithm-Simulation-Carla/install/carla_ros_scenario_runner_types/lib/python3.8/site-packages/carla_ros_scenario_runner_types/carla_ros_scenario_runner_types_s__rosidl_typesupport_c.cpython-38-x86_64-linux-gnu.so" to ""
[5.360s] -- Installing: /home/jay/Documents/AutoDriving-Planning-Control-Algorithm-Simulation-Carla/install/carla_ros_scenario_runner_types/lib/libcarla_ros_scenario_runner_types__python.so
[5.360s] -- Set runtime path of "/home/jay/Documents/AutoDriving-Planning-Control-Algorithm-Simulation-Carla/install/carla_ros_scenario_runner_types/lib/libcarla_ros_scenario_runner_types__python.so" to ""
[5.360s] -- Installing: /home/jay/Documents/AutoDriving-Planning-Control-Algorithm-Simulation-Carla/install/carla_ros_scenario_runner_types/share/carla_ros_scenario_runner_types/msg/CarlaScenario.idl
[5.360s] -- Installing: /home/jay/Documents/AutoDriving-Planning-Control-Algorithm-Simulation-Carla/install/carla_ros_scenario_runner_types/share/carla_ros_scenario_runner_types/msg/CarlaScenarioList.idl
[5.360s] -- Installing: /home/jay/Documents/AutoDriving-Planning-Control-Algorithm-Simulation-Carla/install/carla_ros_scenario_runner_types/share/carla_ros_scenario_runner_types/msg/CarlaScenarioRunnerStatus.idl
[5.361s] -- Installing: /home/jay/Documents/AutoDriving-Planning-Control-Algorithm-Simulation-Carla/install/carla_ros_scenario_runner_types/share/carla_ros_scenario_runner_types/srv/ExecuteScenario.idl
[5.361s] -- Installing: /home/jay/Documents/AutoDriving-Planning-Control-Algorithm-Simulation-Carla/install/carla_ros_scenario_runner_types/share/carla_ros_scenario_runner_types/msg/CarlaScenario.msg
[5.361s] -- Installing: /home/jay/Documents/AutoDriving-Planning-Control-Algorithm-Simulation-Carla/install/carla_ros_scenario_runner_types/share/carla_ros_scenario_runner_types/msg/CarlaScenarioList.msg
[5.361s] -- Installing: /home/jay/Documents/AutoDriving-Planning-Control-Algorithm-Simulation-Carla/install/carla_ros_scenario_runner_types/share/carla_ros_scenario_runner_types/msg/CarlaScenarioRunnerStatus.msg
[5.361s] -- Installing: /home/jay/Documents/AutoDriving-Planning-Control-Algorithm-Simulation-Carla/install/carla_ros_scenario_runner_types/share/carla_ros_scenario_runner_types/srv/ExecuteScenario.srv
[5.361s] -- Installing: /home/jay/Documents/AutoDriving-Planning-Control-Algorithm-Simulation-Carla/install/carla_ros_scenario_runner_types/share/carla_ros_scenario_runner_types/srv/ExecuteScenario_Request.msg
[5.361s] -- Installing: /home/jay/Documents/AutoDriving-Planning-Control-Algorithm-Simulation-Carla/install/carla_ros_scenario_runner_types/share/carla_ros_scenario_runner_types/srv/ExecuteScenario_Response.msg
[5.361s] -- Installing: /home/jay/Documents/AutoDriving-Planning-Control-Algorithm-Simulation-Carla/install/carla_ros_scenario_runner_types/share/ament_index/resource_index/package_run_dependencies/carla_ros_scenario_runner_types
[5.362s] -- Installing: /home/jay/Documents/AutoDriving-Planning-Control-Algorithm-Simulation-Carla/install/carla_ros_scenario_runner_types/share/ament_index/resource_index/parent_prefix_path/carla_ros_scenario_runner_types
[5.362s] -- Installing: /home/jay/Documents/AutoDriving-Planning-Control-Algorithm-Simulation-Carla/install/carla_ros_scenario_runner_types/share/carla_ros_scenario_runner_types/environment/ament_prefix_path.sh
[5.362s] -- Installing: /home/jay/Documents/AutoDriving-Planning-Control-Algorithm-Simulation-Carla/install/carla_ros_scenario_runner_types/share/carla_ros_scenario_runner_types/environment/ament_prefix_path.dsv
[5.362s] -- Installing: /home/jay/Documents/AutoDriving-Planning-Control-Algorithm-Simulation-Carla/install/carla_ros_scenario_runner_types/share/carla_ros_scenario_runner_types/environment/path.sh
[5.362s] -- Installing: /home/jay/Documents/AutoDriving-Planning-Control-Algorithm-Simulation-Carla/install/carla_ros_scenario_runner_types/share/carla_ros_scenario_runner_types/environment/path.dsv
[5.362s] -- Installing: /home/jay/Documents/AutoDriving-Planning-Control-Algorithm-Simulation-Carla/install/carla_ros_scenario_runner_types/share/carla_ros_scenario_runner_types/local_setup.bash
[5.362s] -- Installing: /home/jay/Documents/AutoDriving-Planning-Control-Algorithm-Simulation-Carla/install/carla_ros_scenario_runner_types/share/carla_ros_scenario_runner_types/local_setup.sh
[5.362s] -- Installing: /home/jay/Documents/AutoDriving-Planning-Control-Algorithm-Simulation-Carla/install/carla_ros_scenario_runner_types/share/carla_ros_scenario_runner_types/local_setup.zsh
[5.362s] -- Installing: /home/jay/Documents/AutoDriving-Planning-Control-Algorithm-Simulation-Carla/install/carla_ros_scenario_runner_types/share/carla_ros_scenario_runner_types/local_setup.dsv
[5.363s] -- Installing: /home/jay/Documents/AutoDriving-Planning-Control-Algorithm-Simulation-Carla/install/carla_ros_scenario_runner_types/share/carla_ros_scenario_runner_types/package.dsv
[5.363s] -- Installing: /home/jay/Documents/AutoDriving-Planning-Control-Algorithm-Simulation-Carla/install/carla_ros_scenario_runner_types/share/ament_index/resource_index/packages/carla_ros_scenario_runner_types
[5.363s] -- Installing: /home/jay/Documents/AutoDriving-Planning-Control-Algorithm-Simulation-Carla/install/carla_ros_scenario_runner_types/share/carla_ros_scenario_runner_types/cmake/carla_ros_scenario_runner_types__rosidl_generator_cExport.cmake
[5.363s] -- Installing: /home/jay/Documents/AutoDriving-Planning-Control-Algorithm-Simulation-Carla/install/carla_ros_scenario_runner_types/share/carla_ros_scenario_runner_types/cmake/carla_ros_scenario_runner_types__rosidl_generator_cExport-noconfig.cmake
[5.363s] -- Installing: /home/jay/Documents/AutoDriving-Planning-Control-Algorithm-Simulation-Carla/install/carla_ros_scenario_runner_types/share/carla_ros_scenario_runner_types/cmake/carla_ros_scenario_runner_types__rosidl_typesupport_introspection_cExport.cmake
[5.363s] -- Installing: /home/jay/Documents/AutoDriving-Planning-Control-Algorithm-Simulation-Carla/install/carla_ros_scenario_runner_types/share/carla_ros_scenario_runner_types/cmake/carla_ros_scenario_runner_types__rosidl_typesupport_introspection_cExport-noconfig.cmake
[5.364s] -- Installing: /home/jay/Documents/AutoDriving-Planning-Control-Algorithm-Simulation-Carla/install/carla_ros_scenario_runner_types/share/carla_ros_scenario_runner_types/cmake/carla_ros_scenario_runner_types__rosidl_typesupport_cExport.cmake
[5.364s] -- Installing: /home/jay/Documents/AutoDriving-Planning-Control-Algorithm-Simulation-Carla/install/carla_ros_scenario_runner_types/share/carla_ros_scenario_runner_types/cmake/carla_ros_scenario_runner_types__rosidl_typesupport_cExport-noconfig.cmake
[5.364s] -- Installing: /home/jay/Documents/AutoDriving-Planning-Control-Algorithm-Simulation-Carla/install/carla_ros_scenario_runner_types/share/carla_ros_scenario_runner_types/cmake/carla_ros_scenario_runner_types__rosidl_generator_cppExport.cmake
[5.364s] -- Installing: /home/jay/Documents/AutoDriving-Planning-Control-Algorithm-Simulation-Carla/install/carla_ros_scenario_runner_types/share/carla_ros_scenario_runner_types/cmake/carla_ros_scenario_runner_types__rosidl_typesupport_introspection_cppExport.cmake
[5.364s] -- Installing: /home/jay/Documents/AutoDriving-Planning-Control-Algorithm-Simulation-Carla/install/carla_ros_scenario_runner_types/share/carla_ros_scenario_runner_types/cmake/carla_ros_scenario_runner_types__rosidl_typesupport_introspection_cppExport-noconfig.cmake
[5.364s] -- Installing: /home/jay/Documents/AutoDriving-Planning-Control-Algorithm-Simulation-Carla/install/carla_ros_scenario_runner_types/share/carla_ros_scenario_runner_types/cmake/carla_ros_scenario_runner_types__rosidl_typesupport_cppExport.cmake
[5.365s] -- Installing: /home/jay/Documents/AutoDriving-Planning-Control-Algorithm-Simulation-Carla/install/carla_ros_scenario_runner_types/share/carla_ros_scenario_runner_types/cmake/carla_ros_scenario_runner_types__rosidl_typesupport_cppExport-noconfig.cmake
[5.365s] -- Installing: /home/jay/Documents/AutoDriving-Planning-Control-Algorithm-Simulation-Carla/install/carla_ros_scenario_runner_types/share/carla_ros_scenario_runner_types/cmake/rosidl_cmake-extras.cmake
[5.365s] -- Installing: /home/jay/Documents/AutoDriving-Planning-Control-Algorithm-Simulation-Carla/install/carla_ros_scenario_runner_types/share/carla_ros_scenario_runner_types/cmake/ament_cmake_export_dependencies-extras.cmake
[5.365s] -- Installing: /home/jay/Documents/AutoDriving-Planning-Control-Algorithm-Simulation-Carla/install/carla_ros_scenario_runner_types/share/carla_ros_scenario_runner_types/cmake/ament_cmake_export_libraries-extras.cmake
[5.365s] -- Installing: /home/jay/Documents/AutoDriving-Planning-Control-Algorithm-Simulation-Carla/install/carla_ros_scenario_runner_types/share/carla_ros_scenario_runner_types/cmake/ament_cmake_export_targets-extras.cmake
[5.365s] -- Installing: /home/jay/Documents/AutoDriving-Planning-Control-Algorithm-Simulation-Carla/install/carla_ros_scenario_runner_types/share/carla_ros_scenario_runner_types/cmake/ament_cmake_export_include_directories-extras.cmake
[5.365s] -- Installing: /home/jay/Documents/AutoDriving-Planning-Control-Algorithm-Simulation-Carla/install/carla_ros_scenario_runner_types/share/carla_ros_scenario_runner_types/cmake/rosidl_cmake_export_typesupport_libraries-extras.cmake
[5.365s] -- Installing: /home/jay/Documents/AutoDriving-Planning-Control-Algorithm-Simulation-Carla/install/carla_ros_scenario_runner_types/share/carla_ros_scenario_runner_types/cmake/rosidl_cmake_export_typesupport_targets-extras.cmake
[5.365s] -- Installing: /home/jay/Documents/AutoDriving-Planning-Control-Algorithm-Simulation-Carla/install/carla_ros_scenario_runner_types/share/carla_ros_scenario_runner_types/cmake/carla_ros_scenario_runner_typesConfig.cmake
[5.365s] -- Installing: /home/jay/Documents/AutoDriving-Planning-Control-Algorithm-Simulation-Carla/install/carla_ros_scenario_runner_types/share/carla_ros_scenario_runner_types/cmake/carla_ros_scenario_runner_typesConfig-version.cmake
[5.366s] -- Installing: /home/jay/Documents/AutoDriving-Planning-Control-Algorithm-Simulation-Carla/install/carla_ros_scenario_runner_types/share/carla_ros_scenario_runner_types/package.xml
[5.369s] Invoked command in '/home/jay/Documents/AutoDriving-Planning-Control-Algorithm-Simulation-Carla/build/carla_ros_scenario_runner_types' returned '0': CMAKE_PREFIX_PATH=${CMAKE_PREFIX_PATH}:/home/jay/Documents/AutoDriving-Planning-Control-Algorithm-Simulation-Carla/install/rqt_carla_control:/home/jay/Documents/AutoDriving-Planning-Control-Algorithm-Simulation-Carla/install/carla_waypoint_publisher:/home/jay/Documents/AutoDriving-Planning-Control-Algorithm-Simulation-Carla/install/carla_ackermann_control:/home/jay/Documents/AutoDriving-Planning-Control-Algorithm-Simulation-Carla/install/carla_ros_bridge:/home/jay/Documents/AutoDriving-Planning-Control-Algorithm-Simulation-Carla/install/carla_spawn_objects:/home/jay/Documents/AutoDriving-Planning-Control-Algorithm-Simulation-Carla/install/carla_manual_control:/home/jay/Documents/AutoDriving-Planning-Control-Algorithm-Simulation-Carla/install/carla_l5player_bridge_ego_vis:/home/jay/Documents/AutoDriving-Planning-Control-Algorithm-Simulation-Carla/install/carla_ad_agent:/home/jay/Documents/AutoDriving-Planning-Control-Algorithm-Simulation-Carla/install/ros_compatibility:/home/jay/Documents/AutoDriving-Planning-Control-Algorithm-Simulation-Carla/install/carla_walker_agent:/home/jay/Documents/AutoDriving-Planning-Control-Algorithm-Simulation-Carla/install/carla_twist_to_control:/home/jay/Documents/AutoDriving-Planning-Control-Algorithm-Simulation-Carla/install/carla_ros_scenario_runner:/home/jay/Documents/AutoDriving-Planning-Control-Algorithm-Simulation-Carla/install/carla_common:/opt/ros/foxy /usr/bin/cmake --install /home/jay/Documents/AutoDriving-Planning-Control-Algorithm-Simulation-Carla/build/carla_ros_scenario_runner_types
