[0.369s] Invoking command in '/home/jay/Documents/AutoDriving-Planning-Control-Algorithm-Simulation-Carla/build/carla_waypoint_types': CMAKE_PREFIX_PATH=${CMAKE_PREFIX_PATH}:/home/jay/Documents/AutoDriving-Planning-Control-Algorithm-Simulation-Carla/install/rqt_carla_control:/home/jay/Documents/AutoDriving-Planning-Control-Algorithm-Simulation-Carla/install/carla_waypoint_publisher:/home/jay/Documents/AutoDriving-Planning-Control-Algorithm-Simulation-Carla/install/carla_ackermann_control:/home/jay/Documents/AutoDriving-Planning-Control-Algorithm-Simulation-Carla/install/carla_ros_bridge:/home/jay/Documents/AutoDriving-Planning-Control-Algorithm-Simulation-Carla/install/carla_spawn_objects:/home/jay/Documents/AutoDriving-Planning-Control-Algorithm-Simulation-Carla/install/carla_manual_control:/home/jay/Documents/AutoDriving-Planning-Control-Algorithm-Simulation-Carla/install/carla_l5player_bridge_ego_vis:/home/jay/Documents/AutoDriving-Planning-Control-Algorithm-Simulation-Carla/install/carla_ad_agent:/home/jay/Documents/AutoDriving-Planning-Control-Algorithm-Simulation-Carla/install/ros_compatibility:/home/jay/Documents/AutoDriving-Planning-Control-Algorithm-Simulation-Carla/install/carla_walker_agent:/home/jay/Documents/AutoDriving-Planning-Control-Algorithm-Simulation-Carla/install/carla_twist_to_control:/home/jay/Documents/AutoDriving-Planning-Control-Algorithm-Simulation-Carla/install/carla_ros_scenario_runner:/home/jay/Documents/AutoDriving-Planning-Control-Algorithm-Simulation-Carla/install/carla_common:/opt/ros/foxy /usr/bin/cmake --build /home/jay/Documents/AutoDriving-Planning-Control-Algorithm-Simulation-Carla/build/carla_waypoint_types -- -j24 -l24
[0.541s] [  2%] Built target carla_waypoint_types__cpp
[0.541s] [ 12%] Built target carla_waypoint_types__rosidl_generator_c
[0.541s] [ 31%] Built target carla_waypoint_types__rosidl_typesupport_cpp
[0.541s] [ 34%] Built target carla_waypoint_types__rosidl_typesupport_c
[0.541s] [ 44%] Built target carla_waypoint_types__rosidl_typesupport_introspection_cpp
[0.541s] [ 55%] Built target carla_waypoint_types__rosidl_typesupport_introspection_c
[0.542s] [ 65%] Built target carla_waypoint_types__rosidl_typesupport_fastrtps_cpp
[0.542s] [ 76%] Built target carla_waypoint_types__rosidl_typesupport_fastrtps_c
[0.542s] [ 76%] Built target carla_waypoint_types
[0.542s] [ 78%] Built target carla_waypoint_types__py
[0.542s] [ 87%] Built target carla_waypoint_types__python
[0.551s] [ 91%] Built target carla_waypoint_types__rosidl_typesupport_c__pyext
[0.552s] [ 95%] Built target carla_waypoint_types__rosidl_typesupport_introspection_c__pyext
[0.552s] [100%] Built target carla_waypoint_types__rosidl_typesupport_fastrtps_c__pyext
[0.708s] Invoked command in '/home/jay/Documents/AutoDriving-Planning-Control-Algorithm-Simulation-Carla/build/carla_waypoint_types' returned '0': CMAKE_PREFIX_PATH=${CMAKE_PREFIX_PATH}:/home/jay/Documents/AutoDriving-Planning-Control-Algorithm-Simulation-Carla/install/rqt_carla_control:/home/jay/Documents/AutoDriving-Planning-Control-Algorithm-Simulation-Carla/install/carla_waypoint_publisher:/home/jay/Documents/AutoDriving-Planning-Control-Algorithm-Simulation-Carla/install/carla_ackermann_control:/home/jay/Documents/AutoDriving-Planning-Control-Algorithm-Simulation-Carla/install/carla_ros_bridge:/home/jay/Documents/AutoDriving-Planning-Control-Algorithm-Simulation-Carla/install/carla_spawn_objects:/home/jay/Documents/AutoDriving-Planning-Control-Algorithm-Simulation-Carla/install/carla_manual_control:/home/jay/Documents/AutoDriving-Planning-Control-Algorithm-Simulation-Carla/install/carla_l5player_bridge_ego_vis:/home/jay/Documents/AutoDriving-Planning-Control-Algorithm-Simulation-Carla/install/carla_ad_agent:/home/jay/Documents/AutoDriving-Planning-Control-Algorithm-Simulation-Carla/install/ros_compatibility:/home/jay/Documents/AutoDriving-Planning-Control-Algorithm-Simulation-Carla/install/carla_walker_agent:/home/jay/Documents/AutoDriving-Planning-Control-Algorithm-Simulation-Carla/install/carla_twist_to_control:/home/jay/Documents/AutoDriving-Planning-Control-Algorithm-Simulation-Carla/install/carla_ros_scenario_runner:/home/jay/Documents/AutoDriving-Planning-Control-Algorithm-Simulation-Carla/install/carla_common:/opt/ros/foxy /usr/bin/cmake --build /home/jay/Documents/AutoDriving-Planning-Control-Algorithm-Simulation-Carla/build/carla_waypoint_types -- -j24 -l24
[0.842s] Invoking command in '/home/jay/Documents/AutoDriving-Planning-Control-Algorithm-Simulation-Carla/build/carla_waypoint_types': CMAKE_PREFIX_PATH=${CMAKE_PREFIX_PATH}:/home/jay/Documents/AutoDriving-Planning-Control-Algorithm-Simulation-Carla/install/rqt_carla_control:/home/jay/Documents/AutoDriving-Planning-Control-Algorithm-Simulation-Carla/install/carla_waypoint_publisher:/home/jay/Documents/AutoDriving-Planning-Control-Algorithm-Simulation-Carla/install/carla_ackermann_control:/home/jay/Documents/AutoDriving-Planning-Control-Algorithm-Simulation-Carla/install/carla_ros_bridge:/home/jay/Documents/AutoDriving-Planning-Control-Algorithm-Simulation-Carla/install/carla_spawn_objects:/home/jay/Documents/AutoDriving-Planning-Control-Algorithm-Simulation-Carla/install/carla_manual_control:/home/jay/Documents/AutoDriving-Planning-Control-Algorithm-Simulation-Carla/install/carla_l5player_bridge_ego_vis:/home/jay/Documents/AutoDriving-Planning-Control-Algorithm-Simulation-Carla/install/carla_ad_agent:/home/jay/Documents/AutoDriving-Planning-Control-Algorithm-Simulation-Carla/install/ros_compatibility:/home/jay/Documents/AutoDriving-Planning-Control-Algorithm-Simulation-Carla/install/carla_walker_agent:/home/jay/Documents/AutoDriving-Planning-Control-Algorithm-Simulation-Carla/install/carla_twist_to_control:/home/jay/Documents/AutoDriving-Planning-Control-Algorithm-Simulation-Carla/install/carla_ros_scenario_runner:/home/jay/Documents/AutoDriving-Planning-Control-Algorithm-Simulation-Carla/install/carla_common:/opt/ros/foxy /usr/bin/cmake --install /home/jay/Documents/AutoDriving-Planning-Control-Algorithm-Simulation-Carla/build/carla_waypoint_types
[0.849s] -- Install configuration: ""
[0.849s] -- Up-to-date: /home/jay/Documents/AutoDriving-Planning-Control-Algorithm-Simulation-Carla/install/carla_waypoint_types/share/ament_index/resource_index/rosidl_interfaces/carla_waypoint_types
[0.849s] -- Up-to-date: /home/jay/Documents/AutoDriving-Planning-Control-Algorithm-Simulation-Carla/install/carla_waypoint_types/include/carla_waypoint_types
[0.850s] -- Up-to-date: /home/jay/Documents/AutoDriving-Planning-Control-Algorithm-Simulation-Carla/install/carla_waypoint_types/include/carla_waypoint_types/srv
[0.850s] -- Up-to-date: /home/jay/Documents/AutoDriving-Planning-Control-Algorithm-Simulation-Carla/install/carla_waypoint_types/include/carla_waypoint_types/srv/get_waypoint.h
[0.850s] -- Up-to-date: /home/jay/Documents/AutoDriving-Planning-Control-Algorithm-Simulation-Carla/install/carla_waypoint_types/include/carla_waypoint_types/srv/detail
[0.850s] -- Up-to-date: /home/jay/Documents/AutoDriving-Planning-Control-Algorithm-Simulation-Carla/install/carla_waypoint_types/include/carla_waypoint_types/srv/detail/get_waypoint__type_support.h
[0.850s] -- Up-to-date: /home/jay/Documents/AutoDriving-Planning-Control-Algorithm-Simulation-Carla/install/carla_waypoint_types/include/carla_waypoint_types/srv/detail/get_actor_waypoint__type_support.h
[0.850s] -- Up-to-date: /home/jay/Documents/AutoDriving-Planning-Control-Algorithm-Simulation-Carla/install/carla_waypoint_types/include/carla_waypoint_types/srv/detail/get_waypoint__functions.h
[0.850s] -- Up-to-date: /home/jay/Documents/AutoDriving-Planning-Control-Algorithm-Simulation-Carla/install/carla_waypoint_types/include/carla_waypoint_types/srv/detail/get_actor_waypoint__functions.c
[0.850s] -- Up-to-date: /home/jay/Documents/AutoDriving-Planning-Control-Algorithm-Simulation-Carla/install/carla_waypoint_types/include/carla_waypoint_types/srv/detail/get_waypoint__struct.h
[0.850s] -- Up-to-date: /home/jay/Documents/AutoDriving-Planning-Control-Algorithm-Simulation-Carla/install/carla_waypoint_types/include/carla_waypoint_types/srv/detail/get_actor_waypoint__struct.h
[0.850s] -- Up-to-date: /home/jay/Documents/AutoDriving-Planning-Control-Algorithm-Simulation-Carla/install/carla_waypoint_types/include/carla_waypoint_types/srv/detail/get_waypoint__functions.c
[0.850s] -- Up-to-date: /home/jay/Documents/AutoDriving-Planning-Control-Algorithm-Simulation-Carla/install/carla_waypoint_types/include/carla_waypoint_types/srv/detail/get_actor_waypoint__functions.h
[0.850s] -- Up-to-date: /home/jay/Documents/AutoDriving-Planning-Control-Algorithm-Simulation-Carla/install/carla_waypoint_types/include/carla_waypoint_types/srv/get_actor_waypoint.h
[0.850s] -- Up-to-date: /home/jay/Documents/AutoDriving-Planning-Control-Algorithm-Simulation-Carla/install/carla_waypoint_types/include/carla_waypoint_types/msg
[0.850s] -- Up-to-date: /home/jay/Documents/AutoDriving-Planning-Control-Algorithm-Simulation-Carla/install/carla_waypoint_types/include/carla_waypoint_types/msg/detail
[0.851s] -- Up-to-date: /home/jay/Documents/AutoDriving-Planning-Control-Algorithm-Simulation-Carla/install/carla_waypoint_types/include/carla_waypoint_types/msg/detail/carla_waypoint__functions.h
[0.851s] -- Up-to-date: /home/jay/Documents/AutoDriving-Planning-Control-Algorithm-Simulation-Carla/install/carla_waypoint_types/include/carla_waypoint_types/msg/detail/carla_waypoint__struct.h
[0.851s] -- Up-to-date: /home/jay/Documents/AutoDriving-Planning-Control-Algorithm-Simulation-Carla/install/carla_waypoint_types/include/carla_waypoint_types/msg/detail/carla_waypoint__type_support.h
[0.851s] -- Up-to-date: /home/jay/Documents/AutoDriving-Planning-Control-Algorithm-Simulation-Carla/install/carla_waypoint_types/include/carla_waypoint_types/msg/detail/carla_waypoint__functions.c
[0.851s] -- Up-to-date: /home/jay/Documents/AutoDriving-Planning-Control-Algorithm-Simulation-Carla/install/carla_waypoint_types/include/carla_waypoint_types/msg/rosidl_generator_c__visibility_control.h
[0.851s] -- Up-to-date: /home/jay/Documents/AutoDriving-Planning-Control-Algorithm-Simulation-Carla/install/carla_waypoint_types/include/carla_waypoint_types/msg/carla_waypoint.h
[0.851s] -- Up-to-date: /home/jay/Documents/AutoDriving-Planning-Control-Algorithm-Simulation-Carla/install/carla_waypoint_types/share/carla_waypoint_types/environment/library_path.sh
[0.851s] -- Up-to-date: /home/jay/Documents/AutoDriving-Planning-Control-Algorithm-Simulation-Carla/install/carla_waypoint_types/share/carla_waypoint_types/environment/library_path.dsv
[0.851s] -- Up-to-date: /home/jay/Documents/AutoDriving-Planning-Control-Algorithm-Simulation-Carla/install/carla_waypoint_types/lib/libcarla_waypoint_types__rosidl_generator_c.so
[0.851s] -- Up-to-date: /home/jay/Documents/AutoDriving-Planning-Control-Algorithm-Simulation-Carla/install/carla_waypoint_types/include/carla_waypoint_types
[0.851s] -- Up-to-date: /home/jay/Documents/AutoDriving-Planning-Control-Algorithm-Simulation-Carla/install/carla_waypoint_types/include/carla_waypoint_types/srv
[0.851s] -- Up-to-date: /home/jay/Documents/AutoDriving-Planning-Control-Algorithm-Simulation-Carla/install/carla_waypoint_types/include/carla_waypoint_types/srv/detail
[0.852s] -- Up-to-date: /home/jay/Documents/AutoDriving-Planning-Control-Algorithm-Simulation-Carla/install/carla_waypoint_types/include/carla_waypoint_types/srv/detail/get_actor_waypoint__rosidl_typesupport_fastrtps_c.h
[0.852s] -- Up-to-date: /home/jay/Documents/AutoDriving-Planning-Control-Algorithm-Simulation-Carla/install/carla_waypoint_types/include/carla_waypoint_types/srv/detail/get_waypoint__rosidl_typesupport_fastrtps_c.h
[0.852s] -- Up-to-date: /home/jay/Documents/AutoDriving-Planning-Control-Algorithm-Simulation-Carla/install/carla_waypoint_types/include/carla_waypoint_types/msg
[0.852s] -- Up-to-date: /home/jay/Documents/AutoDriving-Planning-Control-Algorithm-Simulation-Carla/install/carla_waypoint_types/include/carla_waypoint_types/msg/detail
[0.852s] -- Up-to-date: /home/jay/Documents/AutoDriving-Planning-Control-Algorithm-Simulation-Carla/install/carla_waypoint_types/include/carla_waypoint_types/msg/detail/carla_waypoint__rosidl_typesupport_fastrtps_c.h
[0.852s] -- Up-to-date: /home/jay/Documents/AutoDriving-Planning-Control-Algorithm-Simulation-Carla/install/carla_waypoint_types/include/carla_waypoint_types/msg/rosidl_typesupport_fastrtps_c__visibility_control.h
[0.852s] -- Up-to-date: /home/jay/Documents/AutoDriving-Planning-Control-Algorithm-Simulation-Carla/install/carla_waypoint_types/lib/libcarla_waypoint_types__rosidl_typesupport_fastrtps_c.so
[0.852s] -- Up-to-date: /home/jay/Documents/AutoDriving-Planning-Control-Algorithm-Simulation-Carla/install/carla_waypoint_types/include/carla_waypoint_types
[0.852s] -- Up-to-date: /home/jay/Documents/AutoDriving-Planning-Control-Algorithm-Simulation-Carla/install/carla_waypoint_types/include/carla_waypoint_types/srv
[0.852s] -- Up-to-date: /home/jay/Documents/AutoDriving-Planning-Control-Algorithm-Simulation-Carla/install/carla_waypoint_types/include/carla_waypoint_types/srv/detail
[0.852s] -- Up-to-date: /home/jay/Documents/AutoDriving-Planning-Control-Algorithm-Simulation-Carla/install/carla_waypoint_types/include/carla_waypoint_types/srv/detail/get_waypoint__rosidl_typesupport_fastrtps_cpp.hpp
[0.852s] -- Up-to-date: /home/jay/Documents/AutoDriving-Planning-Control-Algorithm-Simulation-Carla/install/carla_waypoint_types/include/carla_waypoint_types/srv/detail/get_actor_waypoint__rosidl_typesupport_fastrtps_cpp.hpp
[0.852s] -- Up-to-date: /home/jay/Documents/AutoDriving-Planning-Control-Algorithm-Simulation-Carla/install/carla_waypoint_types/include/carla_waypoint_types/srv/detail/dds_fastrtps
[0.852s] -- Up-to-date: /home/jay/Documents/AutoDriving-Planning-Control-Algorithm-Simulation-Carla/install/carla_waypoint_types/include/carla_waypoint_types/msg
[0.852s] -- Up-to-date: /home/jay/Documents/AutoDriving-Planning-Control-Algorithm-Simulation-Carla/install/carla_waypoint_types/include/carla_waypoint_types/msg/detail
[0.852s] -- Up-to-date: /home/jay/Documents/AutoDriving-Planning-Control-Algorithm-Simulation-Carla/install/carla_waypoint_types/include/carla_waypoint_types/msg/detail/carla_waypoint__rosidl_typesupport_fastrtps_cpp.hpp
[0.852s] -- Up-to-date: /home/jay/Documents/AutoDriving-Planning-Control-Algorithm-Simulation-Carla/install/carla_waypoint_types/include/carla_waypoint_types/msg/detail/dds_fastrtps
[0.853s] -- Up-to-date: /home/jay/Documents/AutoDriving-Planning-Control-Algorithm-Simulation-Carla/install/carla_waypoint_types/include/carla_waypoint_types/msg/rosidl_typesupport_fastrtps_cpp__visibility_control.h
[0.853s] -- Up-to-date: /home/jay/Documents/AutoDriving-Planning-Control-Algorithm-Simulation-Carla/install/carla_waypoint_types/lib/libcarla_waypoint_types__rosidl_typesupport_fastrtps_cpp.so
[0.853s] -- Up-to-date: /home/jay/Documents/AutoDriving-Planning-Control-Algorithm-Simulation-Carla/install/carla_waypoint_types/include/carla_waypoint_types
[0.853s] -- Up-to-date: /home/jay/Documents/AutoDriving-Planning-Control-Algorithm-Simulation-Carla/install/carla_waypoint_types/include/carla_waypoint_types/srv
[0.853s] -- Up-to-date: /home/jay/Documents/AutoDriving-Planning-Control-Algorithm-Simulation-Carla/install/carla_waypoint_types/include/carla_waypoint_types/srv/detail
[0.853s] -- Up-to-date: /home/jay/Documents/AutoDriving-Planning-Control-Algorithm-Simulation-Carla/install/carla_waypoint_types/include/carla_waypoint_types/srv/detail/get_waypoint__rosidl_typesupport_introspection_c.h
[0.853s] -- Up-to-date: /home/jay/Documents/AutoDriving-Planning-Control-Algorithm-Simulation-Carla/install/carla_waypoint_types/include/carla_waypoint_types/srv/detail/get_actor_waypoint__type_support.c
[0.853s] -- Up-to-date: /home/jay/Documents/AutoDriving-Planning-Control-Algorithm-Simulation-Carla/install/carla_waypoint_types/include/carla_waypoint_types/srv/detail/get_actor_waypoint__rosidl_typesupport_introspection_c.h
[0.853s] -- Up-to-date: /home/jay/Documents/AutoDriving-Planning-Control-Algorithm-Simulation-Carla/install/carla_waypoint_types/include/carla_waypoint_types/srv/detail/get_waypoint__type_support.c
[0.853s] -- Up-to-date: /home/jay/Documents/AutoDriving-Planning-Control-Algorithm-Simulation-Carla/install/carla_waypoint_types/include/carla_waypoint_types/msg
[0.853s] -- Up-to-date: /home/jay/Documents/AutoDriving-Planning-Control-Algorithm-Simulation-Carla/install/carla_waypoint_types/include/carla_waypoint_types/msg/detail
[0.853s] -- Up-to-date: /home/jay/Documents/AutoDriving-Planning-Control-Algorithm-Simulation-Carla/install/carla_waypoint_types/include/carla_waypoint_types/msg/detail/carla_waypoint__rosidl_typesupport_introspection_c.h
[0.853s] -- Up-to-date: /home/jay/Documents/AutoDriving-Planning-Control-Algorithm-Simulation-Carla/install/carla_waypoint_types/include/carla_waypoint_types/msg/detail/carla_waypoint__type_support.c
[0.853s] -- Up-to-date: /home/jay/Documents/AutoDriving-Planning-Control-Algorithm-Simulation-Carla/install/carla_waypoint_types/include/carla_waypoint_types/msg/rosidl_typesupport_introspection_c__visibility_control.h
[0.853s] -- Up-to-date: /home/jay/Documents/AutoDriving-Planning-Control-Algorithm-Simulation-Carla/install/carla_waypoint_types/lib/libcarla_waypoint_types__rosidl_typesupport_introspection_c.so
[0.853s] -- Up-to-date: /home/jay/Documents/AutoDriving-Planning-Control-Algorithm-Simulation-Carla/install/carla_waypoint_types/lib/libcarla_waypoint_types__rosidl_typesupport_c.so
[0.853s] -- Up-to-date: /home/jay/Documents/AutoDriving-Planning-Control-Algorithm-Simulation-Carla/install/carla_waypoint_types/include/carla_waypoint_types
[0.853s] -- Up-to-date: /home/jay/Documents/AutoDriving-Planning-Control-Algorithm-Simulation-Carla/install/carla_waypoint_types/include/carla_waypoint_types/srv
[0.854s] -- Up-to-date: /home/jay/Documents/AutoDriving-Planning-Control-Algorithm-Simulation-Carla/install/carla_waypoint_types/include/carla_waypoint_types/srv/detail
[0.854s] -- Up-to-date: /home/jay/Documents/AutoDriving-Planning-Control-Algorithm-Simulation-Carla/install/carla_waypoint_types/include/carla_waypoint_types/srv/detail/get_waypoint__builder.hpp
[0.854s] -- Up-to-date: /home/jay/Documents/AutoDriving-Planning-Control-Algorithm-Simulation-Carla/install/carla_waypoint_types/include/carla_waypoint_types/srv/detail/get_actor_waypoint__struct.hpp
[0.854s] -- Up-to-date: /home/jay/Documents/AutoDriving-Planning-Control-Algorithm-Simulation-Carla/install/carla_waypoint_types/include/carla_waypoint_types/srv/detail/get_actor_waypoint__builder.hpp
[0.854s] -- Up-to-date: /home/jay/Documents/AutoDriving-Planning-Control-Algorithm-Simulation-Carla/install/carla_waypoint_types/include/carla_waypoint_types/srv/detail/get_waypoint__struct.hpp
[0.854s] -- Up-to-date: /home/jay/Documents/AutoDriving-Planning-Control-Algorithm-Simulation-Carla/install/carla_waypoint_types/include/carla_waypoint_types/srv/detail/get_actor_waypoint__traits.hpp
[0.854s] -- Up-to-date: /home/jay/Documents/AutoDriving-Planning-Control-Algorithm-Simulation-Carla/install/carla_waypoint_types/include/carla_waypoint_types/srv/detail/get_waypoint__traits.hpp
[0.854s] -- Up-to-date: /home/jay/Documents/AutoDriving-Planning-Control-Algorithm-Simulation-Carla/install/carla_waypoint_types/include/carla_waypoint_types/srv/get_waypoint.hpp
[0.854s] -- Up-to-date: /home/jay/Documents/AutoDriving-Planning-Control-Algorithm-Simulation-Carla/install/carla_waypoint_types/include/carla_waypoint_types/srv/get_actor_waypoint.hpp
[0.854s] -- Up-to-date: /home/jay/Documents/AutoDriving-Planning-Control-Algorithm-Simulation-Carla/install/carla_waypoint_types/include/carla_waypoint_types/msg
[0.854s] -- Up-to-date: /home/jay/Documents/AutoDriving-Planning-Control-Algorithm-Simulation-Carla/install/carla_waypoint_types/include/carla_waypoint_types/msg/detail
[0.854s] -- Up-to-date: /home/jay/Documents/AutoDriving-Planning-Control-Algorithm-Simulation-Carla/install/carla_waypoint_types/include/carla_waypoint_types/msg/detail/carla_waypoint__struct.hpp
[0.854s] -- Up-to-date: /home/jay/Documents/AutoDriving-Planning-Control-Algorithm-Simulation-Carla/install/carla_waypoint_types/include/carla_waypoint_types/msg/detail/carla_waypoint__builder.hpp
[0.854s] -- Up-to-date: /home/jay/Documents/AutoDriving-Planning-Control-Algorithm-Simulation-Carla/install/carla_waypoint_types/include/carla_waypoint_types/msg/detail/carla_waypoint__traits.hpp
[0.854s] -- Up-to-date: /home/jay/Documents/AutoDriving-Planning-Control-Algorithm-Simulation-Carla/install/carla_waypoint_types/include/carla_waypoint_types/msg/carla_waypoint.hpp
[0.854s] -- Up-to-date: /home/jay/Documents/AutoDriving-Planning-Control-Algorithm-Simulation-Carla/install/carla_waypoint_types/include/carla_waypoint_types
[0.854s] -- Up-to-date: /home/jay/Documents/AutoDriving-Planning-Control-Algorithm-Simulation-Carla/install/carla_waypoint_types/include/carla_waypoint_types/srv
[0.854s] -- Up-to-date: /home/jay/Documents/AutoDriving-Planning-Control-Algorithm-Simulation-Carla/install/carla_waypoint_types/include/carla_waypoint_types/srv/detail
[0.854s] -- Up-to-date: /home/jay/Documents/AutoDriving-Planning-Control-Algorithm-Simulation-Carla/install/carla_waypoint_types/include/carla_waypoint_types/srv/detail/get_actor_waypoint__type_support.cpp
[0.855s] -- Up-to-date: /home/jay/Documents/AutoDriving-Planning-Control-Algorithm-Simulation-Carla/install/carla_waypoint_types/include/carla_waypoint_types/srv/detail/get_waypoint__rosidl_typesupport_introspection_cpp.hpp
[0.855s] -- Up-to-date: /home/jay/Documents/AutoDriving-Planning-Control-Algorithm-Simulation-Carla/install/carla_waypoint_types/include/carla_waypoint_types/srv/detail/get_waypoint__type_support.cpp
[0.855s] -- Up-to-date: /home/jay/Documents/AutoDriving-Planning-Control-Algorithm-Simulation-Carla/install/carla_waypoint_types/include/carla_waypoint_types/srv/detail/get_actor_waypoint__rosidl_typesupport_introspection_cpp.hpp
[0.855s] -- Up-to-date: /home/jay/Documents/AutoDriving-Planning-Control-Algorithm-Simulation-Carla/install/carla_waypoint_types/include/carla_waypoint_types/msg
[0.855s] -- Up-to-date: /home/jay/Documents/AutoDriving-Planning-Control-Algorithm-Simulation-Carla/install/carla_waypoint_types/include/carla_waypoint_types/msg/detail
[0.855s] -- Up-to-date: /home/jay/Documents/AutoDriving-Planning-Control-Algorithm-Simulation-Carla/install/carla_waypoint_types/include/carla_waypoint_types/msg/detail/carla_waypoint__rosidl_typesupport_introspection_cpp.hpp
[0.855s] -- Up-to-date: /home/jay/Documents/AutoDriving-Planning-Control-Algorithm-Simulation-Carla/install/carla_waypoint_types/include/carla_waypoint_types/msg/detail/carla_waypoint__type_support.cpp
[0.855s] -- Up-to-date: /home/jay/Documents/AutoDriving-Planning-Control-Algorithm-Simulation-Carla/install/carla_waypoint_types/lib/libcarla_waypoint_types__rosidl_typesupport_introspection_cpp.so
[0.855s] -- Up-to-date: /home/jay/Documents/AutoDriving-Planning-Control-Algorithm-Simulation-Carla/install/carla_waypoint_types/lib/libcarla_waypoint_types__rosidl_typesupport_cpp.so
[0.855s] -- Up-to-date: /home/jay/Documents/AutoDriving-Planning-Control-Algorithm-Simulation-Carla/install/carla_waypoint_types/share/carla_waypoint_types/environment/pythonpath.sh
[0.855s] -- Up-to-date: /home/jay/Documents/AutoDriving-Planning-Control-Algorithm-Simulation-Carla/install/carla_waypoint_types/share/carla_waypoint_types/environment/pythonpath.dsv
[0.855s] -- Up-to-date: /home/jay/Documents/AutoDriving-Planning-Control-Algorithm-Simulation-Carla/install/carla_waypoint_types/lib/python3.8/site-packages/carla_waypoint_types/__init__.py
[0.879s] -- Up-to-date: /home/jay/Documents/AutoDriving-Planning-Control-Algorithm-Simulation-Carla/install/carla_waypoint_types/lib/python3.8/site-packages/carla_waypoint_types/msg
[0.879s] -- Up-to-date: /home/jay/Documents/AutoDriving-Planning-Control-Algorithm-Simulation-Carla/install/carla_waypoint_types/lib/python3.8/site-packages/carla_waypoint_types/msg/_carla_waypoint.py
[0.879s] -- Up-to-date: /home/jay/Documents/AutoDriving-Planning-Control-Algorithm-Simulation-Carla/install/carla_waypoint_types/lib/python3.8/site-packages/carla_waypoint_types/msg/_carla_waypoint_s.c
[0.879s] -- Up-to-date: /home/jay/Documents/AutoDriving-Planning-Control-Algorithm-Simulation-Carla/install/carla_waypoint_types/lib/python3.8/site-packages/carla_waypoint_types/msg/__init__.py
[0.880s] -- Up-to-date: /home/jay/Documents/AutoDriving-Planning-Control-Algorithm-Simulation-Carla/install/carla_waypoint_types/lib/python3.8/site-packages/carla_waypoint_types/srv
[0.880s] -- Up-to-date: /home/jay/Documents/AutoDriving-Planning-Control-Algorithm-Simulation-Carla/install/carla_waypoint_types/lib/python3.8/site-packages/carla_waypoint_types/srv/_get_waypoint_s.c
[0.880s] -- Up-to-date: /home/jay/Documents/AutoDriving-Planning-Control-Algorithm-Simulation-Carla/install/carla_waypoint_types/lib/python3.8/site-packages/carla_waypoint_types/srv/_get_waypoint.py
[0.880s] -- Up-to-date: /home/jay/Documents/AutoDriving-Planning-Control-Algorithm-Simulation-Carla/install/carla_waypoint_types/lib/python3.8/site-packages/carla_waypoint_types/srv/__init__.py
[0.880s] -- Up-to-date: /home/jay/Documents/AutoDriving-Planning-Control-Algorithm-Simulation-Carla/install/carla_waypoint_types/lib/python3.8/site-packages/carla_waypoint_types/srv/_get_actor_waypoint_s.c
[0.880s] -- Up-to-date: /home/jay/Documents/AutoDriving-Planning-Control-Algorithm-Simulation-Carla/install/carla_waypoint_types/lib/python3.8/site-packages/carla_waypoint_types/srv/_get_actor_waypoint.py
[0.880s] -- Up-to-date: /home/jay/Documents/AutoDriving-Planning-Control-Algorithm-Simulation-Carla/install/carla_waypoint_types/lib/python3.8/site-packages/carla_waypoint_types/carla_waypoint_types_s__rosidl_typesupport_fastrtps_c.cpython-38-x86_64-linux-gnu.so
[0.880s] -- Up-to-date: /home/jay/Documents/AutoDriving-Planning-Control-Algorithm-Simulation-Carla/install/carla_waypoint_types/lib/python3.8/site-packages/carla_waypoint_types/carla_waypoint_types_s__rosidl_typesupport_introspection_c.cpython-38-x86_64-linux-gnu.so
[0.881s] -- Up-to-date: /home/jay/Documents/AutoDriving-Planning-Control-Algorithm-Simulation-Carla/install/carla_waypoint_types/lib/python3.8/site-packages/carla_waypoint_types/carla_waypoint_types_s__rosidl_typesupport_c.cpython-38-x86_64-linux-gnu.so
[0.881s] -- Up-to-date: /home/jay/Documents/AutoDriving-Planning-Control-Algorithm-Simulation-Carla/install/carla_waypoint_types/lib/libcarla_waypoint_types__python.so
[0.881s] -- Up-to-date: /home/jay/Documents/AutoDriving-Planning-Control-Algorithm-Simulation-Carla/install/carla_waypoint_types/share/carla_waypoint_types/msg/CarlaWaypoint.idl
[0.882s] -- Up-to-date: /home/jay/Documents/AutoDriving-Planning-Control-Algorithm-Simulation-Carla/install/carla_waypoint_types/share/carla_waypoint_types/srv/GetWaypoint.idl
[0.882s] -- Up-to-date: /home/jay/Documents/AutoDriving-Planning-Control-Algorithm-Simulation-Carla/install/carla_waypoint_types/share/carla_waypoint_types/srv/GetActorWaypoint.idl
[0.882s] -- Up-to-date: /home/jay/Documents/AutoDriving-Planning-Control-Algorithm-Simulation-Carla/install/carla_waypoint_types/share/carla_waypoint_types/msg/CarlaWaypoint.msg
[0.882s] -- Up-to-date: /home/jay/Documents/AutoDriving-Planning-Control-Algorithm-Simulation-Carla/install/carla_waypoint_types/share/carla_waypoint_types/srv/GetWaypoint.srv
[0.882s] -- Up-to-date: /home/jay/Documents/AutoDriving-Planning-Control-Algorithm-Simulation-Carla/install/carla_waypoint_types/share/carla_waypoint_types/srv/GetWaypoint_Request.msg
[0.882s] -- Up-to-date: /home/jay/Documents/AutoDriving-Planning-Control-Algorithm-Simulation-Carla/install/carla_waypoint_types/share/carla_waypoint_types/srv/GetWaypoint_Response.msg
[0.882s] -- Up-to-date: /home/jay/Documents/AutoDriving-Planning-Control-Algorithm-Simulation-Carla/install/carla_waypoint_types/share/carla_waypoint_types/srv/GetActorWaypoint.srv
[0.882s] -- Up-to-date: /home/jay/Documents/AutoDriving-Planning-Control-Algorithm-Simulation-Carla/install/carla_waypoint_types/share/carla_waypoint_types/srv/GetActorWaypoint_Request.msg
[0.882s] -- Up-to-date: /home/jay/Documents/AutoDriving-Planning-Control-Algorithm-Simulation-Carla/install/carla_waypoint_types/share/carla_waypoint_types/srv/GetActorWaypoint_Response.msg
[0.882s] -- Up-to-date: /home/jay/Documents/AutoDriving-Planning-Control-Algorithm-Simulation-Carla/install/carla_waypoint_types/share/ament_index/resource_index/package_run_dependencies/carla_waypoint_types
[0.882s] -- Up-to-date: /home/jay/Documents/AutoDriving-Planning-Control-Algorithm-Simulation-Carla/install/carla_waypoint_types/share/ament_index/resource_index/parent_prefix_path/carla_waypoint_types
[0.882s] -- Up-to-date: /home/jay/Documents/AutoDriving-Planning-Control-Algorithm-Simulation-Carla/install/carla_waypoint_types/share/carla_waypoint_types/environment/ament_prefix_path.sh
[0.882s] -- Up-to-date: /home/jay/Documents/AutoDriving-Planning-Control-Algorithm-Simulation-Carla/install/carla_waypoint_types/share/carla_waypoint_types/environment/ament_prefix_path.dsv
[0.882s] -- Up-to-date: /home/jay/Documents/AutoDriving-Planning-Control-Algorithm-Simulation-Carla/install/carla_waypoint_types/share/carla_waypoint_types/environment/path.sh
[0.882s] -- Up-to-date: /home/jay/Documents/AutoDriving-Planning-Control-Algorithm-Simulation-Carla/install/carla_waypoint_types/share/carla_waypoint_types/environment/path.dsv
[0.883s] -- Up-to-date: /home/jay/Documents/AutoDriving-Planning-Control-Algorithm-Simulation-Carla/install/carla_waypoint_types/share/carla_waypoint_types/local_setup.bash
[0.883s] -- Up-to-date: /home/jay/Documents/AutoDriving-Planning-Control-Algorithm-Simulation-Carla/install/carla_waypoint_types/share/carla_waypoint_types/local_setup.sh
[0.883s] -- Up-to-date: /home/jay/Documents/AutoDriving-Planning-Control-Algorithm-Simulation-Carla/install/carla_waypoint_types/share/carla_waypoint_types/local_setup.zsh
[0.883s] -- Up-to-date: /home/jay/Documents/AutoDriving-Planning-Control-Algorithm-Simulation-Carla/install/carla_waypoint_types/share/carla_waypoint_types/local_setup.dsv
[0.883s] -- Installing: /home/jay/Documents/AutoDriving-Planning-Control-Algorithm-Simulation-Carla/install/carla_waypoint_types/share/carla_waypoint_types/package.dsv
[0.883s] -- Up-to-date: /home/jay/Documents/AutoDriving-Planning-Control-Algorithm-Simulation-Carla/install/carla_waypoint_types/share/ament_index/resource_index/packages/carla_waypoint_types
[0.883s] -- Up-to-date: /home/jay/Documents/AutoDriving-Planning-Control-Algorithm-Simulation-Carla/install/carla_waypoint_types/share/carla_waypoint_types/cmake/carla_waypoint_types__rosidl_generator_cExport.cmake
[0.883s] -- Up-to-date: /home/jay/Documents/AutoDriving-Planning-Control-Algorithm-Simulation-Carla/install/carla_waypoint_types/share/carla_waypoint_types/cmake/carla_waypoint_types__rosidl_generator_cExport-noconfig.cmake
[0.883s] -- Up-to-date: /home/jay/Documents/AutoDriving-Planning-Control-Algorithm-Simulation-Carla/install/carla_waypoint_types/share/carla_waypoint_types/cmake/carla_waypoint_types__rosidl_typesupport_introspection_cExport.cmake
[0.883s] -- Up-to-date: /home/jay/Documents/AutoDriving-Planning-Control-Algorithm-Simulation-Carla/install/carla_waypoint_types/share/carla_waypoint_types/cmake/carla_waypoint_types__rosidl_typesupport_introspection_cExport-noconfig.cmake
[0.883s] -- Up-to-date: /home/jay/Documents/AutoDriving-Planning-Control-Algorithm-Simulation-Carla/install/carla_waypoint_types/share/carla_waypoint_types/cmake/carla_waypoint_types__rosidl_typesupport_cExport.cmake
[0.883s] -- Up-to-date: /home/jay/Documents/AutoDriving-Planning-Control-Algorithm-Simulation-Carla/install/carla_waypoint_types/share/carla_waypoint_types/cmake/carla_waypoint_types__rosidl_typesupport_cExport-noconfig.cmake
[0.883s] -- Up-to-date: /home/jay/Documents/AutoDriving-Planning-Control-Algorithm-Simulation-Carla/install/carla_waypoint_types/share/carla_waypoint_types/cmake/carla_waypoint_types__rosidl_generator_cppExport.cmake
[0.883s] -- Up-to-date: /home/jay/Documents/AutoDriving-Planning-Control-Algorithm-Simulation-Carla/install/carla_waypoint_types/share/carla_waypoint_types/cmake/carla_waypoint_types__rosidl_typesupport_introspection_cppExport.cmake
[0.883s] -- Up-to-date: /home/jay/Documents/AutoDriving-Planning-Control-Algorithm-Simulation-Carla/install/carla_waypoint_types/share/carla_waypoint_types/cmake/carla_waypoint_types__rosidl_typesupport_introspection_cppExport-noconfig.cmake
[0.884s] -- Up-to-date: /home/jay/Documents/AutoDriving-Planning-Control-Algorithm-Simulation-Carla/install/carla_waypoint_types/share/carla_waypoint_types/cmake/carla_waypoint_types__rosidl_typesupport_cppExport.cmake
[0.884s] -- Up-to-date: /home/jay/Documents/AutoDriving-Planning-Control-Algorithm-Simulation-Carla/install/carla_waypoint_types/share/carla_waypoint_types/cmake/carla_waypoint_types__rosidl_typesupport_cppExport-noconfig.cmake
[0.884s] -- Up-to-date: /home/jay/Documents/AutoDriving-Planning-Control-Algorithm-Simulation-Carla/install/carla_waypoint_types/share/carla_waypoint_types/cmake/rosidl_cmake-extras.cmake
[0.884s] -- Up-to-date: /home/jay/Documents/AutoDriving-Planning-Control-Algorithm-Simulation-Carla/install/carla_waypoint_types/share/carla_waypoint_types/cmake/ament_cmake_export_dependencies-extras.cmake
[0.884s] -- Up-to-date: /home/jay/Documents/AutoDriving-Planning-Control-Algorithm-Simulation-Carla/install/carla_waypoint_types/share/carla_waypoint_types/cmake/ament_cmake_export_libraries-extras.cmake
[0.884s] -- Up-to-date: /home/jay/Documents/AutoDriving-Planning-Control-Algorithm-Simulation-Carla/install/carla_waypoint_types/share/carla_waypoint_types/cmake/ament_cmake_export_targets-extras.cmake
[0.884s] -- Up-to-date: /home/jay/Documents/AutoDriving-Planning-Control-Algorithm-Simulation-Carla/install/carla_waypoint_types/share/carla_waypoint_types/cmake/ament_cmake_export_include_directories-extras.cmake
[0.884s] -- Up-to-date: /home/jay/Documents/AutoDriving-Planning-Control-Algorithm-Simulation-Carla/install/carla_waypoint_types/share/carla_waypoint_types/cmake/rosidl_cmake_export_typesupport_libraries-extras.cmake
[0.884s] -- Up-to-date: /home/jay/Documents/AutoDriving-Planning-Control-Algorithm-Simulation-Carla/install/carla_waypoint_types/share/carla_waypoint_types/cmake/rosidl_cmake_export_typesupport_targets-extras.cmake
[0.884s] -- Up-to-date: /home/jay/Documents/AutoDriving-Planning-Control-Algorithm-Simulation-Carla/install/carla_waypoint_types/share/carla_waypoint_types/cmake/carla_waypoint_typesConfig.cmake
[0.884s] -- Up-to-date: /home/jay/Documents/AutoDriving-Planning-Control-Algorithm-Simulation-Carla/install/carla_waypoint_types/share/carla_waypoint_types/cmake/carla_waypoint_typesConfig-version.cmake
[0.884s] -- Up-to-date: /home/jay/Documents/AutoDriving-Planning-Control-Algorithm-Simulation-Carla/install/carla_waypoint_types/share/carla_waypoint_types/package.xml
[0.888s] Invoked command in '/home/jay/Documents/AutoDriving-Planning-Control-Algorithm-Simulation-Carla/build/carla_waypoint_types' returned '0': CMAKE_PREFIX_PATH=${CMAKE_PREFIX_PATH}:/home/jay/Documents/AutoDriving-Planning-Control-Algorithm-Simulation-Carla/install/rqt_carla_control:/home/jay/Documents/AutoDriving-Planning-Control-Algorithm-Simulation-Carla/install/carla_waypoint_publisher:/home/jay/Documents/AutoDriving-Planning-Control-Algorithm-Simulation-Carla/install/carla_ackermann_control:/home/jay/Documents/AutoDriving-Planning-Control-Algorithm-Simulation-Carla/install/carla_ros_bridge:/home/jay/Documents/AutoDriving-Planning-Control-Algorithm-Simulation-Carla/install/carla_spawn_objects:/home/jay/Documents/AutoDriving-Planning-Control-Algorithm-Simulation-Carla/install/carla_manual_control:/home/jay/Documents/AutoDriving-Planning-Control-Algorithm-Simulation-Carla/install/carla_l5player_bridge_ego_vis:/home/jay/Documents/AutoDriving-Planning-Control-Algorithm-Simulation-Carla/install/carla_ad_agent:/home/jay/Documents/AutoDriving-Planning-Control-Algorithm-Simulation-Carla/install/ros_compatibility:/home/jay/Documents/AutoDriving-Planning-Control-Algorithm-Simulation-Carla/install/carla_walker_agent:/home/jay/Documents/AutoDriving-Planning-Control-Algorithm-Simulation-Carla/install/carla_twist_to_control:/home/jay/Documents/AutoDriving-Planning-Control-Algorithm-Simulation-Carla/install/carla_ros_scenario_runner:/home/jay/Documents/AutoDriving-Planning-Control-Algorithm-Simulation-Carla/install/carla_common:/opt/ros/foxy /usr/bin/cmake --install /home/jay/Documents/AutoDriving-Planning-Control-Algorithm-Simulation-Carla/build/carla_waypoint_types
