[0.334s] Invoking command in '/home/jay/Documents/AutoDriving-Planning-Control-Algorithm-Simulation-Carla/build/carla_waypoint_types': CMAKE_PREFIX_PATH=${CMAKE_PREFIX_PATH}:/home/jay/Documents/AutoDriving-Planning-Control-Algorithm-Simulation-Carla/install/rqt_carla_control:/home/jay/Documents/AutoDriving-Planning-Control-Algorithm-Simulation-Carla/install/carla_waypoint_publisher:/home/jay/Documents/AutoDriving-Planning-Control-Algorithm-Simulation-Carla/install/carla_ackermann_control:/home/jay/Documents/AutoDriving-Planning-Control-Algorithm-Simulation-Carla/install/carla_ros_bridge:/home/jay/Documents/AutoDriving-Planning-Control-Algorithm-Simulation-Carla/install/carla_spawn_objects:/home/jay/Documents/AutoDriving-Planning-Control-Algorithm-Simulation-Carla/install/carla_manual_control:/home/jay/Documents/AutoDriving-Planning-Control-Algorithm-Simulation-Carla/install/carla_l5player_bridge_ego_vis:/home/jay/Documents/AutoDriving-Planning-Control-Algorithm-Simulation-Carla/install/carla_ad_agent:/home/jay/Documents/AutoDriving-Planning-Control-Algorithm-Simulation-Carla/install/ros_compatibility:/home/jay/Documents/AutoDriving-Planning-Control-Algorithm-Simulation-Carla/install/carla_walker_agent:/home/jay/Documents/AutoDriving-Planning-Control-Algorithm-Simulation-Carla/install/carla_twist_to_control:/home/jay/Documents/AutoDriving-Planning-Control-Algorithm-Simulation-Carla/install/carla_ros_scenario_runner:/home/jay/Documents/AutoDriving-Planning-Control-Algorithm-Simulation-Carla/install/carla_common:/opt/ros/foxy /usr/bin/cmake /home/jay/Documents/AutoDriving-Planning-Control-Algorithm-Simulation-Carla/src/ros-bridge/carla_waypoint_types -DCMAKE_INSTALL_PREFIX=/home/jay/Documents/AutoDriving-Planning-Control-Algorithm-Simulation-Carla/install/carla_waypoint_types
[0.491s] -- The C compiler identification is GNU 9.4.0
[0.491s] -- The CXX compiler identification is GNU 9.4.0
[0.492s] -- Check for working C compiler: /usr/bin/cc
[0.492s] -- Check for working C compiler: /usr/bin/cc -- works
[0.492s] -- Detecting C compiler ABI info
[0.549s] -- Detecting C compiler ABI info - done
[0.560s] -- Detecting C compile features
[0.560s] -- Detecting C compile features - done
[0.562s] -- Check for working CXX compiler: /usr/bin/c++
[0.624s] -- Check for working CXX compiler: /usr/bin/c++ -- works
[0.625s] -- Detecting CXX compiler ABI info
[0.683s] -- Detecting CXX compiler ABI info - done
[0.694s] -- Detecting CXX compile features
[0.694s] -- Detecting CXX compile features - done
[0.695s] -- Found ros_environment: 2.5.1 (/opt/ros/foxy/share/ros_environment/cmake)
[0.696s] -- Found ament_cmake: 0.9.11 (/opt/ros/foxy/share/ament_cmake/cmake)
[0.715s] -- Found PythonInterp: /usr/bin/python3 (found suitable version "3.8.10", minimum required is "3") 
[0.715s] -- Using PYTHON_EXECUTABLE: /usr/bin/python3
[0.855s] -- Found nav_msgs: 2.0.5 (/opt/ros/foxy/share/nav_msgs/cmake)
[0.876s] -- Using all available rosidl_typesupport_c: rosidl_typesupport_fastrtps_c;rosidl_typesupport_introspection_c
[0.880s] -- Found rosidl_adapter: 1.3.0 (/opt/ros/foxy/share/rosidl_adapter/cmake)
[0.951s] -- Found OpenSSL: /usr/lib/x86_64-linux-gnu/libcrypto.so (found version "1.1.1f")  
[0.973s] -- Found FastRTPS: /opt/ros/foxy/include  
[1.025s] -- Using all available rosidl_typesupport_cpp: rosidl_typesupport_fastrtps_cpp;rosidl_typesupport_introspection_cpp
[1.145s] -- Found rosidl_default_generators: 1.0.1 (/opt/ros/foxy/share/rosidl_default_generators/cmake)
[1.174s] -- Found PythonInterp: /usr/bin/python3 (found version "3.8.10") 
[1.299s] -- Found ament_cmake_cppcheck: 0.9.7 (/opt/ros/foxy/share/ament_cmake_cppcheck/cmake)
[1.300s] -- Found ament_cmake_cpplint: 0.9.7 (/opt/ros/foxy/share/ament_cmake_cpplint/cmake)
[1.301s] -- Found ament_cmake_uncrustify: 0.9.7 (/opt/ros/foxy/share/ament_cmake_uncrustify/cmake)
[1.303s] -- Found ament_cmake_ros: 0.9.2 (/opt/ros/foxy/share/ament_cmake_ros/cmake)
[1.492s] -- Using all available rosidl_typesupport_c: rosidl_typesupport_fastrtps_c;rosidl_typesupport_introspection_c
[1.577s] -- Using all available rosidl_typesupport_cpp: rosidl_typesupport_fastrtps_cpp;rosidl_typesupport_introspection_cpp
[1.602s] -- Found PythonInterp: /usr/bin/python3 (found suitable version "3.8.10", minimum required is "3.5") 
[1.603s] -- Found python_cmake_module: 0.8.1 (/opt/ros/foxy/share/python_cmake_module/cmake)
[1.625s] -- Found PythonLibs: /usr/lib/x86_64-linux-gnu/libpython3.8.so (found suitable version "3.8.10", minimum required is "3.5") 
[1.625s] -- Using PYTHON_EXECUTABLE: /usr/bin/python3
[1.625s] -- Using PYTHON_INCLUDE_DIRS: /usr/include/python3.8
[1.625s] -- Using PYTHON_LIBRARIES: /usr/lib/x86_64-linux-gnu/libpython3.8.so
[1.640s] -- Found PythonExtra: .so  
[1.713s] -- Found ament_cmake_flake8: 0.9.7 (/opt/ros/foxy/share/ament_cmake_flake8/cmake)
[1.715s] -- Found ament_cmake_pep257: 0.9.7 (/opt/ros/foxy/share/ament_cmake_pep257/cmake)
[1.717s] -- Found ament_lint_auto: 0.9.7 (/opt/ros/foxy/share/ament_lint_auto/cmake)
[1.725s] -- Added test 'copyright' to check source files copyright and LICENSE
[1.725s] -- Added test 'lint_cmake' to check CMake code style
[1.726s] -- Added test 'xmllint' to check XML markup files
[1.729s] -- Configuring done
[1.768s] -- Generating done
[1.770s] -- Build files have been written to: /home/jay/Documents/AutoDriving-Planning-Control-Algorithm-Simulation-Carla/build/carla_waypoint_types
[1.776s] Invoked command in '/home/jay/Documents/AutoDriving-Planning-Control-Algorithm-Simulation-Carla/build/carla_waypoint_types' returned '0': CMAKE_PREFIX_PATH=${CMAKE_PREFIX_PATH}:/home/jay/Documents/AutoDriving-Planning-Control-Algorithm-Simulation-Carla/install/rqt_carla_control:/home/jay/Documents/AutoDriving-Planning-Control-Algorithm-Simulation-Carla/install/carla_waypoint_publisher:/home/jay/Documents/AutoDriving-Planning-Control-Algorithm-Simulation-Carla/install/carla_ackermann_control:/home/jay/Documents/AutoDriving-Planning-Control-Algorithm-Simulation-Carla/install/carla_ros_bridge:/home/jay/Documents/AutoDriving-Planning-Control-Algorithm-Simulation-Carla/install/carla_spawn_objects:/home/jay/Documents/AutoDriving-Planning-Control-Algorithm-Simulation-Carla/install/carla_manual_control:/home/jay/Documents/AutoDriving-Planning-Control-Algorithm-Simulation-Carla/install/carla_l5player_bridge_ego_vis:/home/jay/Documents/AutoDriving-Planning-Control-Algorithm-Simulation-Carla/install/carla_ad_agent:/home/jay/Documents/AutoDriving-Planning-Control-Algorithm-Simulation-Carla/install/ros_compatibility:/home/jay/Documents/AutoDriving-Planning-Control-Algorithm-Simulation-Carla/install/carla_walker_agent:/home/jay/Documents/AutoDriving-Planning-Control-Algorithm-Simulation-Carla/install/carla_twist_to_control:/home/jay/Documents/AutoDriving-Planning-Control-Algorithm-Simulation-Carla/install/carla_ros_scenario_runner:/home/jay/Documents/AutoDriving-Planning-Control-Algorithm-Simulation-Carla/install/carla_common:/opt/ros/foxy /usr/bin/cmake /home/jay/Documents/AutoDriving-Planning-Control-Algorithm-Simulation-Carla/src/ros-bridge/carla_waypoint_types -DCMAKE_INSTALL_PREFIX=/home/jay/Documents/AutoDriving-Planning-Control-Algorithm-Simulation-Carla/install/carla_waypoint_types
[1.778s] Invoking command in '/home/jay/Documents/AutoDriving-Planning-Control-Algorithm-Simulation-Carla/build/carla_waypoint_types': CMAKE_PREFIX_PATH=${CMAKE_PREFIX_PATH}:/home/jay/Documents/AutoDriving-Planning-Control-Algorithm-Simulation-Carla/install/rqt_carla_control:/home/jay/Documents/AutoDriving-Planning-Control-Algorithm-Simulation-Carla/install/carla_waypoint_publisher:/home/jay/Documents/AutoDriving-Planning-Control-Algorithm-Simulation-Carla/install/carla_ackermann_control:/home/jay/Documents/AutoDriving-Planning-Control-Algorithm-Simulation-Carla/install/carla_ros_bridge:/home/jay/Documents/AutoDriving-Planning-Control-Algorithm-Simulation-Carla/install/carla_spawn_objects:/home/jay/Documents/AutoDriving-Planning-Control-Algorithm-Simulation-Carla/install/carla_manual_control:/home/jay/Documents/AutoDriving-Planning-Control-Algorithm-Simulation-Carla/install/carla_l5player_bridge_ego_vis:/home/jay/Documents/AutoDriving-Planning-Control-Algorithm-Simulation-Carla/install/carla_ad_agent:/home/jay/Documents/AutoDriving-Planning-Control-Algorithm-Simulation-Carla/install/ros_compatibility:/home/jay/Documents/AutoDriving-Planning-Control-Algorithm-Simulation-Carla/install/carla_walker_agent:/home/jay/Documents/AutoDriving-Planning-Control-Algorithm-Simulation-Carla/install/carla_twist_to_control:/home/jay/Documents/AutoDriving-Planning-Control-Algorithm-Simulation-Carla/install/carla_ros_scenario_runner:/home/jay/Documents/AutoDriving-Planning-Control-Algorithm-Simulation-Carla/install/carla_common:/opt/ros/foxy /usr/bin/cmake --build /home/jay/Documents/AutoDriving-Planning-Control-Algorithm-Simulation-Carla/build/carla_waypoint_types -- -j24 -l24
[1.811s] [  2%] [34m[1mGenerating C code for ROS interfaces[0m
[1.811s] [35m[1mScanning dependencies of target carla_waypoint_types__cpp[0m
[1.821s] [  4%] [34m[1mGenerating C++ code for ROS interfaces[0m
[2.077s] [  4%] Built target carla_waypoint_types__cpp
[2.086s] [  6%] [34m[1mGenerating C++ type support for eProsima Fast-RTPS[0m
[2.086s] [  8%] [34m[1mGenerating C++ type support dispatch for ROS interfaces[0m
[2.087s] [ 10%] [34m[1mGenerating C++ introspection for ROS interfaces[0m
[2.108s] [35m[1mScanning dependencies of target carla_waypoint_types__rosidl_generator_c[0m
[2.119s] [ 14%] [32mBuilding C object CMakeFiles/carla_waypoint_types__rosidl_generator_c.dir/rosidl_generator_c/carla_waypoint_types/srv/detail/get_actor_waypoint__functions.c.o[0m
[2.119s] [ 14%] [32mBuilding C object CMakeFiles/carla_waypoint_types__rosidl_generator_c.dir/rosidl_generator_c/carla_waypoint_types/msg/detail/carla_waypoint__functions.c.o[0m
[2.123s] [ 17%] [32mBuilding C object CMakeFiles/carla_waypoint_types__rosidl_generator_c.dir/rosidl_generator_c/carla_waypoint_types/srv/detail/get_waypoint__functions.c.o[0m
[2.173s] [ 19%] [32m[1mLinking C shared library libcarla_waypoint_types__rosidl_generator_c.so[0m
[2.202s] [ 19%] Built target carla_waypoint_types__rosidl_generator_c
[2.210s] [ 21%] [34m[1mGenerating C type support dispatch for ROS interfaces[0m
[2.211s] [ 23%] [34m[1mGenerating C introspection for ROS interfaces[0m
[2.297s] [35m[1mScanning dependencies of target carla_waypoint_types__rosidl_typesupport_cpp[0m
[2.316s] [ 27%] [32mBuilding CXX object CMakeFiles/carla_waypoint_types__rosidl_typesupport_cpp.dir/rosidl_typesupport_cpp/carla_waypoint_types/srv/get_waypoint__type_support.cpp.o[0m
[2.316s] [ 27%] [32mBuilding CXX object CMakeFiles/carla_waypoint_types__rosidl_typesupport_cpp.dir/rosidl_typesupport_cpp/carla_waypoint_types/srv/get_actor_waypoint__type_support.cpp.o[0m
[2.321s] [ 29%] [32mBuilding CXX object CMakeFiles/carla_waypoint_types__rosidl_typesupport_cpp.dir/rosidl_typesupport_cpp/carla_waypoint_types/msg/carla_waypoint__type_support.cpp.o[0m
[2.376s] [35m[1mScanning dependencies of target carla_waypoint_types__rosidl_typesupport_introspection_cpp[0m
[2.381s] [35m[1mScanning dependencies of target carla_waypoint_types__rosidl_typesupport_fastrtps_cpp[0m
[2.408s] [ 31%] [32mBuilding CXX object CMakeFiles/carla_waypoint_types__rosidl_typesupport_introspection_cpp.dir/rosidl_typesupport_introspection_cpp/carla_waypoint_types/srv/detail/get_waypoint__type_support.cpp.o[0m
[2.412s] [ 34%] [32mBuilding CXX object CMakeFiles/carla_waypoint_types__rosidl_typesupport_introspection_cpp.dir/rosidl_typesupport_introspection_cpp/carla_waypoint_types/msg/detail/carla_waypoint__type_support.cpp.o[0m
[2.436s] [ 36%] [32mBuilding CXX object CMakeFiles/carla_waypoint_types__rosidl_typesupport_introspection_cpp.dir/rosidl_typesupport_introspection_cpp/carla_waypoint_types/srv/detail/get_actor_waypoint__type_support.cpp.o[0m
[2.449s] [ 38%] [32mBuilding CXX object CMakeFiles/carla_waypoint_types__rosidl_typesupport_fastrtps_cpp.dir/rosidl_typesupport_fastrtps_cpp/carla_waypoint_types/msg/detail/dds_fastrtps/carla_waypoint__type_support.cpp.o[0m
[2.471s] [ 40%] [32mBuilding CXX object CMakeFiles/carla_waypoint_types__rosidl_typesupport_fastrtps_cpp.dir/rosidl_typesupport_fastrtps_cpp/carla_waypoint_types/srv/detail/dds_fastrtps/get_waypoint__type_support.cpp.o[0m
[2.481s] [ 42%] [32mBuilding CXX object CMakeFiles/carla_waypoint_types__rosidl_typesupport_fastrtps_cpp.dir/rosidl_typesupport_fastrtps_cpp/carla_waypoint_types/srv/detail/dds_fastrtps/get_actor_waypoint__type_support.cpp.o[0m
[2.580s] [35m[1mScanning dependencies of target carla_waypoint_types__rosidl_typesupport_c[0m
[2.602s] [ 44%] [32mBuilding CXX object CMakeFiles/carla_waypoint_types__rosidl_typesupport_c.dir/rosidl_typesupport_c/carla_waypoint_types/srv/get_waypoint__type_support.cpp.o[0m
[2.602s] [ 46%] [32mBuilding CXX object CMakeFiles/carla_waypoint_types__rosidl_typesupport_c.dir/rosidl_typesupport_c/carla_waypoint_types/msg/carla_waypoint__type_support.cpp.o[0m
[2.603s] [35m[1mScanning dependencies of target carla_waypoint_types__rosidl_typesupport_introspection_c[0m
[2.605s] [ 48%] [32mBuilding CXX object CMakeFiles/carla_waypoint_types__rosidl_typesupport_c.dir/rosidl_typesupport_c/carla_waypoint_types/srv/get_actor_waypoint__type_support.cpp.o[0m
[2.627s] [ 51%] [32mBuilding C object CMakeFiles/carla_waypoint_types__rosidl_typesupport_introspection_c.dir/rosidl_typesupport_introspection_c/carla_waypoint_types/srv/detail/get_waypoint__type_support.c.o[0m
[2.629s] [ 53%] [32mBuilding C object CMakeFiles/carla_waypoint_types__rosidl_typesupport_introspection_c.dir/rosidl_typesupport_introspection_c/carla_waypoint_types/srv/detail/get_actor_waypoint__type_support.c.o[0m
[2.629s] [ 55%] [32mBuilding C object CMakeFiles/carla_waypoint_types__rosidl_typesupport_introspection_c.dir/rosidl_typesupport_introspection_c/carla_waypoint_types/msg/detail/carla_waypoint__type_support.c.o[0m
[2.641s] [ 57%] [32m[1mLinking CXX shared library libcarla_waypoint_types__rosidl_typesupport_cpp.so[0m
[2.643s] [ 59%] [32m[1mLinking CXX shared library libcarla_waypoint_types__rosidl_typesupport_c.so[0m
[2.670s] [ 61%] [32m[1mLinking C shared library libcarla_waypoint_types__rosidl_typesupport_introspection_c.so[0m
[2.688s] [ 61%] Built target carla_waypoint_types__rosidl_typesupport_c
[2.691s] [ 61%] Built target carla_waypoint_types__rosidl_typesupport_cpp
[2.699s] [ 61%] Built target carla_waypoint_types__rosidl_typesupport_introspection_c
[2.764s] [ 63%] [32m[1mLinking CXX shared library libcarla_waypoint_types__rosidl_typesupport_introspection_cpp.so[0m
[2.821s] [ 63%] Built target carla_waypoint_types__rosidl_typesupport_introspection_cpp
[2.931s] [ 65%] [32m[1mLinking CXX shared library libcarla_waypoint_types__rosidl_typesupport_fastrtps_cpp.so[0m
[3.032s] [ 65%] Built target carla_waypoint_types__rosidl_typesupport_fastrtps_cpp
[3.042s] [ 68%] [34m[1mGenerating C type support for eProsima Fast-RTPS[0m
[3.273s] [35m[1mScanning dependencies of target carla_waypoint_types__rosidl_typesupport_fastrtps_c[0m
[3.290s] [ 70%] [32mBuilding CXX object CMakeFiles/carla_waypoint_types__rosidl_typesupport_fastrtps_c.dir/rosidl_typesupport_fastrtps_c/carla_waypoint_types/msg/detail/carla_waypoint__type_support_c.cpp.o[0m
[3.292s] [ 72%] [32mBuilding CXX object CMakeFiles/carla_waypoint_types__rosidl_typesupport_fastrtps_c.dir/rosidl_typesupport_fastrtps_c/carla_waypoint_types/srv/detail/get_waypoint__type_support_c.cpp.o[0m
[3.292s] [ 74%] [32mBuilding CXX object CMakeFiles/carla_waypoint_types__rosidl_typesupport_fastrtps_c.dir/rosidl_typesupport_fastrtps_c/carla_waypoint_types/srv/detail/get_actor_waypoint__type_support_c.cpp.o[0m
[3.591s] [ 76%] [32m[1mLinking CXX shared library libcarla_waypoint_types__rosidl_typesupport_fastrtps_c.so[0m
[3.753s] [ 76%] Built target carla_waypoint_types__rosidl_typesupport_fastrtps_c
[3.796s] [35m[1mScanning dependencies of target carla_waypoint_types[0m
[3.851s] [ 76%] Built target carla_waypoint_types
[3.895s] [35m[1mScanning dependencies of target carla_waypoint_types__py[0m
[3.909s] [ 78%] [34m[1mGenerating Python code for ROS interfaces[0m
[4.959s] [ 78%] Built target carla_waypoint_types__py
[4.974s] [35m[1mScanning dependencies of target carla_waypoint_types__python[0m
[5.005s] [ 80%] [32mBuilding C object CMakeFiles/carla_waypoint_types__python.dir/rosidl_generator_py/carla_waypoint_types/srv/_get_waypoint_s.c.o[0m
[5.005s] [ 82%] [32mBuilding C object CMakeFiles/carla_waypoint_types__python.dir/rosidl_generator_py/carla_waypoint_types/srv/_get_actor_waypoint_s.c.o[0m
[5.006s] [ 85%] [32mBuilding C object CMakeFiles/carla_waypoint_types__python.dir/rosidl_generator_py/carla_waypoint_types/msg/_carla_waypoint_s.c.o[0m
[5.076s] [ 87%] [32m[1mLinking C shared library rosidl_generator_py/carla_waypoint_types/libcarla_waypoint_types__python.so[0m
[5.111s] [ 87%] Built target carla_waypoint_types__python
[5.120s] [35m[1mScanning dependencies of target carla_waypoint_types__rosidl_typesupport_c__pyext[0m
[5.120s] [35m[1mScanning dependencies of target carla_waypoint_types__rosidl_typesupport_introspection_c__pyext[0m
[5.120s] [35m[1mScanning dependencies of target carla_waypoint_types__rosidl_typesupport_fastrtps_c__pyext[0m
[5.134s] [ 89%] [32mBuilding C object CMakeFiles/carla_waypoint_types__rosidl_typesupport_introspection_c__pyext.dir/rosidl_generator_py/carla_waypoint_types/_carla_waypoint_types_s.ep.rosidl_typesupport_introspection_c.c.o[0m
[5.135s] [ 91%] [32mBuilding C object CMakeFiles/carla_waypoint_types__rosidl_typesupport_fastrtps_c__pyext.dir/rosidl_generator_py/carla_waypoint_types/_carla_waypoint_types_s.ep.rosidl_typesupport_fastrtps_c.c.o[0m
[5.135s] [ 93%] [32mBuilding C object CMakeFiles/carla_waypoint_types__rosidl_typesupport_c__pyext.dir/rosidl_generator_py/carla_waypoint_types/_carla_waypoint_types_s.ep.rosidl_typesupport_c.c.o[0m
[5.196s] [ 97%] [32m[1mLinking C shared library rosidl_generator_py/carla_waypoint_types/carla_waypoint_types_s__rosidl_typesupport_c.cpython-38-x86_64-linux-gnu.so[0m
[5.196s] [ 97%] [32m[1mLinking C shared library rosidl_generator_py/carla_waypoint_types/carla_waypoint_types_s__rosidl_typesupport_introspection_c.cpython-38-x86_64-linux-gnu.so[0m
[5.198s] [100%] [32m[1mLinking CXX shared library rosidl_generator_py/carla_waypoint_types/carla_waypoint_types_s__rosidl_typesupport_fastrtps_c.cpython-38-x86_64-linux-gnu.so[0m
[5.224s] [100%] Built target carla_waypoint_types__rosidl_typesupport_c__pyext
[5.229s] [100%] Built target carla_waypoint_types__rosidl_typesupport_introspection_c__pyext
[5.245s] [100%] Built target carla_waypoint_types__rosidl_typesupport_fastrtps_c__pyext
[5.254s] Invoked command in '/home/jay/Documents/AutoDriving-Planning-Control-Algorithm-Simulation-Carla/build/carla_waypoint_types' returned '0': CMAKE_PREFIX_PATH=${CMAKE_PREFIX_PATH}:/home/jay/Documents/AutoDriving-Planning-Control-Algorithm-Simulation-Carla/install/rqt_carla_control:/home/jay/Documents/AutoDriving-Planning-Control-Algorithm-Simulation-Carla/install/carla_waypoint_publisher:/home/jay/Documents/AutoDriving-Planning-Control-Algorithm-Simulation-Carla/install/carla_ackermann_control:/home/jay/Documents/AutoDriving-Planning-Control-Algorithm-Simulation-Carla/install/carla_ros_bridge:/home/jay/Documents/AutoDriving-Planning-Control-Algorithm-Simulation-Carla/install/carla_spawn_objects:/home/jay/Documents/AutoDriving-Planning-Control-Algorithm-Simulation-Carla/install/carla_manual_control:/home/jay/Documents/AutoDriving-Planning-Control-Algorithm-Simulation-Carla/install/carla_l5player_bridge_ego_vis:/home/jay/Documents/AutoDriving-Planning-Control-Algorithm-Simulation-Carla/install/carla_ad_agent:/home/jay/Documents/AutoDriving-Planning-Control-Algorithm-Simulation-Carla/install/ros_compatibility:/home/jay/Documents/AutoDriving-Planning-Control-Algorithm-Simulation-Carla/install/carla_walker_agent:/home/jay/Documents/AutoDriving-Planning-Control-Algorithm-Simulation-Carla/install/carla_twist_to_control:/home/jay/Documents/AutoDriving-Planning-Control-Algorithm-Simulation-Carla/install/carla_ros_scenario_runner:/home/jay/Documents/AutoDriving-Planning-Control-Algorithm-Simulation-Carla/install/carla_common:/opt/ros/foxy /usr/bin/cmake --build /home/jay/Documents/AutoDriving-Planning-Control-Algorithm-Simulation-Carla/build/carla_waypoint_types -- -j24 -l24
[5.381s] Invoking command in '/home/jay/Documents/AutoDriving-Planning-Control-Algorithm-Simulation-Carla/build/carla_waypoint_types': CMAKE_PREFIX_PATH=${CMAKE_PREFIX_PATH}:/home/jay/Documents/AutoDriving-Planning-Control-Algorithm-Simulation-Carla/install/rqt_carla_control:/home/jay/Documents/AutoDriving-Planning-Control-Algorithm-Simulation-Carla/install/carla_waypoint_publisher:/home/jay/Documents/AutoDriving-Planning-Control-Algorithm-Simulation-Carla/install/carla_ackermann_control:/home/jay/Documents/AutoDriving-Planning-Control-Algorithm-Simulation-Carla/install/carla_ros_bridge:/home/jay/Documents/AutoDriving-Planning-Control-Algorithm-Simulation-Carla/install/carla_spawn_objects:/home/jay/Documents/AutoDriving-Planning-Control-Algorithm-Simulation-Carla/install/carla_manual_control:/home/jay/Documents/AutoDriving-Planning-Control-Algorithm-Simulation-Carla/install/carla_l5player_bridge_ego_vis:/home/jay/Documents/AutoDriving-Planning-Control-Algorithm-Simulation-Carla/install/carla_ad_agent:/home/jay/Documents/AutoDriving-Planning-Control-Algorithm-Simulation-Carla/install/ros_compatibility:/home/jay/Documents/AutoDriving-Planning-Control-Algorithm-Simulation-Carla/install/carla_walker_agent:/home/jay/Documents/AutoDriving-Planning-Control-Algorithm-Simulation-Carla/install/carla_twist_to_control:/home/jay/Documents/AutoDriving-Planning-Control-Algorithm-Simulation-Carla/install/carla_ros_scenario_runner:/home/jay/Documents/AutoDriving-Planning-Control-Algorithm-Simulation-Carla/install/carla_common:/opt/ros/foxy /usr/bin/cmake --install /home/jay/Documents/AutoDriving-Planning-Control-Algorithm-Simulation-Carla/build/carla_waypoint_types
[5.389s] -- Install configuration: ""
[5.389s] -- Installing: /home/jay/Documents/AutoDriving-Planning-Control-Algorithm-Simulation-Carla/install/carla_waypoint_types/share/ament_index/resource_index/rosidl_interfaces/carla_waypoint_types
[5.389s] -- Installing: /home/jay/Documents/AutoDriving-Planning-Control-Algorithm-Simulation-Carla/install/carla_waypoint_types/include/carla_waypoint_types
[5.389s] -- Installing: /home/jay/Documents/AutoDriving-Planning-Control-Algorithm-Simulation-Carla/install/carla_waypoint_types/include/carla_waypoint_types/srv
[5.389s] -- Installing: /home/jay/Documents/AutoDriving-Planning-Control-Algorithm-Simulation-Carla/install/carla_waypoint_types/include/carla_waypoint_types/srv/get_waypoint.h
[5.389s] -- Installing: /home/jay/Documents/AutoDriving-Planning-Control-Algorithm-Simulation-Carla/install/carla_waypoint_types/include/carla_waypoint_types/srv/detail
[5.390s] -- Installing: /home/jay/Documents/AutoDriving-Planning-Control-Algorithm-Simulation-Carla/install/carla_waypoint_types/include/carla_waypoint_types/srv/detail/get_waypoint__type_support.h
[5.390s] -- Installing: /home/jay/Documents/AutoDriving-Planning-Control-Algorithm-Simulation-Carla/install/carla_waypoint_types/include/carla_waypoint_types/srv/detail/get_actor_waypoint__type_support.h
[5.390s] -- Installing: /home/jay/Documents/AutoDriving-Planning-Control-Algorithm-Simulation-Carla/install/carla_waypoint_types/include/carla_waypoint_types/srv/detail/get_waypoint__functions.h
[5.390s] -- Installing: /home/jay/Documents/AutoDriving-Planning-Control-Algorithm-Simulation-Carla/install/carla_waypoint_types/include/carla_waypoint_types/srv/detail/get_actor_waypoint__functions.c
[5.390s] -- Installing: /home/jay/Documents/AutoDriving-Planning-Control-Algorithm-Simulation-Carla/install/carla_waypoint_types/include/carla_waypoint_types/srv/detail/get_waypoint__struct.h
[5.390s] -- Installing: /home/jay/Documents/AutoDriving-Planning-Control-Algorithm-Simulation-Carla/install/carla_waypoint_types/include/carla_waypoint_types/srv/detail/get_actor_waypoint__struct.h
[5.390s] -- Installing: /home/jay/Documents/AutoDriving-Planning-Control-Algorithm-Simulation-Carla/install/carla_waypoint_types/include/carla_waypoint_types/srv/detail/get_waypoint__functions.c
[5.390s] -- Installing: /home/jay/Documents/AutoDriving-Planning-Control-Algorithm-Simulation-Carla/install/carla_waypoint_types/include/carla_waypoint_types/srv/detail/get_actor_waypoint__functions.h
[5.390s] -- Installing: /home/jay/Documents/AutoDriving-Planning-Control-Algorithm-Simulation-Carla/install/carla_waypoint_types/include/carla_waypoint_types/srv/get_actor_waypoint.h
[5.390s] -- Installing: /home/jay/Documents/AutoDriving-Planning-Control-Algorithm-Simulation-Carla/install/carla_waypoint_types/include/carla_waypoint_types/msg
[5.390s] -- Installing: /home/jay/Documents/AutoDriving-Planning-Control-Algorithm-Simulation-Carla/install/carla_waypoint_types/include/carla_waypoint_types/msg/detail
[5.391s] -- Installing: /home/jay/Documents/AutoDriving-Planning-Control-Algorithm-Simulation-Carla/install/carla_waypoint_types/include/carla_waypoint_types/msg/detail/carla_waypoint__functions.h
[5.391s] -- Installing: /home/jay/Documents/AutoDriving-Planning-Control-Algorithm-Simulation-Carla/install/carla_waypoint_types/include/carla_waypoint_types/msg/detail/carla_waypoint__struct.h
[5.391s] -- Installing: /home/jay/Documents/AutoDriving-Planning-Control-Algorithm-Simulation-Carla/install/carla_waypoint_types/include/carla_waypoint_types/msg/detail/carla_waypoint__type_support.h
[5.391s] -- Installing: /home/jay/Documents/AutoDriving-Planning-Control-Algorithm-Simulation-Carla/install/carla_waypoint_types/include/carla_waypoint_types/msg/detail/carla_waypoint__functions.c
[5.391s] -- Installing: /home/jay/Documents/AutoDriving-Planning-Control-Algorithm-Simulation-Carla/install/carla_waypoint_types/include/carla_waypoint_types/msg/rosidl_generator_c__visibility_control.h
[5.391s] -- Installing: /home/jay/Documents/AutoDriving-Planning-Control-Algorithm-Simulation-Carla/install/carla_waypoint_types/include/carla_waypoint_types/msg/carla_waypoint.h
[5.391s] -- Installing: /home/jay/Documents/AutoDriving-Planning-Control-Algorithm-Simulation-Carla/install/carla_waypoint_types/share/carla_waypoint_types/environment/library_path.sh
[5.391s] -- Installing: /home/jay/Documents/AutoDriving-Planning-Control-Algorithm-Simulation-Carla/install/carla_waypoint_types/share/carla_waypoint_types/environment/library_path.dsv
[5.392s] -- Installing: /home/jay/Documents/AutoDriving-Planning-Control-Algorithm-Simulation-Carla/install/carla_waypoint_types/lib/libcarla_waypoint_types__rosidl_generator_c.so
[5.392s] -- Set runtime path of "/home/jay/Documents/AutoDriving-Planning-Control-Algorithm-Simulation-Carla/install/carla_waypoint_types/lib/libcarla_waypoint_types__rosidl_generator_c.so" to ""
[5.392s] -- Up-to-date: /home/jay/Documents/AutoDriving-Planning-Control-Algorithm-Simulation-Carla/install/carla_waypoint_types/include/carla_waypoint_types
[5.392s] -- Up-to-date: /home/jay/Documents/AutoDriving-Planning-Control-Algorithm-Simulation-Carla/install/carla_waypoint_types/include/carla_waypoint_types/srv
[5.392s] -- Up-to-date: /home/jay/Documents/AutoDriving-Planning-Control-Algorithm-Simulation-Carla/install/carla_waypoint_types/include/carla_waypoint_types/srv/detail
[5.392s] -- Installing: /home/jay/Documents/AutoDriving-Planning-Control-Algorithm-Simulation-Carla/install/carla_waypoint_types/include/carla_waypoint_types/srv/detail/get_actor_waypoint__rosidl_typesupport_fastrtps_c.h
[5.392s] -- Installing: /home/jay/Documents/AutoDriving-Planning-Control-Algorithm-Simulation-Carla/install/carla_waypoint_types/include/carla_waypoint_types/srv/detail/get_waypoint__rosidl_typesupport_fastrtps_c.h
[5.392s] -- Up-to-date: /home/jay/Documents/AutoDriving-Planning-Control-Algorithm-Simulation-Carla/install/carla_waypoint_types/include/carla_waypoint_types/msg
[5.393s] -- Up-to-date: /home/jay/Documents/AutoDriving-Planning-Control-Algorithm-Simulation-Carla/install/carla_waypoint_types/include/carla_waypoint_types/msg/detail
[5.393s] -- Installing: /home/jay/Documents/AutoDriving-Planning-Control-Algorithm-Simulation-Carla/install/carla_waypoint_types/include/carla_waypoint_types/msg/detail/carla_waypoint__rosidl_typesupport_fastrtps_c.h
[5.393s] -- Installing: /home/jay/Documents/AutoDriving-Planning-Control-Algorithm-Simulation-Carla/install/carla_waypoint_types/include/carla_waypoint_types/msg/rosidl_typesupport_fastrtps_c__visibility_control.h
[5.393s] -- Installing: /home/jay/Documents/AutoDriving-Planning-Control-Algorithm-Simulation-Carla/install/carla_waypoint_types/lib/libcarla_waypoint_types__rosidl_typesupport_fastrtps_c.so
[5.393s] -- Set runtime path of "/home/jay/Documents/AutoDriving-Planning-Control-Algorithm-Simulation-Carla/install/carla_waypoint_types/lib/libcarla_waypoint_types__rosidl_typesupport_fastrtps_c.so" to ""
[5.393s] -- Up-to-date: /home/jay/Documents/AutoDriving-Planning-Control-Algorithm-Simulation-Carla/install/carla_waypoint_types/include/carla_waypoint_types
[5.393s] -- Up-to-date: /home/jay/Documents/AutoDriving-Planning-Control-Algorithm-Simulation-Carla/install/carla_waypoint_types/include/carla_waypoint_types/srv
[5.393s] -- Up-to-date: /home/jay/Documents/AutoDriving-Planning-Control-Algorithm-Simulation-Carla/install/carla_waypoint_types/include/carla_waypoint_types/srv/detail
[5.394s] -- Installing: /home/jay/Documents/AutoDriving-Planning-Control-Algorithm-Simulation-Carla/install/carla_waypoint_types/include/carla_waypoint_types/srv/detail/get_waypoint__rosidl_typesupport_fastrtps_cpp.hpp
[5.394s] -- Installing: /home/jay/Documents/AutoDriving-Planning-Control-Algorithm-Simulation-Carla/install/carla_waypoint_types/include/carla_waypoint_types/srv/detail/get_actor_waypoint__rosidl_typesupport_fastrtps_cpp.hpp
[5.394s] -- Installing: /home/jay/Documents/AutoDriving-Planning-Control-Algorithm-Simulation-Carla/install/carla_waypoint_types/include/carla_waypoint_types/srv/detail/dds_fastrtps
[5.394s] -- Up-to-date: /home/jay/Documents/AutoDriving-Planning-Control-Algorithm-Simulation-Carla/install/carla_waypoint_types/include/carla_waypoint_types/msg
[5.394s] -- Up-to-date: /home/jay/Documents/AutoDriving-Planning-Control-Algorithm-Simulation-Carla/install/carla_waypoint_types/include/carla_waypoint_types/msg/detail
[5.394s] -- Installing: /home/jay/Documents/AutoDriving-Planning-Control-Algorithm-Simulation-Carla/install/carla_waypoint_types/include/carla_waypoint_types/msg/detail/carla_waypoint__rosidl_typesupport_fastrtps_cpp.hpp
[5.394s] -- Installing: /home/jay/Documents/AutoDriving-Planning-Control-Algorithm-Simulation-Carla/install/carla_waypoint_types/include/carla_waypoint_types/msg/detail/dds_fastrtps
[5.394s] -- Installing: /home/jay/Documents/AutoDriving-Planning-Control-Algorithm-Simulation-Carla/install/carla_waypoint_types/include/carla_waypoint_types/msg/rosidl_typesupport_fastrtps_cpp__visibility_control.h
[5.394s] -- Installing: /home/jay/Documents/AutoDriving-Planning-Control-Algorithm-Simulation-Carla/install/carla_waypoint_types/lib/libcarla_waypoint_types__rosidl_typesupport_fastrtps_cpp.so
[5.394s] -- Set runtime path of "/home/jay/Documents/AutoDriving-Planning-Control-Algorithm-Simulation-Carla/install/carla_waypoint_types/lib/libcarla_waypoint_types__rosidl_typesupport_fastrtps_cpp.so" to ""
[5.395s] -- Up-to-date: /home/jay/Documents/AutoDriving-Planning-Control-Algorithm-Simulation-Carla/install/carla_waypoint_types/include/carla_waypoint_types
[5.395s] -- Up-to-date: /home/jay/Documents/AutoDriving-Planning-Control-Algorithm-Simulation-Carla/install/carla_waypoint_types/include/carla_waypoint_types/srv
[5.395s] -- Up-to-date: /home/jay/Documents/AutoDriving-Planning-Control-Algorithm-Simulation-Carla/install/carla_waypoint_types/include/carla_waypoint_types/srv/detail
[5.395s] -- Installing: /home/jay/Documents/AutoDriving-Planning-Control-Algorithm-Simulation-Carla/install/carla_waypoint_types/include/carla_waypoint_types/srv/detail/get_waypoint__rosidl_typesupport_introspection_c.h
[5.395s] -- Installing: /home/jay/Documents/AutoDriving-Planning-Control-Algorithm-Simulation-Carla/install/carla_waypoint_types/include/carla_waypoint_types/srv/detail/get_actor_waypoint__type_support.c
[5.395s] -- Installing: /home/jay/Documents/AutoDriving-Planning-Control-Algorithm-Simulation-Carla/install/carla_waypoint_types/include/carla_waypoint_types/srv/detail/get_actor_waypoint__rosidl_typesupport_introspection_c.h
[5.395s] -- Installing: /home/jay/Documents/AutoDriving-Planning-Control-Algorithm-Simulation-Carla/install/carla_waypoint_types/include/carla_waypoint_types/srv/detail/get_waypoint__type_support.c
[5.395s] -- Up-to-date: /home/jay/Documents/AutoDriving-Planning-Control-Algorithm-Simulation-Carla/install/carla_waypoint_types/include/carla_waypoint_types/msg
[5.395s] -- Up-to-date: /home/jay/Documents/AutoDriving-Planning-Control-Algorithm-Simulation-Carla/install/carla_waypoint_types/include/carla_waypoint_types/msg/detail
[5.395s] -- Installing: /home/jay/Documents/AutoDriving-Planning-Control-Algorithm-Simulation-Carla/install/carla_waypoint_types/include/carla_waypoint_types/msg/detail/carla_waypoint__rosidl_typesupport_introspection_c.h
[5.395s] -- Installing: /home/jay/Documents/AutoDriving-Planning-Control-Algorithm-Simulation-Carla/install/carla_waypoint_types/include/carla_waypoint_types/msg/detail/carla_waypoint__type_support.c
[5.396s] -- Installing: /home/jay/Documents/AutoDriving-Planning-Control-Algorithm-Simulation-Carla/install/carla_waypoint_types/include/carla_waypoint_types/msg/rosidl_typesupport_introspection_c__visibility_control.h
[5.396s] -- Installing: /home/jay/Documents/AutoDriving-Planning-Control-Algorithm-Simulation-Carla/install/carla_waypoint_types/lib/libcarla_waypoint_types__rosidl_typesupport_introspection_c.so
[5.396s] -- Set runtime path of "/home/jay/Documents/AutoDriving-Planning-Control-Algorithm-Simulation-Carla/install/carla_waypoint_types/lib/libcarla_waypoint_types__rosidl_typesupport_introspection_c.so" to ""
[5.396s] -- Installing: /home/jay/Documents/AutoDriving-Planning-Control-Algorithm-Simulation-Carla/install/carla_waypoint_types/lib/libcarla_waypoint_types__rosidl_typesupport_c.so
[5.396s] -- Set runtime path of "/home/jay/Documents/AutoDriving-Planning-Control-Algorithm-Simulation-Carla/install/carla_waypoint_types/lib/libcarla_waypoint_types__rosidl_typesupport_c.so" to ""
[5.396s] -- Up-to-date: /home/jay/Documents/AutoDriving-Planning-Control-Algorithm-Simulation-Carla/install/carla_waypoint_types/include/carla_waypoint_types
[5.396s] -- Up-to-date: /home/jay/Documents/AutoDriving-Planning-Control-Algorithm-Simulation-Carla/install/carla_waypoint_types/include/carla_waypoint_types/srv
[5.396s] -- Up-to-date: /home/jay/Documents/AutoDriving-Planning-Control-Algorithm-Simulation-Carla/install/carla_waypoint_types/include/carla_waypoint_types/srv/detail
[5.396s] -- Installing: /home/jay/Documents/AutoDriving-Planning-Control-Algorithm-Simulation-Carla/install/carla_waypoint_types/include/carla_waypoint_types/srv/detail/get_waypoint__builder.hpp
[5.396s] -- Installing: /home/jay/Documents/AutoDriving-Planning-Control-Algorithm-Simulation-Carla/install/carla_waypoint_types/include/carla_waypoint_types/srv/detail/get_actor_waypoint__struct.hpp
[5.396s] -- Installing: /home/jay/Documents/AutoDriving-Planning-Control-Algorithm-Simulation-Carla/install/carla_waypoint_types/include/carla_waypoint_types/srv/detail/get_actor_waypoint__builder.hpp
[5.396s] -- Installing: /home/jay/Documents/AutoDriving-Planning-Control-Algorithm-Simulation-Carla/install/carla_waypoint_types/include/carla_waypoint_types/srv/detail/get_waypoint__struct.hpp
[5.396s] -- Installing: /home/jay/Documents/AutoDriving-Planning-Control-Algorithm-Simulation-Carla/install/carla_waypoint_types/include/carla_waypoint_types/srv/detail/get_actor_waypoint__traits.hpp
[5.396s] -- Installing: /home/jay/Documents/AutoDriving-Planning-Control-Algorithm-Simulation-Carla/install/carla_waypoint_types/include/carla_waypoint_types/srv/detail/get_waypoint__traits.hpp
[5.396s] -- Installing: /home/jay/Documents/AutoDriving-Planning-Control-Algorithm-Simulation-Carla/install/carla_waypoint_types/include/carla_waypoint_types/srv/get_waypoint.hpp
[5.397s] -- Installing: /home/jay/Documents/AutoDriving-Planning-Control-Algorithm-Simulation-Carla/install/carla_waypoint_types/include/carla_waypoint_types/srv/get_actor_waypoint.hpp
[5.397s] -- Up-to-date: /home/jay/Documents/AutoDriving-Planning-Control-Algorithm-Simulation-Carla/install/carla_waypoint_types/include/carla_waypoint_types/msg
[5.397s] -- Up-to-date: /home/jay/Documents/AutoDriving-Planning-Control-Algorithm-Simulation-Carla/install/carla_waypoint_types/include/carla_waypoint_types/msg/detail
[5.397s] -- Installing: /home/jay/Documents/AutoDriving-Planning-Control-Algorithm-Simulation-Carla/install/carla_waypoint_types/include/carla_waypoint_types/msg/detail/carla_waypoint__struct.hpp
[5.397s] -- Installing: /home/jay/Documents/AutoDriving-Planning-Control-Algorithm-Simulation-Carla/install/carla_waypoint_types/include/carla_waypoint_types/msg/detail/carla_waypoint__builder.hpp
[5.397s] -- Installing: /home/jay/Documents/AutoDriving-Planning-Control-Algorithm-Simulation-Carla/install/carla_waypoint_types/include/carla_waypoint_types/msg/detail/carla_waypoint__traits.hpp
[5.397s] -- Installing: /home/jay/Documents/AutoDriving-Planning-Control-Algorithm-Simulation-Carla/install/carla_waypoint_types/include/carla_waypoint_types/msg/carla_waypoint.hpp
[5.397s] -- Up-to-date: /home/jay/Documents/AutoDriving-Planning-Control-Algorithm-Simulation-Carla/install/carla_waypoint_types/include/carla_waypoint_types
[5.397s] -- Up-to-date: /home/jay/Documents/AutoDriving-Planning-Control-Algorithm-Simulation-Carla/install/carla_waypoint_types/include/carla_waypoint_types/srv
[5.397s] -- Up-to-date: /home/jay/Documents/AutoDriving-Planning-Control-Algorithm-Simulation-Carla/install/carla_waypoint_types/include/carla_waypoint_types/srv/detail
[5.397s] -- Installing: /home/jay/Documents/AutoDriving-Planning-Control-Algorithm-Simulation-Carla/install/carla_waypoint_types/include/carla_waypoint_types/srv/detail/get_actor_waypoint__type_support.cpp
[5.397s] -- Installing: /home/jay/Documents/AutoDriving-Planning-Control-Algorithm-Simulation-Carla/install/carla_waypoint_types/include/carla_waypoint_types/srv/detail/get_waypoint__rosidl_typesupport_introspection_cpp.hpp
[5.397s] -- Installing: /home/jay/Documents/AutoDriving-Planning-Control-Algorithm-Simulation-Carla/install/carla_waypoint_types/include/carla_waypoint_types/srv/detail/get_waypoint__type_support.cpp
[5.397s] -- Installing: /home/jay/Documents/AutoDriving-Planning-Control-Algorithm-Simulation-Carla/install/carla_waypoint_types/include/carla_waypoint_types/srv/detail/get_actor_waypoint__rosidl_typesupport_introspection_cpp.hpp
[5.397s] -- Up-to-date: /home/jay/Documents/AutoDriving-Planning-Control-Algorithm-Simulation-Carla/install/carla_waypoint_types/include/carla_waypoint_types/msg
[5.397s] -- Up-to-date: /home/jay/Documents/AutoDriving-Planning-Control-Algorithm-Simulation-Carla/install/carla_waypoint_types/include/carla_waypoint_types/msg/detail
[5.397s] -- Installing: /home/jay/Documents/AutoDriving-Planning-Control-Algorithm-Simulation-Carla/install/carla_waypoint_types/include/carla_waypoint_types/msg/detail/carla_waypoint__rosidl_typesupport_introspection_cpp.hpp
[5.397s] -- Installing: /home/jay/Documents/AutoDriving-Planning-Control-Algorithm-Simulation-Carla/install/carla_waypoint_types/include/carla_waypoint_types/msg/detail/carla_waypoint__type_support.cpp
[5.398s] -- Installing: /home/jay/Documents/AutoDriving-Planning-Control-Algorithm-Simulation-Carla/install/carla_waypoint_types/lib/libcarla_waypoint_types__rosidl_typesupport_introspection_cpp.so
[5.398s] -- Set runtime path of "/home/jay/Documents/AutoDriving-Planning-Control-Algorithm-Simulation-Carla/install/carla_waypoint_types/lib/libcarla_waypoint_types__rosidl_typesupport_introspection_cpp.so" to ""
[5.398s] -- Installing: /home/jay/Documents/AutoDriving-Planning-Control-Algorithm-Simulation-Carla/install/carla_waypoint_types/lib/libcarla_waypoint_types__rosidl_typesupport_cpp.so
[5.398s] -- Set runtime path of "/home/jay/Documents/AutoDriving-Planning-Control-Algorithm-Simulation-Carla/install/carla_waypoint_types/lib/libcarla_waypoint_types__rosidl_typesupport_cpp.so" to ""
[5.398s] -- Installing: /home/jay/Documents/AutoDriving-Planning-Control-Algorithm-Simulation-Carla/install/carla_waypoint_types/share/carla_waypoint_types/environment/pythonpath.sh
[5.398s] -- Installing: /home/jay/Documents/AutoDriving-Planning-Control-Algorithm-Simulation-Carla/install/carla_waypoint_types/share/carla_waypoint_types/environment/pythonpath.dsv
[5.398s] -- Installing: /home/jay/Documents/AutoDriving-Planning-Control-Algorithm-Simulation-Carla/install/carla_waypoint_types/lib/python3.8/site-packages/carla_waypoint_types/__init__.py
[5.416s] Compiling '/home/jay/Documents/AutoDriving-Planning-Control-Algorithm-Simulation-Carla/install/carla_waypoint_types/lib/python3.8/site-packages/carla_waypoint_types/__init__.py'...
[5.419s] -- Installing: /home/jay/Documents/AutoDriving-Planning-Control-Algorithm-Simulation-Carla/install/carla_waypoint_types/lib/python3.8/site-packages/carla_waypoint_types/msg
[5.419s] -- Installing: /home/jay/Documents/AutoDriving-Planning-Control-Algorithm-Simulation-Carla/install/carla_waypoint_types/lib/python3.8/site-packages/carla_waypoint_types/msg/_carla_waypoint.py
[5.419s] -- Installing: /home/jay/Documents/AutoDriving-Planning-Control-Algorithm-Simulation-Carla/install/carla_waypoint_types/lib/python3.8/site-packages/carla_waypoint_types/msg/_carla_waypoint_s.c
[5.419s] -- Installing: /home/jay/Documents/AutoDriving-Planning-Control-Algorithm-Simulation-Carla/install/carla_waypoint_types/lib/python3.8/site-packages/carla_waypoint_types/msg/__init__.py
[5.419s] -- Installing: /home/jay/Documents/AutoDriving-Planning-Control-Algorithm-Simulation-Carla/install/carla_waypoint_types/lib/python3.8/site-packages/carla_waypoint_types/srv
[5.419s] -- Installing: /home/jay/Documents/AutoDriving-Planning-Control-Algorithm-Simulation-Carla/install/carla_waypoint_types/lib/python3.8/site-packages/carla_waypoint_types/srv/_get_waypoint_s.c
[5.419s] -- Installing: /home/jay/Documents/AutoDriving-Planning-Control-Algorithm-Simulation-Carla/install/carla_waypoint_types/lib/python3.8/site-packages/carla_waypoint_types/srv/_get_waypoint.py
[5.419s] -- Installing: /home/jay/Documents/AutoDriving-Planning-Control-Algorithm-Simulation-Carla/install/carla_waypoint_types/lib/python3.8/site-packages/carla_waypoint_types/srv/__init__.py
[5.419s] -- Installing: /home/jay/Documents/AutoDriving-Planning-Control-Algorithm-Simulation-Carla/install/carla_waypoint_types/lib/python3.8/site-packages/carla_waypoint_types/srv/_get_actor_waypoint_s.c
[5.419s] -- Installing: /home/jay/Documents/AutoDriving-Planning-Control-Algorithm-Simulation-Carla/install/carla_waypoint_types/lib/python3.8/site-packages/carla_waypoint_types/srv/_get_actor_waypoint.py
[5.420s] -- Installing: /home/jay/Documents/AutoDriving-Planning-Control-Algorithm-Simulation-Carla/install/carla_waypoint_types/lib/python3.8/site-packages/carla_waypoint_types/carla_waypoint_types_s__rosidl_typesupport_fastrtps_c.cpython-38-x86_64-linux-gnu.so
[5.420s] -- Set runtime path of "/home/jay/Documents/AutoDriving-Planning-Control-Algorithm-Simulation-Carla/install/carla_waypoint_types/lib/python3.8/site-packages/carla_waypoint_types/carla_waypoint_types_s__rosidl_typesupport_fastrtps_c.cpython-38-x86_64-linux-gnu.so" to ""
[5.420s] -- Installing: /home/jay/Documents/AutoDriving-Planning-Control-Algorithm-Simulation-Carla/install/carla_waypoint_types/lib/python3.8/site-packages/carla_waypoint_types/carla_waypoint_types_s__rosidl_typesupport_introspection_c.cpython-38-x86_64-linux-gnu.so
[5.421s] -- Set runtime path of "/home/jay/Documents/AutoDriving-Planning-Control-Algorithm-Simulation-Carla/install/carla_waypoint_types/lib/python3.8/site-packages/carla_waypoint_types/carla_waypoint_types_s__rosidl_typesupport_introspection_c.cpython-38-x86_64-linux-gnu.so" to ""
[5.421s] -- Installing: /home/jay/Documents/AutoDriving-Planning-Control-Algorithm-Simulation-Carla/install/carla_waypoint_types/lib/python3.8/site-packages/carla_waypoint_types/carla_waypoint_types_s__rosidl_typesupport_c.cpython-38-x86_64-linux-gnu.so
[5.421s] -- Set runtime path of "/home/jay/Documents/AutoDriving-Planning-Control-Algorithm-Simulation-Carla/install/carla_waypoint_types/lib/python3.8/site-packages/carla_waypoint_types/carla_waypoint_types_s__rosidl_typesupport_c.cpython-38-x86_64-linux-gnu.so" to ""
[5.421s] -- Installing: /home/jay/Documents/AutoDriving-Planning-Control-Algorithm-Simulation-Carla/install/carla_waypoint_types/lib/libcarla_waypoint_types__python.so
[5.422s] -- Set runtime path of "/home/jay/Documents/AutoDriving-Planning-Control-Algorithm-Simulation-Carla/install/carla_waypoint_types/lib/libcarla_waypoint_types__python.so" to ""
[5.422s] -- Installing: /home/jay/Documents/AutoDriving-Planning-Control-Algorithm-Simulation-Carla/install/carla_waypoint_types/share/carla_waypoint_types/msg/CarlaWaypoint.idl
[5.422s] -- Installing: /home/jay/Documents/AutoDriving-Planning-Control-Algorithm-Simulation-Carla/install/carla_waypoint_types/share/carla_waypoint_types/srv/GetWaypoint.idl
[5.422s] -- Installing: /home/jay/Documents/AutoDriving-Planning-Control-Algorithm-Simulation-Carla/install/carla_waypoint_types/share/carla_waypoint_types/srv/GetActorWaypoint.idl
[5.422s] -- Installing: /home/jay/Documents/AutoDriving-Planning-Control-Algorithm-Simulation-Carla/install/carla_waypoint_types/share/carla_waypoint_types/msg/CarlaWaypoint.msg
[5.422s] -- Installing: /home/jay/Documents/AutoDriving-Planning-Control-Algorithm-Simulation-Carla/install/carla_waypoint_types/share/carla_waypoint_types/srv/GetWaypoint.srv
[5.422s] -- Installing: /home/jay/Documents/AutoDriving-Planning-Control-Algorithm-Simulation-Carla/install/carla_waypoint_types/share/carla_waypoint_types/srv/GetWaypoint_Request.msg
[5.422s] -- Installing: /home/jay/Documents/AutoDriving-Planning-Control-Algorithm-Simulation-Carla/install/carla_waypoint_types/share/carla_waypoint_types/srv/GetWaypoint_Response.msg
[5.422s] -- Installing: /home/jay/Documents/AutoDriving-Planning-Control-Algorithm-Simulation-Carla/install/carla_waypoint_types/share/carla_waypoint_types/srv/GetActorWaypoint.srv
[5.422s] -- Installing: /home/jay/Documents/AutoDriving-Planning-Control-Algorithm-Simulation-Carla/install/carla_waypoint_types/share/carla_waypoint_types/srv/GetActorWaypoint_Request.msg
[5.423s] -- Installing: /home/jay/Documents/AutoDriving-Planning-Control-Algorithm-Simulation-Carla/install/carla_waypoint_types/share/carla_waypoint_types/srv/GetActorWaypoint_Response.msg
[5.423s] -- Installing: /home/jay/Documents/AutoDriving-Planning-Control-Algorithm-Simulation-Carla/install/carla_waypoint_types/share/ament_index/resource_index/package_run_dependencies/carla_waypoint_types
[5.423s] -- Installing: /home/jay/Documents/AutoDriving-Planning-Control-Algorithm-Simulation-Carla/install/carla_waypoint_types/share/ament_index/resource_index/parent_prefix_path/carla_waypoint_types
[5.423s] -- Installing: /home/jay/Documents/AutoDriving-Planning-Control-Algorithm-Simulation-Carla/install/carla_waypoint_types/share/carla_waypoint_types/environment/ament_prefix_path.sh
[5.423s] -- Installing: /home/jay/Documents/AutoDriving-Planning-Control-Algorithm-Simulation-Carla/install/carla_waypoint_types/share/carla_waypoint_types/environment/ament_prefix_path.dsv
[5.423s] -- Installing: /home/jay/Documents/AutoDriving-Planning-Control-Algorithm-Simulation-Carla/install/carla_waypoint_types/share/carla_waypoint_types/environment/path.sh
[5.423s] -- Installing: /home/jay/Documents/AutoDriving-Planning-Control-Algorithm-Simulation-Carla/install/carla_waypoint_types/share/carla_waypoint_types/environment/path.dsv
[5.423s] -- Installing: /home/jay/Documents/AutoDriving-Planning-Control-Algorithm-Simulation-Carla/install/carla_waypoint_types/share/carla_waypoint_types/local_setup.bash
[5.423s] -- Installing: /home/jay/Documents/AutoDriving-Planning-Control-Algorithm-Simulation-Carla/install/carla_waypoint_types/share/carla_waypoint_types/local_setup.sh
[5.423s] -- Installing: /home/jay/Documents/AutoDriving-Planning-Control-Algorithm-Simulation-Carla/install/carla_waypoint_types/share/carla_waypoint_types/local_setup.zsh
[5.424s] -- Installing: /home/jay/Documents/AutoDriving-Planning-Control-Algorithm-Simulation-Carla/install/carla_waypoint_types/share/carla_waypoint_types/local_setup.dsv
[5.424s] -- Installing: /home/jay/Documents/AutoDriving-Planning-Control-Algorithm-Simulation-Carla/install/carla_waypoint_types/share/carla_waypoint_types/package.dsv
[5.424s] -- Installing: /home/jay/Documents/AutoDriving-Planning-Control-Algorithm-Simulation-Carla/install/carla_waypoint_types/share/ament_index/resource_index/packages/carla_waypoint_types
[5.424s] -- Installing: /home/jay/Documents/AutoDriving-Planning-Control-Algorithm-Simulation-Carla/install/carla_waypoint_types/share/carla_waypoint_types/cmake/carla_waypoint_types__rosidl_generator_cExport.cmake
[5.424s] -- Installing: /home/jay/Documents/AutoDriving-Planning-Control-Algorithm-Simulation-Carla/install/carla_waypoint_types/share/carla_waypoint_types/cmake/carla_waypoint_types__rosidl_generator_cExport-noconfig.cmake
[5.424s] -- Installing: /home/jay/Documents/AutoDriving-Planning-Control-Algorithm-Simulation-Carla/install/carla_waypoint_types/share/carla_waypoint_types/cmake/carla_waypoint_types__rosidl_typesupport_introspection_cExport.cmake
[5.424s] -- Installing: /home/jay/Documents/AutoDriving-Planning-Control-Algorithm-Simulation-Carla/install/carla_waypoint_types/share/carla_waypoint_types/cmake/carla_waypoint_types__rosidl_typesupport_introspection_cExport-noconfig.cmake
[5.424s] -- Installing: /home/jay/Documents/AutoDriving-Planning-Control-Algorithm-Simulation-Carla/install/carla_waypoint_types/share/carla_waypoint_types/cmake/carla_waypoint_types__rosidl_typesupport_cExport.cmake
[5.425s] -- Installing: /home/jay/Documents/AutoDriving-Planning-Control-Algorithm-Simulation-Carla/install/carla_waypoint_types/share/carla_waypoint_types/cmake/carla_waypoint_types__rosidl_typesupport_cExport-noconfig.cmake
[5.425s] -- Installing: /home/jay/Documents/AutoDriving-Planning-Control-Algorithm-Simulation-Carla/install/carla_waypoint_types/share/carla_waypoint_types/cmake/carla_waypoint_types__rosidl_generator_cppExport.cmake
[5.425s] -- Installing: /home/jay/Documents/AutoDriving-Planning-Control-Algorithm-Simulation-Carla/install/carla_waypoint_types/share/carla_waypoint_types/cmake/carla_waypoint_types__rosidl_typesupport_introspection_cppExport.cmake
[5.425s] -- Installing: /home/jay/Documents/AutoDriving-Planning-Control-Algorithm-Simulation-Carla/install/carla_waypoint_types/share/carla_waypoint_types/cmake/carla_waypoint_types__rosidl_typesupport_introspection_cppExport-noconfig.cmake
[5.425s] -- Installing: /home/jay/Documents/AutoDriving-Planning-Control-Algorithm-Simulation-Carla/install/carla_waypoint_types/share/carla_waypoint_types/cmake/carla_waypoint_types__rosidl_typesupport_cppExport.cmake
[5.425s] -- Installing: /home/jay/Documents/AutoDriving-Planning-Control-Algorithm-Simulation-Carla/install/carla_waypoint_types/share/carla_waypoint_types/cmake/carla_waypoint_types__rosidl_typesupport_cppExport-noconfig.cmake
[5.425s] -- Installing: /home/jay/Documents/AutoDriving-Planning-Control-Algorithm-Simulation-Carla/install/carla_waypoint_types/share/carla_waypoint_types/cmake/rosidl_cmake-extras.cmake
[5.425s] -- Installing: /home/jay/Documents/AutoDriving-Planning-Control-Algorithm-Simulation-Carla/install/carla_waypoint_types/share/carla_waypoint_types/cmake/ament_cmake_export_dependencies-extras.cmake
[5.425s] -- Installing: /home/jay/Documents/AutoDriving-Planning-Control-Algorithm-Simulation-Carla/install/carla_waypoint_types/share/carla_waypoint_types/cmake/ament_cmake_export_libraries-extras.cmake
[5.426s] -- Installing: /home/jay/Documents/AutoDriving-Planning-Control-Algorithm-Simulation-Carla/install/carla_waypoint_types/share/carla_waypoint_types/cmake/ament_cmake_export_targets-extras.cmake
[5.426s] -- Installing: /home/jay/Documents/AutoDriving-Planning-Control-Algorithm-Simulation-Carla/install/carla_waypoint_types/share/carla_waypoint_types/cmake/ament_cmake_export_include_directories-extras.cmake
[5.426s] -- Installing: /home/jay/Documents/AutoDriving-Planning-Control-Algorithm-Simulation-Carla/install/carla_waypoint_types/share/carla_waypoint_types/cmake/rosidl_cmake_export_typesupport_libraries-extras.cmake
[5.426s] -- Installing: /home/jay/Documents/AutoDriving-Planning-Control-Algorithm-Simulation-Carla/install/carla_waypoint_types/share/carla_waypoint_types/cmake/rosidl_cmake_export_typesupport_targets-extras.cmake
[5.426s] -- Installing: /home/jay/Documents/AutoDriving-Planning-Control-Algorithm-Simulation-Carla/install/carla_waypoint_types/share/carla_waypoint_types/cmake/carla_waypoint_typesConfig.cmake
[5.426s] -- Installing: /home/jay/Documents/AutoDriving-Planning-Control-Algorithm-Simulation-Carla/install/carla_waypoint_types/share/carla_waypoint_types/cmake/carla_waypoint_typesConfig-version.cmake
[5.426s] -- Installing: /home/jay/Documents/AutoDriving-Planning-Control-Algorithm-Simulation-Carla/install/carla_waypoint_types/share/carla_waypoint_types/package.xml
[5.430s] Invoked command in '/home/jay/Documents/AutoDriving-Planning-Control-Algorithm-Simulation-Carla/build/carla_waypoint_types' returned '0': CMAKE_PREFIX_PATH=${CMAKE_PREFIX_PATH}:/home/jay/Documents/AutoDriving-Planning-Control-Algorithm-Simulation-Carla/install/rqt_carla_control:/home/jay/Documents/AutoDriving-Planning-Control-Algorithm-Simulation-Carla/install/carla_waypoint_publisher:/home/jay/Documents/AutoDriving-Planning-Control-Algorithm-Simulation-Carla/install/carla_ackermann_control:/home/jay/Documents/AutoDriving-Planning-Control-Algorithm-Simulation-Carla/install/carla_ros_bridge:/home/jay/Documents/AutoDriving-Planning-Control-Algorithm-Simulation-Carla/install/carla_spawn_objects:/home/jay/Documents/AutoDriving-Planning-Control-Algorithm-Simulation-Carla/install/carla_manual_control:/home/jay/Documents/AutoDriving-Planning-Control-Algorithm-Simulation-Carla/install/carla_l5player_bridge_ego_vis:/home/jay/Documents/AutoDriving-Planning-Control-Algorithm-Simulation-Carla/install/carla_ad_agent:/home/jay/Documents/AutoDriving-Planning-Control-Algorithm-Simulation-Carla/install/ros_compatibility:/home/jay/Documents/AutoDriving-Planning-Control-Algorithm-Simulation-Carla/install/carla_walker_agent:/home/jay/Documents/AutoDriving-Planning-Control-Algorithm-Simulation-Carla/install/carla_twist_to_control:/home/jay/Documents/AutoDriving-Planning-Control-Algorithm-Simulation-Carla/install/carla_ros_scenario_runner:/home/jay/Documents/AutoDriving-Planning-Control-Algorithm-Simulation-Carla/install/carla_common:/opt/ros/foxy /usr/bin/cmake --install /home/jay/Documents/AutoDriving-Planning-Control-Algorithm-Simulation-Carla/build/carla_waypoint_types
