[0.201s] DEBUG:colcon:Command line arguments: ['/usr/bin/colcon', 'build', '--packages-select', 'carla_l5player_bridge_ego_vis']
[0.201s] DEBUG:colcon:Parsed command line arguments: Namespace(allow_overriding=[], ament_cmake_args=None, base_paths=['.'], build_base='build', catkin_cmake_args=None, catkin_skip_building_tests=False, cmake_args=None, cmake_clean_cache=False, cmake_clean_first=False, cmake_force_configure=False, cmake_target=None, cmake_target_skip_unavailable=False, continue_on_error=False, event_handlers=None, executor='parallel', ignore_user_meta=False, install_base='install', log_base=None, log_level=None, main=<bound method BuildVerb.main of <colcon_core.verb.build.BuildVerb object at 0x7f5230b99b80>>, merge_install=False, metas=['./colcon.meta'], mixin=None, mixin_files=None, mixin_verb=('build',), packages_above=None, packages_above_and_dependencies=None, packages_above_depth=None, packages_end=None, packages_ignore=None, packages_ignore_regex=None, packages_select=['carla_l5player_bridge_ego_vis'], packages_select_build_failed=False, packages_select_by_dep=None, packages_select_regex=None, packages_select_test_failures=False, packages_skip=None, packages_skip_build_finished=False, packages_skip_by_dep=None, packages_skip_regex=None, packages_skip_test_passed=False, packages_skip_up_to=None, packages_start=None, packages_up_to=None, packages_up_to_regex=None, parallel_workers=24, paths=None, symlink_install=False, test_result_base=None, verb_extension=<colcon_core.verb.build.BuildVerb object at 0x7f5230b99b80>, verb_name='build', verb_parser=<colcon_mixin.mixin.mixin_argument.MixinArgumentDecorator object at 0x7f5230b2a190>)
[0.221s] Level 1:colcon.colcon_core.package_discovery:discover_packages(colcon_meta) check parameters
[0.221s] Level 1:colcon.colcon_core.package_discovery:discover_packages(recursive) check parameters
[0.221s] Level 1:colcon.colcon_core.package_discovery:discover_packages(ignore) check parameters
[0.221s] Level 1:colcon.colcon_core.package_discovery:discover_packages(path) check parameters
[0.221s] Level 1:colcon.colcon_core.package_discovery:discover_packages(colcon_meta) discover
[0.221s] Level 1:colcon.colcon_core.package_discovery:discover_packages(recursive) discover
[0.221s] INFO:colcon.colcon_core.package_discovery:Crawling recursively for packages in '/home/jay/Documents/AutoDriving-Planning-Control-Algorithm-Simulation-Carla/src/l5player_controler/carla_l5player_hybridastar_planner'
[0.221s] Level 1:colcon.colcon_core.package_identification:_identify(.) by extensions ['ignore', 'ignore_ament_install']
[0.221s] Level 1:colcon.colcon_core.package_identification:_identify(.) by extension 'ignore'
[0.221s] Level 1:colcon.colcon_core.package_identification:_identify(.) by extension 'ignore_ament_install'
[0.221s] Level 1:colcon.colcon_core.package_identification:_identify(.) by extensions ['colcon_pkg']
[0.221s] Level 1:colcon.colcon_core.package_identification:_identify(.) by extension 'colcon_pkg'
[0.221s] Level 1:colcon.colcon_core.package_identification:_identify(.) by extensions ['colcon_meta']
[0.221s] Level 1:colcon.colcon_core.package_identification:_identify(.) by extension 'colcon_meta'
[0.221s] Level 1:colcon.colcon_core.package_identification:_identify(.) by extensions ['ros']
[0.221s] Level 1:colcon.colcon_core.package_identification:_identify(.) by extension 'ros'
[0.229s] DEBUG:colcon.colcon_core.package_identification:Package '.' with type 'ros.ament_cmake' and name 'carla_l5player_hybridastar_planner'
[0.229s] Level 1:colcon.colcon_core.package_discovery:discover_packages(recursive) using defaults
[0.229s] Level 1:colcon.colcon_core.package_discovery:discover_packages(ignore) discover
[0.229s] Level 1:colcon.colcon_core.package_discovery:discover_packages(ignore) using defaults
[0.229s] Level 1:colcon.colcon_core.package_discovery:discover_packages(path) discover
[0.229s] Level 1:colcon.colcon_core.package_discovery:discover_packages(path) using defaults
[0.230s] WARNING:colcon.colcon_core.package_selection:ignoring unknown package 'carla_l5player_bridge_ego_vis' in --packages-select
[0.248s] INFO:colcon.colcon_core.package_selection:Skipping not selected package 'carla_l5player_hybridastar_planner' in '.'
[0.249s] Level 1:colcon.colcon_core.package_discovery:discover_packages(prefix_path) check parameters
[0.249s] Level 1:colcon.colcon_core.package_discovery:discover_packages(prefix_path) discover
[0.252s] DEBUG:colcon.colcon_installed_package_information.package_discovery:Found 258 installed packages in /opt/ros/foxy
[0.253s] Level 1:colcon.colcon_core.package_discovery:discover_packages(prefix_path) using defaults
[0.295s] INFO:colcon.colcon_core.executor:Executing jobs using 'parallel' executor
[0.297s] DEBUG:colcon.colcon_parallel_executor.executor.parallel:run_until_complete
[0.297s] DEBUG:colcon.colcon_parallel_executor.executor.parallel:closing loop
[0.297s] DEBUG:colcon.colcon_parallel_executor.executor.parallel:loop closed
[0.297s] DEBUG:colcon.colcon_parallel_executor.executor.parallel:run_until_complete finished with '0'
[0.297s] DEBUG:colcon.colcon_core.event_reactor:joining thread
[0.303s] INFO:colcon.colcon_core.plugin_system:Skipping extension 'colcon_notification.desktop_notification.terminal_notifier': Not used on non-Darwin systems
[0.303s] INFO:colcon.colcon_core.plugin_system:Skipping extension 'colcon_notification.desktop_notification.win32': Not used on non-Windows systems
[0.303s] INFO:colcon.colcon_notification.desktop_notification:Sending desktop notification using 'notify2'
[0.317s] DEBUG:colcon.colcon_core.event_reactor:joined thread
[0.324s] INFO:colcon.colcon_core.plugin_system:Skipping extension 'colcon_core.shell.bat': Not used on non-Windows systems
[0.324s] INFO:colcon.colcon_core.shell:Creating prefix script '/home/jay/Documents/AutoDriving-Planning-Control-Algorithm-Simulation-Carla/src/l5player_controler/carla_l5player_hybridastar_planner/install/local_setup.ps1'
[0.326s] INFO:colcon.colcon_core.shell:Creating prefix util module '/home/jay/Documents/AutoDriving-Planning-Control-Algorithm-Simulation-Carla/src/l5player_controler/carla_l5player_hybridastar_planner/install/_local_setup_util_ps1.py'
[0.327s] INFO:colcon.colcon_core.shell:Creating prefix chain script '/home/jay/Documents/AutoDriving-Planning-Control-Algorithm-Simulation-Carla/src/l5player_controler/carla_l5player_hybridastar_planner/install/setup.ps1'
[0.327s] INFO:colcon.colcon_core.shell:Creating prefix script '/home/jay/Documents/AutoDriving-Planning-Control-Algorithm-Simulation-Carla/src/l5player_controler/carla_l5player_hybridastar_planner/install/local_setup.sh'
[0.328s] INFO:colcon.colcon_core.shell:Creating prefix util module '/home/jay/Documents/AutoDriving-Planning-Control-Algorithm-Simulation-Carla/src/l5player_controler/carla_l5player_hybridastar_planner/install/_local_setup_util_sh.py'
[0.328s] INFO:colcon.colcon_core.shell:Creating prefix chain script '/home/jay/Documents/AutoDriving-Planning-Control-Algorithm-Simulation-Carla/src/l5player_controler/carla_l5player_hybridastar_planner/install/setup.sh'
[0.329s] INFO:colcon.colcon_core.shell:Creating prefix script '/home/jay/Documents/AutoDriving-Planning-Control-Algorithm-Simulation-Carla/src/l5player_controler/carla_l5player_hybridastar_planner/install/local_setup.bash'
[0.329s] INFO:colcon.colcon_core.shell:Creating prefix chain script '/home/jay/Documents/AutoDriving-Planning-Control-Algorithm-Simulation-Carla/src/l5player_controler/carla_l5player_hybridastar_planner/install/setup.bash'
[0.330s] INFO:colcon.colcon_core.shell:Creating prefix script '/home/jay/Documents/AutoDriving-Planning-Control-Algorithm-Simulation-Carla/src/l5player_controler/carla_l5player_hybridastar_planner/install/local_setup.zsh'
[0.330s] INFO:colcon.colcon_core.shell:Creating prefix chain script '/home/jay/Documents/AutoDriving-Planning-Control-Algorithm-Simulation-Carla/src/l5player_controler/carla_l5player_hybridastar_planner/install/setup.zsh'
