[100%] Built target mpc_lateral_longitudinal
-- Install configuration: ""
-- Up-to-date: /home/jay/Documents/AutoDriving-Planning-Control-Algorithm-Simulation-Carla/install/carla_l5player_mpc_controller/lib/carla_l5player_mpc_controller/mpc_lateral_longitudinal
-- Up-to-date: /home/jay/Documents/AutoDriving-Planning-Control-Algorithm-Simulation-Carla/install/carla_l5player_mpc_controller/share/carla_l5player_mpc_controller//launch
-- Up-to-date: /home/jay/Documents/AutoDriving-Planning-Control-Algorithm-Simulation-Carla/install/carla_l5player_mpc_controller/share/carla_l5player_mpc_controller//launch/mpc_launch.py
-- Up-to-date: /home/jay/Documents/AutoDriving-Planning-Control-Algorithm-Simulation-Carla/install/carla_l5player_mpc_controller/share/carla_l5player_mpc_controller//config
-- Up-to-date: /home/jay/Documents/AutoDriving-Planning-Control-Algorithm-Simulation-Carla/install/carla_l5player_mpc_controller/share/carla_l5player_mpc_controller//config/mpc_parameters_configuration.yaml
-- Up-to-date: /home/jay/Documents/AutoDriving-Planning-Control-Algorithm-Simulation-Carla/install/carla_l5player_mpc_controller/share/carla_l5player_mpc_controller//rviz
-- Up-to-date: /home/jay/Documents/AutoDriving-Planning-Control-Algorithm-Simulation-Carla/install/carla_l5player_mpc_controller/share/carla_l5player_mpc_controller//rviz/mpc_vis.rviz
-- Up-to-date: /home/jay/Documents/AutoDriving-Planning-Control-Algorithm-Simulation-Carla/install/carla_l5player_mpc_controller/share/ament_index/resource_index/package_run_dependencies/carla_l5player_mpc_controller
-- Up-to-date: /home/jay/Documents/AutoDriving-Planning-Control-Algorithm-Simulation-Carla/install/carla_l5player_mpc_controller/share/ament_index/resource_index/parent_prefix_path/carla_l5player_mpc_controller
-- Up-to-date: /home/jay/Documents/AutoDriving-Planning-Control-Algorithm-Simulation-Carla/install/carla_l5player_mpc_controller/share/carla_l5player_mpc_controller/environment/ament_prefix_path.sh
-- Up-to-date: /home/jay/Documents/AutoDriving-Planning-Control-Algorithm-Simulation-Carla/install/carla_l5player_mpc_controller/share/carla_l5player_mpc_controller/environment/ament_prefix_path.dsv
-- Up-to-date: /home/jay/Documents/AutoDriving-Planning-Control-Algorithm-Simulation-Carla/install/carla_l5player_mpc_controller/share/carla_l5player_mpc_controller/environment/path.sh
-- Up-to-date: /home/jay/Documents/AutoDriving-Planning-Control-Algorithm-Simulation-Carla/install/carla_l5player_mpc_controller/share/carla_l5player_mpc_controller/environment/path.dsv
-- Up-to-date: /home/jay/Documents/AutoDriving-Planning-Control-Algorithm-Simulation-Carla/install/carla_l5player_mpc_controller/share/carla_l5player_mpc_controller/local_setup.bash
-- Up-to-date: /home/jay/Documents/AutoDriving-Planning-Control-Algorithm-Simulation-Carla/install/carla_l5player_mpc_controller/share/carla_l5player_mpc_controller/local_setup.sh
-- Up-to-date: /home/jay/Documents/AutoDriving-Planning-Control-Algorithm-Simulation-Carla/install/carla_l5player_mpc_controller/share/carla_l5player_mpc_controller/local_setup.zsh
-- Up-to-date: /home/jay/Documents/AutoDriving-Planning-Control-Algorithm-Simulation-Carla/install/carla_l5player_mpc_controller/share/carla_l5player_mpc_controller/local_setup.dsv
-- Installing: /home/jay/Documents/AutoDriving-Planning-Control-Algorithm-Simulation-Carla/install/carla_l5player_mpc_controller/share/carla_l5player_mpc_controller/package.dsv
-- Up-to-date: /home/jay/Documents/AutoDriving-Planning-Control-Algorithm-Simulation-Carla/install/carla_l5player_mpc_controller/share/ament_index/resource_index/packages/carla_l5player_mpc_controller
-- Up-to-date: /home/jay/Documents/AutoDriving-Planning-Control-Algorithm-Simulation-Carla/install/carla_l5player_mpc_controller/share/carla_l5player_mpc_controller/cmake/carla_l5player_mpc_controllerConfig.cmake
-- Up-to-date: /home/jay/Documents/AutoDriving-Planning-Control-Algorithm-Simulation-Carla/install/carla_l5player_mpc_controller/share/carla_l5player_mpc_controller/cmake/carla_l5player_mpc_controllerConfig-version.cmake
-- Up-to-date: /home/jay/Documents/AutoDriving-Planning-Control-Algorithm-Simulation-Carla/install/carla_l5player_mpc_controller/share/carla_l5player_mpc_controller/package.xml
