/home/jay/Documents/AutoDriving-Planning-Control-Algorithm-Simulation-Carla/install/carla_l5player_bridge_ego_vis/lib/python3.8/site-packages/carla_l5player_bridge_ego_vis/hybridastar_initial_wolrd_node.py
/home/jay/Documents/AutoDriving-Planning-Control-Algorithm-Simulation-Carla/install/carla_l5player_bridge_ego_vis/lib/python3.8/site-packages/carla_l5player_bridge_ego_vis/carla_l5player_vis_ego_vehicle.py
/home/jay/Documents/AutoDriving-Planning-Control-Algorithm-Simulation-Carla/install/carla_l5player_bridge_ego_vis/lib/python3.8/site-packages/carla_l5player_bridge_ego_vis/longitudinal_control_pid.py
/home/jay/Documents/AutoDriving-Planning-Control-Algorithm-Simulation-Carla/install/carla_l5player_bridge_ego_vis/lib/python3.8/site-packages/carla_l5player_bridge_ego_vis/__init__.py
/home/jay/Documents/AutoDriving-Planning-Control-Algorithm-Simulation-Carla/install/carla_l5player_bridge_ego_vis/lib/python3.8/site-packages/carla_l5player_bridge_ego_vis/official_demo.py
/home/jay/Documents/AutoDriving-Planning-Control-Algorithm-Simulation-Carla/install/carla_l5player_bridge_ego_vis/lib/python3.8/site-packages/carla_l5player_bridge_ego_vis/reference_line_recorder.py
/home/jay/Documents/AutoDriving-Planning-Control-Algorithm-Simulation-Carla/install/carla_l5player_bridge_ego_vis/lib/python3.8/site-packages/carla_l5player_bridge_ego_vis/__pycache__/hybridastar_initial_wolrd_node.cpython-38.pyc
/home/jay/Documents/AutoDriving-Planning-Control-Algorithm-Simulation-Carla/install/carla_l5player_bridge_ego_vis/lib/python3.8/site-packages/carla_l5player_bridge_ego_vis/__pycache__/carla_l5player_vis_ego_vehicle.cpython-38.pyc
/home/jay/Documents/AutoDriving-Planning-Control-Algorithm-Simulation-Carla/install/carla_l5player_bridge_ego_vis/lib/python3.8/site-packages/carla_l5player_bridge_ego_vis/__pycache__/longitudinal_control_pid.cpython-38.pyc
/home/jay/Documents/AutoDriving-Planning-Control-Algorithm-Simulation-Carla/install/carla_l5player_bridge_ego_vis/lib/python3.8/site-packages/carla_l5player_bridge_ego_vis/__pycache__/__init__.cpython-38.pyc
/home/jay/Documents/AutoDriving-Planning-Control-Algorithm-Simulation-Carla/install/carla_l5player_bridge_ego_vis/lib/python3.8/site-packages/carla_l5player_bridge_ego_vis/__pycache__/official_demo.cpython-38.pyc
/home/jay/Documents/AutoDriving-Planning-Control-Algorithm-Simulation-Carla/install/carla_l5player_bridge_ego_vis/lib/python3.8/site-packages/carla_l5player_bridge_ego_vis/__pycache__/reference_line_recorder.cpython-38.pyc
/home/jay/Documents/AutoDriving-Planning-Control-Algorithm-Simulation-Carla/install/carla_l5player_bridge_ego_vis/share/ament_index/resource_index/packages/carla_l5player_bridge_ego_vis
/home/jay/Documents/AutoDriving-Planning-Control-Algorithm-Simulation-Carla/install/carla_l5player_bridge_ego_vis/share/carla_l5player_bridge_ego_vis/package.xml
/home/jay/Documents/AutoDriving-Planning-Control-Algorithm-Simulation-Carla/install/carla_l5player_bridge_ego_vis/share/carla_l5player_bridge_ego_vis/carla_bridge_ego_vehilce.launch.py
/home/jay/Documents/AutoDriving-Planning-Control-Algorithm-Simulation-Carla/install/carla_l5player_bridge_ego_vis/share/carla_l5player_bridge_ego_vis/carla_bridge_ego_vehicle_park.launch.py
/home/jay/Documents/AutoDriving-Planning-Control-Algorithm-Simulation-Carla/install/carla_l5player_bridge_ego_vis/share/carla_l5player_bridge_ego_vis/command_control.launch.py
/home/jay/Documents/AutoDriving-Planning-Control-Algorithm-Simulation-Carla/install/carla_l5player_bridge_ego_vis/share/carla_l5player_bridge_ego_vis/reference_line_recorder.launch.py
/home/jay/Documents/AutoDriving-Planning-Control-Algorithm-Simulation-Carla/install/carla_l5player_bridge_ego_vis/share/carla_l5player_bridge_ego_vis/carla_l5player_vis_ego_vehicle.launch.py
/home/jay/Documents/AutoDriving-Planning-Control-Algorithm-Simulation-Carla/install/carla_l5player_bridge_ego_vis/share/carla_l5player_bridge_ego_vis/carla_recorder_ego_vehicle.launch.py
/home/jay/Documents/AutoDriving-Planning-Control-Algorithm-Simulation-Carla/install/carla_l5player_bridge_ego_vis/lib/python3.8/site-packages/carla_l5player_bridge_ego_vis-0.0.0-py3.8.egg-info/SOURCES.txt
/home/jay/Documents/AutoDriving-Planning-Control-Algorithm-Simulation-Carla/install/carla_l5player_bridge_ego_vis/lib/python3.8/site-packages/carla_l5player_bridge_ego_vis-0.0.0-py3.8.egg-info/entry_points.txt
/home/jay/Documents/AutoDriving-Planning-Control-Algorithm-Simulation-Carla/install/carla_l5player_bridge_ego_vis/lib/python3.8/site-packages/carla_l5player_bridge_ego_vis-0.0.0-py3.8.egg-info/requires.txt
/home/jay/Documents/AutoDriving-Planning-Control-Algorithm-Simulation-Carla/install/carla_l5player_bridge_ego_vis/lib/python3.8/site-packages/carla_l5player_bridge_ego_vis-0.0.0-py3.8.egg-info/top_level.txt
/home/jay/Documents/AutoDriving-Planning-Control-Algorithm-Simulation-Carla/install/carla_l5player_bridge_ego_vis/lib/python3.8/site-packages/carla_l5player_bridge_ego_vis-0.0.0-py3.8.egg-info/PKG-INFO
/home/jay/Documents/AutoDriving-Planning-Control-Algorithm-Simulation-Carla/install/carla_l5player_bridge_ego_vis/lib/python3.8/site-packages/carla_l5player_bridge_ego_vis-0.0.0-py3.8.egg-info/dependency_links.txt
/home/jay/Documents/AutoDriving-Planning-Control-Algorithm-Simulation-Carla/install/carla_l5player_bridge_ego_vis/lib/python3.8/site-packages/carla_l5player_bridge_ego_vis-0.0.0-py3.8.egg-info/zip-safe
/home/jay/Documents/AutoDriving-Planning-Control-Algorithm-Simulation-Carla/install/carla_l5player_bridge_ego_vis/lib/carla_l5player_bridge_ego_vis/carla_l5player_vis_ego_vehicle
/home/jay/Documents/AutoDriving-Planning-Control-Algorithm-Simulation-Carla/install/carla_l5player_bridge_ego_vis/lib/carla_l5player_bridge_ego_vis/hybridastar_initial_wolrd_node
/home/jay/Documents/AutoDriving-Planning-Control-Algorithm-Simulation-Carla/install/carla_l5player_bridge_ego_vis/lib/carla_l5player_bridge_ego_vis/longitudinal_control_pid
/home/jay/Documents/AutoDriving-Planning-Control-Algorithm-Simulation-Carla/install/carla_l5player_bridge_ego_vis/lib/carla_l5player_bridge_ego_vis/reference_line_recorder
